mode: set
github.com/bzdvdn/draftrag/examples/index-dir/main.go:41.13,49.18 7 0
github.com/bzdvdn/draftrag/examples/index-dir/main.go:49.18,53.3 3 0
github.com/bzdvdn/draftrag/examples/index-dir/main.go:55.2,58.16 3 0
github.com/bzdvdn/draftrag/examples/index-dir/main.go:58.16,60.3 1 0
github.com/bzdvdn/draftrag/examples/index-dir/main.go:61.2,61.20 1 0
github.com/bzdvdn/draftrag/examples/index-dir/main.go:61.20,63.3 1 0
github.com/bzdvdn/draftrag/examples/index-dir/main.go:64.2,88.50 7 0
github.com/bzdvdn/draftrag/examples/index-dir/main.go:88.50,90.3 1 0
github.com/bzdvdn/draftrag/examples/index-dir/main.go:91.2,96.16 5 0
github.com/bzdvdn/draftrag/examples/index-dir/main.go:96.16,98.3 1 0
github.com/bzdvdn/draftrag/examples/index-dir/main.go:100.2,102.29 2 0
github.com/bzdvdn/draftrag/examples/index-dir/main.go:102.29,104.36 2 0
github.com/bzdvdn/draftrag/examples/index-dir/main.go:104.36,111.4 1 0
github.com/bzdvdn/draftrag/examples/index-dir/main.go:115.61,117.81 2 0
github.com/bzdvdn/draftrag/examples/index-dir/main.go:117.81,118.17 1 0
github.com/bzdvdn/draftrag/examples/index-dir/main.go:118.17,120.4 1 0
github.com/bzdvdn/draftrag/examples/index-dir/main.go:121.3,121.73 1 0
github.com/bzdvdn/draftrag/examples/index-dir/main.go:121.73,123.4 1 0
github.com/bzdvdn/draftrag/examples/index-dir/main.go:125.3,126.17 2 0
github.com/bzdvdn/draftrag/examples/index-dir/main.go:126.17,129.4 2 0
github.com/bzdvdn/draftrag/examples/index-dir/main.go:130.3,131.20 2 0
github.com/bzdvdn/draftrag/examples/index-dir/main.go:131.20,133.4 1 0
github.com/bzdvdn/draftrag/examples/index-dir/main.go:135.3,143.13 2 0
github.com/bzdvdn/draftrag/examples/index-dir/main.go:145.2,145.18 1 0
github.com/bzdvdn/draftrag/examples/index-dir/main.go:148.39,150.21 2 0
github.com/bzdvdn/draftrag/examples/index-dir/main.go:150.21,152.3 1 0
github.com/bzdvdn/draftrag/examples/index-dir/main.go:153.2,153.34 1 0
github.com/bzdvdn/draftrag/examples/index-dir/main.go:156.43,157.34 1 0
github.com/bzdvdn/draftrag/examples/index-dir/main.go:157.34,159.3 1 0
github.com/bzdvdn/draftrag/examples/index-dir/main.go:160.2,160.12 1 0
github.com/bzdvdn/draftrag/examples/index-dir/main.go:163.33,165.13 2 0
github.com/bzdvdn/draftrag/examples/index-dir/main.go:165.13,167.3 1 0
github.com/bzdvdn/draftrag/examples/index-dir/main.go:168.2,168.10 1 0
github.com/bzdvdn/draftrag/examples/index-dir/main.go:171.41,174.2 2 0
github.com/bzdvdn/draftrag/examples/chat/main.go:79.13,104.59 7 0
github.com/bzdvdn/draftrag/examples/chat/main.go:104.59,106.3 1 0
github.com/bzdvdn/draftrag/examples/chat/main.go:107.2,113.6 5 0
github.com/bzdvdn/draftrag/examples/chat/main.go:113.6,115.22 2 0
github.com/bzdvdn/draftrag/examples/chat/main.go:115.22,116.9 1 0
github.com/bzdvdn/draftrag/examples/chat/main.go:118.3,119.21 2 0
github.com/bzdvdn/draftrag/examples/chat/main.go:119.21,120.12 1 0
github.com/bzdvdn/draftrag/examples/chat/main.go:123.3,124.17 2 0
github.com/bzdvdn/draftrag/examples/chat/main.go:124.17,126.12 2 0
github.com/bzdvdn/draftrag/examples/chat/main.go:129.3,131.25 2 0
github.com/bzdvdn/draftrag/examples/chat/main.go:131.25,134.32 3 0
github.com/bzdvdn/draftrag/examples/chat/main.go:134.32,136.17 2 0
github.com/bzdvdn/draftrag/examples/chat/main.go:136.17,137.14 1 0
github.com/bzdvdn/draftrag/examples/chat/main.go:139.5,140.72 2 0
github.com/bzdvdn/draftrag/examples/chat/main.go:144.3,144.41 1 0
github.com/bzdvdn/draftrag/examples/chat/main.go:148.43,149.34 1 0
github.com/bzdvdn/draftrag/examples/chat/main.go:149.34,151.3 1 0
github.com/bzdvdn/draftrag/examples/chat/main.go:152.2,152.12 1 0
github.com/bzdvdn/draftrag/examples/chat/main.go:155.33,157.13 2 0
github.com/bzdvdn/draftrag/examples/chat/main.go:157.13,159.3 1 0
github.com/bzdvdn/draftrag/examples/chat/main.go:160.2,160.10 1 0
github.com/bzdvdn/draftrag/examples/chat/main.go:163.41,166.2 2 0
github.com/bzdvdn/draftrag/examples/pgvector/main.go:79.13,87.16 6 0
github.com/bzdvdn/draftrag/examples/pgvector/main.go:87.16,89.3 1 0
github.com/bzdvdn/draftrag/examples/pgvector/main.go:90.2,92.44 2 0
github.com/bzdvdn/draftrag/examples/pgvector/main.go:92.44,94.3 1 0
github.com/bzdvdn/draftrag/examples/pgvector/main.go:95.2,104.17 3 0
github.com/bzdvdn/draftrag/examples/pgvector/main.go:104.17,106.3 1 0
github.com/bzdvdn/draftrag/examples/pgvector/main.go:107.2,135.55 7 0
github.com/bzdvdn/draftrag/examples/pgvector/main.go:135.55,137.3 1 0
github.com/bzdvdn/draftrag/examples/pgvector/main.go:138.2,143.6 5 0
github.com/bzdvdn/draftrag/examples/pgvector/main.go:143.6,145.22 2 0
github.com/bzdvdn/draftrag/examples/pgvector/main.go:145.22,146.9 1 0
github.com/bzdvdn/draftrag/examples/pgvector/main.go:148.3,149.21 2 0
github.com/bzdvdn/draftrag/examples/pgvector/main.go:149.21,150.12 1 0
github.com/bzdvdn/draftrag/examples/pgvector/main.go:153.3,154.17 2 0
github.com/bzdvdn/draftrag/examples/pgvector/main.go:154.17,156.12 2 0
github.com/bzdvdn/draftrag/examples/pgvector/main.go:159.3,161.30 2 0
github.com/bzdvdn/draftrag/examples/pgvector/main.go:161.30,163.37 2 0
github.com/bzdvdn/draftrag/examples/pgvector/main.go:163.37,165.5 1 0
github.com/bzdvdn/draftrag/examples/pgvector/main.go:168.3,168.41 1 0
github.com/bzdvdn/draftrag/examples/pgvector/main.go:172.43,173.34 1 0
github.com/bzdvdn/draftrag/examples/pgvector/main.go:173.34,175.3 1 0
github.com/bzdvdn/draftrag/examples/pgvector/main.go:176.2,176.12 1 0
github.com/bzdvdn/draftrag/examples/pgvector/main.go:179.47,180.34 1 0
github.com/bzdvdn/draftrag/examples/pgvector/main.go:180.34,182.26 2 0
github.com/bzdvdn/draftrag/examples/pgvector/main.go:182.26,184.4 1 0
github.com/bzdvdn/draftrag/examples/pgvector/main.go:186.2,186.12 1 0
github.com/bzdvdn/draftrag/examples/pgvector/main.go:189.33,191.13 2 0
github.com/bzdvdn/draftrag/examples/pgvector/main.go:191.13,193.3 1 0
github.com/bzdvdn/draftrag/examples/pgvector/main.go:194.2,194.10 1 0
github.com/bzdvdn/draftrag/examples/pgvector/main.go:197.41,200.2 2 0
github.com/bzdvdn/draftrag/examples/qdrant/main.go:71.13,88.16 8 0
github.com/bzdvdn/draftrag/examples/qdrant/main.go:88.16,90.3 1 0
github.com/bzdvdn/draftrag/examples/qdrant/main.go:91.2,91.13 1 0
github.com/bzdvdn/draftrag/examples/qdrant/main.go:91.13,93.62 2 0
github.com/bzdvdn/draftrag/examples/qdrant/main.go:93.62,95.4 1 0
github.com/bzdvdn/draftrag/examples/qdrant/main.go:96.3,96.52 1 0
github.com/bzdvdn/draftrag/examples/qdrant/main.go:97.8,99.3 1 0
github.com/bzdvdn/draftrag/examples/qdrant/main.go:101.2,102.16 2 0
github.com/bzdvdn/draftrag/examples/qdrant/main.go:102.16,104.3 1 0
github.com/bzdvdn/draftrag/examples/qdrant/main.go:106.2,127.55 5 0
github.com/bzdvdn/draftrag/examples/qdrant/main.go:127.55,129.48 1 0
github.com/bzdvdn/draftrag/examples/qdrant/main.go:129.48,131.4 1 0
github.com/bzdvdn/draftrag/examples/qdrant/main.go:132.3,132.57 1 0
github.com/bzdvdn/draftrag/examples/qdrant/main.go:134.2,139.6 5 0
github.com/bzdvdn/draftrag/examples/qdrant/main.go:139.6,141.22 2 0
github.com/bzdvdn/draftrag/examples/qdrant/main.go:141.22,142.9 1 0
github.com/bzdvdn/draftrag/examples/qdrant/main.go:144.3,145.21 2 0
github.com/bzdvdn/draftrag/examples/qdrant/main.go:145.21,146.12 1 0
github.com/bzdvdn/draftrag/examples/qdrant/main.go:149.3,150.17 2 0
github.com/bzdvdn/draftrag/examples/qdrant/main.go:150.17,151.55 1 0
github.com/bzdvdn/draftrag/examples/qdrant/main.go:151.55,153.13 2 0
github.com/bzdvdn/draftrag/examples/qdrant/main.go:155.4,156.12 2 0
github.com/bzdvdn/draftrag/examples/qdrant/main.go:159.3,161.30 2 0
github.com/bzdvdn/draftrag/examples/qdrant/main.go:161.30,163.37 2 0
github.com/bzdvdn/draftrag/examples/qdrant/main.go:163.37,165.5 1 0
github.com/bzdvdn/draftrag/examples/qdrant/main.go:168.3,168.41 1 0
github.com/bzdvdn/draftrag/examples/qdrant/main.go:172.43,173.34 1 0
github.com/bzdvdn/draftrag/examples/qdrant/main.go:173.34,175.3 1 0
github.com/bzdvdn/draftrag/examples/qdrant/main.go:176.2,176.12 1 0
github.com/bzdvdn/draftrag/examples/qdrant/main.go:179.47,180.34 1 0
github.com/bzdvdn/draftrag/examples/qdrant/main.go:180.34,182.26 2 0
github.com/bzdvdn/draftrag/examples/qdrant/main.go:182.26,184.4 1 0
github.com/bzdvdn/draftrag/examples/qdrant/main.go:186.2,186.12 1 0
github.com/bzdvdn/draftrag/examples/qdrant/main.go:189.33,191.13 2 0
github.com/bzdvdn/draftrag/examples/qdrant/main.go:191.13,193.3 1 0
github.com/bzdvdn/draftrag/examples/qdrant/main.go:194.2,194.10 1 0
github.com/bzdvdn/draftrag/examples/qdrant/main.go:197.41,200.2 2 0
github.com/bzdvdn/draftrag/internal/domain/logger.go:32.92,37.2 4 1
github.com/bzdvdn/draftrag/internal/domain/logger.go:40.26,42.2 1 1
github.com/bzdvdn/draftrag/internal/domain/logger.go:47.98,48.19 1 1
github.com/bzdvdn/draftrag/internal/domain/logger.go:48.19,50.3 1 1
github.com/bzdvdn/draftrag/internal/domain/logger.go:51.2,51.15 1 1
github.com/bzdvdn/draftrag/internal/domain/logger.go:51.15,53.3 1 1
github.com/bzdvdn/draftrag/internal/domain/logger.go:54.2,54.40 1 1
github.com/bzdvdn/draftrag/internal/domain/models.go:48.36,49.16 1 1
github.com/bzdvdn/draftrag/internal/domain/models.go:49.16,51.3 1 1
github.com/bzdvdn/draftrag/internal/domain/models.go:52.2,52.21 1 1
github.com/bzdvdn/draftrag/internal/domain/models.go:52.21,54.3 1 1
github.com/bzdvdn/draftrag/internal/domain/models.go:55.2,55.12 1 1
github.com/bzdvdn/draftrag/internal/domain/models.go:73.33,74.16 1 1
github.com/bzdvdn/draftrag/internal/domain/models.go:74.16,76.3 1 1
github.com/bzdvdn/draftrag/internal/domain/models.go:77.2,77.21 1 1
github.com/bzdvdn/draftrag/internal/domain/models.go:77.21,79.3 1 1
github.com/bzdvdn/draftrag/internal/domain/models.go:80.2,80.22 1 1
github.com/bzdvdn/draftrag/internal/domain/models.go:80.22,82.3 1 1
github.com/bzdvdn/draftrag/internal/domain/models.go:83.2,83.12 1 1
github.com/bzdvdn/draftrag/internal/domain/models.go:104.33,105.18 1 1
github.com/bzdvdn/draftrag/internal/domain/models.go:105.18,107.3 1 1
github.com/bzdvdn/draftrag/internal/domain/models.go:108.2,108.17 1 1
github.com/bzdvdn/draftrag/internal/domain/models.go:108.17,110.3 1 1
github.com/bzdvdn/draftrag/internal/domain/models.go:111.2,111.12 1 1
github.com/bzdvdn/draftrag/internal/domain/models.go:167.40,168.50 1 1
github.com/bzdvdn/draftrag/internal/domain/models.go:168.50,170.3 1 1
github.com/bzdvdn/draftrag/internal/domain/models.go:171.2,171.16 1 1
github.com/bzdvdn/draftrag/internal/domain/models.go:171.16,173.3 1 1
github.com/bzdvdn/draftrag/internal/domain/models.go:174.2,174.20 1 1
github.com/bzdvdn/draftrag/internal/domain/models.go:174.20,176.3 1 1
github.com/bzdvdn/draftrag/internal/domain/models.go:177.2,177.12 1 1
github.com/bzdvdn/draftrag/internal/domain/models.go:181.41,188.2 1 1
github.com/bzdvdn/draftrag/internal/domain/redaction.go:9.47,11.18 2 1
github.com/bzdvdn/draftrag/internal/domain/redaction.go:11.18,13.3 1 1
github.com/bzdvdn/draftrag/internal/domain/redaction.go:14.2,14.57 1 1
github.com/bzdvdn/draftrag/internal/domain/redaction.go:18.59,19.28 1 1
github.com/bzdvdn/draftrag/internal/domain/redaction.go:19.28,21.3 1 1
github.com/bzdvdn/draftrag/internal/domain/redaction.go:22.2,22.13 1 1
github.com/bzdvdn/draftrag/internal/infrastructure/chunker/basic.go:22.79,28.2 1 1
github.com/bzdvdn/draftrag/internal/infrastructure/chunker/basic.go:31.100,32.16 1 1
github.com/bzdvdn/draftrag/internal/infrastructure/chunker/basic.go:32.16,33.23 1 0
github.com/bzdvdn/draftrag/internal/infrastructure/chunker/basic.go:35.2,35.34 1 1
github.com/bzdvdn/draftrag/internal/infrastructure/chunker/basic.go:35.34,37.3 1 1
github.com/bzdvdn/draftrag/internal/infrastructure/chunker/basic.go:41.2,42.28 2 1
github.com/bzdvdn/draftrag/internal/infrastructure/chunker/basic.go:42.28,44.3 1 0
github.com/bzdvdn/draftrag/internal/infrastructure/chunker/basic.go:46.2,50.32 4 1
github.com/bzdvdn/draftrag/internal/infrastructure/chunker/basic.go:50.32,51.35 1 1
github.com/bzdvdn/draftrag/internal/infrastructure/chunker/basic.go:51.35,53.4 1 0
github.com/bzdvdn/draftrag/internal/infrastructure/chunker/basic.go:54.3,54.52 1 1
github.com/bzdvdn/draftrag/internal/infrastructure/chunker/basic.go:54.52,55.9 1 1
github.com/bzdvdn/draftrag/internal/infrastructure/chunker/basic.go:58.3,59.30 2 1
github.com/bzdvdn/draftrag/internal/infrastructure/chunker/basic.go:59.30,61.4 1 1
github.com/bzdvdn/draftrag/internal/infrastructure/chunker/basic.go:63.3,64.17 2 1
github.com/bzdvdn/draftrag/internal/infrastructure/chunker/basic.go:64.17,72.4 2 1
github.com/bzdvdn/draftrag/internal/infrastructure/chunker/basic.go:74.3,74.31 1 1
github.com/bzdvdn/draftrag/internal/infrastructure/chunker/basic.go:74.31,75.9 1 1
github.com/bzdvdn/draftrag/internal/infrastructure/chunker/basic.go:78.3,78.20 1 1
github.com/bzdvdn/draftrag/internal/infrastructure/chunker/basic.go:78.20,81.26 2 1
github.com/bzdvdn/draftrag/internal/infrastructure/chunker/basic.go:81.26,83.5 1 0
github.com/bzdvdn/draftrag/internal/infrastructure/chunker/basic.go:84.4,84.21 1 1
github.com/bzdvdn/draftrag/internal/infrastructure/chunker/basic.go:85.9,87.4 1 1
github.com/bzdvdn/draftrag/internal/infrastructure/chunker/basic.go:90.2,90.20 1 1
github.com/bzdvdn/draftrag/internal/infrastructure/embedder/cache/cache.go:27.89,28.21 1 1
github.com/bzdvdn/draftrag/internal/infrastructure/embedder/cache/cache.go:28.21,30.3 1 1
github.com/bzdvdn/draftrag/internal/infrastructure/embedder/cache/cache.go:32.2,38.27 2 1
github.com/bzdvdn/draftrag/internal/infrastructure/embedder/cache/cache.go:38.27,40.3 1 1
github.com/bzdvdn/draftrag/internal/infrastructure/embedder/cache/cache.go:43.2,45.15 2 1
github.com/bzdvdn/draftrag/internal/infrastructure/embedder/cache/cache.go:52.84,57.39 2 1
github.com/bzdvdn/draftrag/internal/infrastructure/embedder/cache/cache.go:57.39,60.3 2 1
github.com/bzdvdn/draftrag/internal/infrastructure/embedder/cache/cache.go:63.2,63.45 1 1
github.com/bzdvdn/draftrag/internal/infrastructure/embedder/cache/cache.go:63.45,65.23 2 1
github.com/bzdvdn/draftrag/internal/infrastructure/embedder/cache/cache.go:65.23,70.4 3 1
github.com/bzdvdn/draftrag/internal/infrastructure/embedder/cache/cache.go:71.3,71.17 1 1
github.com/bzdvdn/draftrag/internal/infrastructure/embedder/cache/cache.go:71.17,74.34 3 1
github.com/bzdvdn/draftrag/internal/infrastructure/embedder/cache/cache.go:74.34,76.5 1 1
github.com/bzdvdn/draftrag/internal/infrastructure/embedder/cache/cache.go:78.4,79.22 2 1
github.com/bzdvdn/draftrag/internal/infrastructure/embedder/cache/cache.go:79.22,81.5 1 1
github.com/bzdvdn/draftrag/internal/infrastructure/embedder/cache/cache.go:84.4,89.5 1 1
github.com/bzdvdn/draftrag/internal/infrastructure/embedder/cache/cache.go:94.2,95.16 2 1
github.com/bzdvdn/draftrag/internal/infrastructure/embedder/cache/cache.go:95.16,97.3 1 1
github.com/bzdvdn/draftrag/internal/infrastructure/embedder/cache/cache.go:100.2,103.45 2 1
github.com/bzdvdn/draftrag/internal/infrastructure/embedder/cache/cache.go:103.45,104.54 1 1
github.com/bzdvdn/draftrag/internal/infrastructure/embedder/cache/cache.go:104.54,106.22 2 1
github.com/bzdvdn/draftrag/internal/infrastructure/embedder/cache/cache.go:106.22,108.5 1 1
github.com/bzdvdn/draftrag/internal/infrastructure/embedder/cache/cache.go:111.4,116.5 1 1
github.com/bzdvdn/draftrag/internal/infrastructure/embedder/cache/cache.go:120.2,121.19 2 1
github.com/bzdvdn/draftrag/internal/infrastructure/embedder/cache/cache.go:126.53,129.2 2 1
github.com/bzdvdn/draftrag/internal/infrastructure/embedder/cache/cache.go:133.44,135.2 1 1
github.com/bzdvdn/draftrag/internal/infrastructure/embedder/cache/lru.go:26.65,27.18 1 1
github.com/bzdvdn/draftrag/internal/infrastructure/embedder/cache/lru.go:27.18,29.3 1 0
github.com/bzdvdn/draftrag/internal/infrastructure/embedder/cache/lru.go:30.2,35.3 1 1
github.com/bzdvdn/draftrag/internal/infrastructure/embedder/cache/lru.go:42.54,47.9 4 1
github.com/bzdvdn/draftrag/internal/infrastructure/embedder/cache/lru.go:47.9,49.3 1 1
github.com/bzdvdn/draftrag/internal/infrastructure/embedder/cache/lru.go:52.2,55.26 3 1
github.com/bzdvdn/draftrag/internal/infrastructure/embedder/cache/lru.go:61.53,66.34 3 1
github.com/bzdvdn/draftrag/internal/infrastructure/embedder/cache/lru.go:66.34,70.3 3 1
github.com/bzdvdn/draftrag/internal/infrastructure/embedder/cache/lru.go:73.2,78.32 4 1
github.com/bzdvdn/draftrag/internal/infrastructure/embedder/cache/lru.go:78.32,80.3 1 1
github.com/bzdvdn/draftrag/internal/infrastructure/embedder/cache/lru.go:85.31,87.17 2 1
github.com/bzdvdn/draftrag/internal/infrastructure/embedder/cache/lru.go:87.17,89.3 1 0
github.com/bzdvdn/draftrag/internal/infrastructure/embedder/cache/lru.go:91.2,95.20 4 1
github.com/bzdvdn/draftrag/internal/infrastructure/embedder/cache/lru.go:95.20,97.3 1 1
github.com/bzdvdn/draftrag/internal/infrastructure/embedder/cache/lru.go:102.30,106.2 3 1
github.com/bzdvdn/draftrag/internal/infrastructure/embedder/cache/options.go:19.37,20.32 1 1
github.com/bzdvdn/draftrag/internal/infrastructure/embedder/cache/options.go:20.32,21.15 1 1
github.com/bzdvdn/draftrag/internal/infrastructure/embedder/cache/options.go:21.15,23.4 1 1
github.com/bzdvdn/draftrag/internal/infrastructure/embedder/cache/options.go:24.3,24.21 1 1
github.com/bzdvdn/draftrag/internal/infrastructure/embedder/cache/options.go:30.46,31.32 1 1
github.com/bzdvdn/draftrag/internal/infrastructure/embedder/cache/options.go:31.32,33.3 1 1
github.com/bzdvdn/draftrag/internal/infrastructure/embedder/cache/options.go:53.80,54.32 1 1
github.com/bzdvdn/draftrag/internal/infrastructure/embedder/cache/options.go:54.32,60.3 1 1
github.com/bzdvdn/draftrag/internal/infrastructure/embedder/cache/redis.go:23.43,25.2 1 0
github.com/bzdvdn/draftrag/internal/infrastructure/embedder/cache/redis.go:27.43,29.2 1 0
github.com/bzdvdn/draftrag/internal/infrastructure/embedder/cache/redis.go:31.47,32.20 1 1
github.com/bzdvdn/draftrag/internal/infrastructure/embedder/cache/redis.go:32.20,34.3 1 1
github.com/bzdvdn/draftrag/internal/infrastructure/embedder/cache/redis.go:35.2,35.17 1 1
github.com/bzdvdn/draftrag/internal/infrastructure/embedder/cache/redis.go:38.45,40.2 1 1
github.com/bzdvdn/draftrag/internal/infrastructure/embedder/cache/redis.go:42.84,43.21 1 1
github.com/bzdvdn/draftrag/internal/infrastructure/embedder/cache/redis.go:43.21,45.3 1 0
github.com/bzdvdn/draftrag/internal/infrastructure/embedder/cache/redis.go:47.2,48.16 2 1
github.com/bzdvdn/draftrag/internal/infrastructure/embedder/cache/redis.go:48.16,50.3 1 1
github.com/bzdvdn/draftrag/internal/infrastructure/embedder/cache/redis.go:51.2,51.17 1 1
github.com/bzdvdn/draftrag/internal/infrastructure/embedder/cache/redis.go:51.17,53.3 1 1
github.com/bzdvdn/draftrag/internal/infrastructure/embedder/cache/redis.go:55.2,56.56 2 1
github.com/bzdvdn/draftrag/internal/infrastructure/embedder/cache/redis.go:56.56,58.3 1 1
github.com/bzdvdn/draftrag/internal/infrastructure/embedder/cache/redis.go:60.2,60.25 1 1
github.com/bzdvdn/draftrag/internal/infrastructure/embedder/cache/redis.go:63.82,64.21 1 1
github.com/bzdvdn/draftrag/internal/infrastructure/embedder/cache/redis.go:64.21,66.3 1 0
github.com/bzdvdn/draftrag/internal/infrastructure/embedder/cache/redis.go:68.2,69.16 2 1
github.com/bzdvdn/draftrag/internal/infrastructure/embedder/cache/redis.go:69.16,71.3 1 0
github.com/bzdvdn/draftrag/internal/infrastructure/embedder/cache/redis.go:73.2,73.56 1 1
github.com/bzdvdn/draftrag/internal/infrastructure/embedder/cache/stats.go:18.39,20.16 2 1
github.com/bzdvdn/draftrag/internal/infrastructure/embedder/cache/stats.go:20.16,22.3 1 0
github.com/bzdvdn/draftrag/internal/infrastructure/embedder/cache/stats.go:23.2,23.41 1 1
github.com/bzdvdn/draftrag/internal/infrastructure/embedder/cache/stats.go:35.38,37.2 1 1
github.com/bzdvdn/draftrag/internal/infrastructure/embedder/cache/stats.go:41.39,43.2 1 1
github.com/bzdvdn/draftrag/internal/infrastructure/embedder/cache/stats.go:47.43,49.2 1 1
github.com/bzdvdn/draftrag/internal/infrastructure/embedder/cache/stats.go:53.45,59.2 1 1
github.com/bzdvdn/draftrag/internal/infrastructure/embedder/ollama.go:44.96,45.23 1 1
github.com/bzdvdn/draftrag/internal/infrastructure/embedder/ollama.go:45.23,47.3 1 1
github.com/bzdvdn/draftrag/internal/infrastructure/embedder/ollama.go:48.2,48.19 1 1
github.com/bzdvdn/draftrag/internal/infrastructure/embedder/ollama.go:48.19,50.3 1 1
github.com/bzdvdn/draftrag/internal/infrastructure/embedder/ollama.go:51.2,56.3 1 1
github.com/bzdvdn/draftrag/internal/infrastructure/embedder/ollama.go:61.85,62.16 1 1
github.com/bzdvdn/draftrag/internal/infrastructure/embedder/ollama.go:62.16,63.23 1 1
github.com/bzdvdn/draftrag/internal/infrastructure/embedder/ollama.go:65.2,65.34 1 1
github.com/bzdvdn/draftrag/internal/infrastructure/embedder/ollama.go:65.34,67.3 1 1
github.com/bzdvdn/draftrag/internal/infrastructure/embedder/ollama.go:68.2,68.35 1 1
github.com/bzdvdn/draftrag/internal/infrastructure/embedder/ollama.go:68.35,70.3 1 1
github.com/bzdvdn/draftrag/internal/infrastructure/embedder/ollama.go:72.2,73.16 2 1
github.com/bzdvdn/draftrag/internal/infrastructure/embedder/ollama.go:73.16,75.3 1 0
github.com/bzdvdn/draftrag/internal/infrastructure/embedder/ollama.go:77.2,81.16 2 1
github.com/bzdvdn/draftrag/internal/infrastructure/embedder/ollama.go:81.16,83.3 1 0
github.com/bzdvdn/draftrag/internal/infrastructure/embedder/ollama.go:85.2,86.16 2 1
github.com/bzdvdn/draftrag/internal/infrastructure/embedder/ollama.go:86.16,88.3 1 0
github.com/bzdvdn/draftrag/internal/infrastructure/embedder/ollama.go:89.2,92.16 3 1
github.com/bzdvdn/draftrag/internal/infrastructure/embedder/ollama.go:92.16,93.41 1 0
github.com/bzdvdn/draftrag/internal/infrastructure/embedder/ollama.go:93.41,95.4 1 0
github.com/bzdvdn/draftrag/internal/infrastructure/embedder/ollama.go:96.3,96.18 1 0
github.com/bzdvdn/draftrag/internal/infrastructure/embedder/ollama.go:98.2,100.53 2 1
github.com/bzdvdn/draftrag/internal/infrastructure/embedder/ollama.go:100.53,103.3 2 1
github.com/bzdvdn/draftrag/internal/infrastructure/embedder/ollama.go:105.2,106.68 2 1
github.com/bzdvdn/draftrag/internal/infrastructure/embedder/ollama.go:106.68,108.3 1 0
github.com/bzdvdn/draftrag/internal/infrastructure/embedder/ollama.go:110.2,111.25 2 1
github.com/bzdvdn/draftrag/internal/infrastructure/embedder/ollama.go:111.25,113.3 1 1
github.com/bzdvdn/draftrag/internal/infrastructure/embedder/ollama.go:114.2,114.30 1 1
github.com/bzdvdn/draftrag/internal/infrastructure/embedder/ollama.go:114.30,115.40 1 1
github.com/bzdvdn/draftrag/internal/infrastructure/embedder/ollama.go:115.40,117.4 1 0
github.com/bzdvdn/draftrag/internal/infrastructure/embedder/ollama.go:120.2,120.23 1 1
github.com/bzdvdn/draftrag/internal/infrastructure/embedder/ollama.go:123.60,125.16 2 1
github.com/bzdvdn/draftrag/internal/infrastructure/embedder/ollama.go:125.16,127.3 1 0
github.com/bzdvdn/draftrag/internal/infrastructure/embedder/ollama.go:128.2,128.46 1 1
github.com/bzdvdn/draftrag/internal/infrastructure/embedder/ollama.go:128.46,130.3 1 0
github.com/bzdvdn/draftrag/internal/infrastructure/embedder/ollama.go:131.2,133.31 3 1
github.com/bzdvdn/draftrag/internal/infrastructure/embedder/openai_compatible.go:51.116,52.23 1 1
github.com/bzdvdn/draftrag/internal/infrastructure/embedder/openai_compatible.go:52.23,54.3 1 0
github.com/bzdvdn/draftrag/internal/infrastructure/embedder/openai_compatible.go:55.2,60.3 1 1
github.com/bzdvdn/draftrag/internal/infrastructure/embedder/openai_compatible.go:64.95,65.16 1 1
github.com/bzdvdn/draftrag/internal/infrastructure/embedder/openai_compatible.go:65.16,66.23 1 0
github.com/bzdvdn/draftrag/internal/infrastructure/embedder/openai_compatible.go:68.2,68.34 1 1
github.com/bzdvdn/draftrag/internal/infrastructure/embedder/openai_compatible.go:68.34,70.3 1 1
github.com/bzdvdn/draftrag/internal/infrastructure/embedder/openai_compatible.go:71.2,71.35 1 1
github.com/bzdvdn/draftrag/internal/infrastructure/embedder/openai_compatible.go:71.35,73.3 1 0
github.com/bzdvdn/draftrag/internal/infrastructure/embedder/openai_compatible.go:75.2,76.16 2 1
github.com/bzdvdn/draftrag/internal/infrastructure/embedder/openai_compatible.go:76.16,78.3 1 0
github.com/bzdvdn/draftrag/internal/infrastructure/embedder/openai_compatible.go:80.2,84.16 2 1
github.com/bzdvdn/draftrag/internal/infrastructure/embedder/openai_compatible.go:84.16,86.3 1 0
github.com/bzdvdn/draftrag/internal/infrastructure/embedder/openai_compatible.go:88.2,89.16 2 1
github.com/bzdvdn/draftrag/internal/infrastructure/embedder/openai_compatible.go:89.16,91.3 1 0
github.com/bzdvdn/draftrag/internal/infrastructure/embedder/openai_compatible.go:92.2,96.16 4 1
github.com/bzdvdn/draftrag/internal/infrastructure/embedder/openai_compatible.go:96.16,97.41 1 0
github.com/bzdvdn/draftrag/internal/infrastructure/embedder/openai_compatible.go:97.41,99.4 1 0
github.com/bzdvdn/draftrag/internal/infrastructure/embedder/openai_compatible.go:100.3,100.18 1 0
github.com/bzdvdn/draftrag/internal/infrastructure/embedder/openai_compatible.go:102.2,104.53 2 1
github.com/bzdvdn/draftrag/internal/infrastructure/embedder/openai_compatible.go:104.53,108.3 3 1
github.com/bzdvdn/draftrag/internal/infrastructure/embedder/openai_compatible.go:110.2,111.68 2 1
github.com/bzdvdn/draftrag/internal/infrastructure/embedder/openai_compatible.go:111.68,113.3 1 1
github.com/bzdvdn/draftrag/internal/infrastructure/embedder/openai_compatible.go:114.2,114.28 1 1
github.com/bzdvdn/draftrag/internal/infrastructure/embedder/openai_compatible.go:114.28,116.3 1 0
github.com/bzdvdn/draftrag/internal/infrastructure/embedder/openai_compatible.go:117.2,118.25 2 1
github.com/bzdvdn/draftrag/internal/infrastructure/embedder/openai_compatible.go:118.25,120.3 1 0
github.com/bzdvdn/draftrag/internal/infrastructure/embedder/openai_compatible.go:121.2,121.30 1 1
github.com/bzdvdn/draftrag/internal/infrastructure/embedder/openai_compatible.go:121.30,122.40 1 1
github.com/bzdvdn/draftrag/internal/infrastructure/embedder/openai_compatible.go:122.40,124.4 1 0
github.com/bzdvdn/draftrag/internal/infrastructure/embedder/openai_compatible.go:127.2,127.23 1 1
github.com/bzdvdn/draftrag/internal/infrastructure/embedder/openai_compatible.go:130.54,132.16 2 1
github.com/bzdvdn/draftrag/internal/infrastructure/embedder/openai_compatible.go:132.16,134.3 1 0
github.com/bzdvdn/draftrag/internal/infrastructure/embedder/openai_compatible.go:135.2,135.46 1 1
github.com/bzdvdn/draftrag/internal/infrastructure/embedder/openai_compatible.go:135.46,137.3 1 0
github.com/bzdvdn/draftrag/internal/infrastructure/embedder/openai_compatible.go:138.2,140.31 3 1
github.com/bzdvdn/draftrag/internal/infrastructure/embedder/openai_compatible.go:143.64,145.16 2 1
github.com/bzdvdn/draftrag/internal/infrastructure/embedder/openai_compatible.go:145.16,147.3 1 0
github.com/bzdvdn/draftrag/internal/infrastructure/embedder/openai_compatible.go:148.2,148.26 1 1
github.com/bzdvdn/draftrag/internal/infrastructure/llm/anthropic.go:91.14,92.23 1 1
github.com/bzdvdn/draftrag/internal/infrastructure/llm/anthropic.go:92.23,94.3 1 1
github.com/bzdvdn/draftrag/internal/infrastructure/llm/anthropic.go:95.2,95.17 1 1
github.com/bzdvdn/draftrag/internal/infrastructure/llm/anthropic.go:95.17,97.3 1 1
github.com/bzdvdn/draftrag/internal/infrastructure/llm/anthropic.go:98.2,98.28 1 1
github.com/bzdvdn/draftrag/internal/infrastructure/llm/anthropic.go:98.28,100.3 1 1
github.com/bzdvdn/draftrag/internal/infrastructure/llm/anthropic.go:101.2,109.3 1 1
github.com/bzdvdn/draftrag/internal/infrastructure/llm/anthropic.go:114.101,115.16 1 1
github.com/bzdvdn/draftrag/internal/infrastructure/llm/anthropic.go:115.16,116.23 1 1
github.com/bzdvdn/draftrag/internal/infrastructure/llm/anthropic.go:118.2,118.34 1 1
github.com/bzdvdn/draftrag/internal/infrastructure/llm/anthropic.go:118.34,120.3 1 1
github.com/bzdvdn/draftrag/internal/infrastructure/llm/anthropic.go:121.2,121.42 1 1
github.com/bzdvdn/draftrag/internal/infrastructure/llm/anthropic.go:121.42,123.3 1 1
github.com/bzdvdn/draftrag/internal/infrastructure/llm/anthropic.go:125.2,126.16 2 1
github.com/bzdvdn/draftrag/internal/infrastructure/llm/anthropic.go:126.16,128.3 1 0
github.com/bzdvdn/draftrag/internal/infrastructure/llm/anthropic.go:130.2,131.24 2 1
github.com/bzdvdn/draftrag/internal/infrastructure/llm/anthropic.go:131.24,133.3 1 0
github.com/bzdvdn/draftrag/internal/infrastructure/llm/anthropic.go:135.2,144.16 2 1
github.com/bzdvdn/draftrag/internal/infrastructure/llm/anthropic.go:144.16,146.3 1 0
github.com/bzdvdn/draftrag/internal/infrastructure/llm/anthropic.go:148.2,149.16 2 1
github.com/bzdvdn/draftrag/internal/infrastructure/llm/anthropic.go:149.16,151.3 1 0
github.com/bzdvdn/draftrag/internal/infrastructure/llm/anthropic.go:152.2,157.16 5 1
github.com/bzdvdn/draftrag/internal/infrastructure/llm/anthropic.go:157.16,158.41 1 0
github.com/bzdvdn/draftrag/internal/infrastructure/llm/anthropic.go:158.41,160.4 1 0
github.com/bzdvdn/draftrag/internal/infrastructure/llm/anthropic.go:161.3,161.17 1 0
github.com/bzdvdn/draftrag/internal/infrastructure/llm/anthropic.go:163.2,165.53 2 1
github.com/bzdvdn/draftrag/internal/infrastructure/llm/anthropic.go:165.53,169.3 3 1
github.com/bzdvdn/draftrag/internal/infrastructure/llm/anthropic.go:171.2,172.68 2 1
github.com/bzdvdn/draftrag/internal/infrastructure/llm/anthropic.go:172.68,174.3 1 0
github.com/bzdvdn/draftrag/internal/infrastructure/llm/anthropic.go:176.2,176.40 1 1
github.com/bzdvdn/draftrag/internal/infrastructure/llm/anthropic.go:176.40,177.66 1 1
github.com/bzdvdn/draftrag/internal/infrastructure/llm/anthropic.go:177.66,179.4 1 1
github.com/bzdvdn/draftrag/internal/infrastructure/llm/anthropic.go:182.2,182.75 1 1
github.com/bzdvdn/draftrag/internal/infrastructure/llm/anthropic.go:188.114,189.16 1 1
github.com/bzdvdn/draftrag/internal/infrastructure/llm/anthropic.go:189.16,190.23 1 1
github.com/bzdvdn/draftrag/internal/infrastructure/llm/anthropic.go:192.2,192.34 1 1
github.com/bzdvdn/draftrag/internal/infrastructure/llm/anthropic.go:192.34,194.3 1 0
github.com/bzdvdn/draftrag/internal/infrastructure/llm/anthropic.go:195.2,195.42 1 1
github.com/bzdvdn/draftrag/internal/infrastructure/llm/anthropic.go:195.42,197.3 1 1
github.com/bzdvdn/draftrag/internal/infrastructure/llm/anthropic.go:199.2,200.16 2 1
github.com/bzdvdn/draftrag/internal/infrastructure/llm/anthropic.go:200.16,202.3 1 0
github.com/bzdvdn/draftrag/internal/infrastructure/llm/anthropic.go:204.2,205.24 2 1
github.com/bzdvdn/draftrag/internal/infrastructure/llm/anthropic.go:205.24,207.3 1 0
github.com/bzdvdn/draftrag/internal/infrastructure/llm/anthropic.go:209.2,219.16 2 1
github.com/bzdvdn/draftrag/internal/infrastructure/llm/anthropic.go:219.16,221.3 1 0
github.com/bzdvdn/draftrag/internal/infrastructure/llm/anthropic.go:223.2,224.16 2 1
github.com/bzdvdn/draftrag/internal/infrastructure/llm/anthropic.go:224.16,226.3 1 0
github.com/bzdvdn/draftrag/internal/infrastructure/llm/anthropic.go:227.2,233.16 6 1
github.com/bzdvdn/draftrag/internal/infrastructure/llm/anthropic.go:233.16,234.41 1 0
github.com/bzdvdn/draftrag/internal/infrastructure/llm/anthropic.go:234.41,236.4 1 0
github.com/bzdvdn/draftrag/internal/infrastructure/llm/anthropic.go:237.3,237.18 1 0
github.com/bzdvdn/draftrag/internal/infrastructure/llm/anthropic.go:240.2,240.53 1 1
github.com/bzdvdn/draftrag/internal/infrastructure/llm/anthropic.go:240.53,245.3 4 1
github.com/bzdvdn/draftrag/internal/infrastructure/llm/anthropic.go:247.2,249.12 2 1
github.com/bzdvdn/draftrag/internal/infrastructure/llm/anthropic.go:249.12,257.22 6 1
github.com/bzdvdn/draftrag/internal/infrastructure/llm/anthropic.go:257.22,258.11 1 1
github.com/bzdvdn/draftrag/internal/infrastructure/llm/anthropic.go:259.22,260.11 1 0
github.com/bzdvdn/draftrag/internal/infrastructure/llm/anthropic.go:261.12,261.12 0 1
github.com/bzdvdn/draftrag/internal/infrastructure/llm/anthropic.go:264.4,266.50 2 1
github.com/bzdvdn/draftrag/internal/infrastructure/llm/anthropic.go:266.50,267.13 1 1
github.com/bzdvdn/draftrag/internal/infrastructure/llm/anthropic.go:270.4,270.42 1 1
github.com/bzdvdn/draftrag/internal/infrastructure/llm/anthropic.go:270.42,271.13 1 0
github.com/bzdvdn/draftrag/internal/infrastructure/llm/anthropic.go:274.4,276.24 2 1
github.com/bzdvdn/draftrag/internal/infrastructure/llm/anthropic.go:276.24,278.5 1 1
github.com/bzdvdn/draftrag/internal/infrastructure/llm/anthropic.go:280.4,281.63 2 1
github.com/bzdvdn/draftrag/internal/infrastructure/llm/anthropic.go:281.63,282.13 1 0
github.com/bzdvdn/draftrag/internal/infrastructure/llm/anthropic.go:285.4,285.30 1 1
github.com/bzdvdn/draftrag/internal/infrastructure/llm/anthropic.go:285.30,286.12 1 1
github.com/bzdvdn/draftrag/internal/infrastructure/llm/anthropic.go:287.40,287.40 0 1
github.com/bzdvdn/draftrag/internal/infrastructure/llm/anthropic.go:288.23,289.12 1 0
github.com/bzdvdn/draftrag/internal/infrastructure/llm/anthropic.go:295.2,295.23 1 1
github.com/bzdvdn/draftrag/internal/infrastructure/llm/anthropic.go:298.53,300.16 2 1
github.com/bzdvdn/draftrag/internal/infrastructure/llm/anthropic.go:300.16,302.3 1 0
github.com/bzdvdn/draftrag/internal/infrastructure/llm/anthropic.go:303.2,303.46 1 1
github.com/bzdvdn/draftrag/internal/infrastructure/llm/anthropic.go:303.46,305.3 1 1
github.com/bzdvdn/draftrag/internal/infrastructure/llm/anthropic.go:306.2,308.31 3 1
github.com/bzdvdn/draftrag/internal/infrastructure/llm/mock_streaming.go:27.108,28.26 1 0
github.com/bzdvdn/draftrag/internal/infrastructure/llm/mock_streaming.go:28.26,30.3 1 0
github.com/bzdvdn/draftrag/internal/infrastructure/llm/mock_streaming.go:31.2,31.30 1 0
github.com/bzdvdn/draftrag/internal/infrastructure/llm/mock_streaming.go:35.121,36.18 1 0
github.com/bzdvdn/draftrag/internal/infrastructure/llm/mock_streaming.go:36.18,38.3 1 0
github.com/bzdvdn/draftrag/internal/infrastructure/llm/mock_streaming.go:40.2,42.12 2 0
github.com/bzdvdn/draftrag/internal/infrastructure/llm/mock_streaming.go:42.12,45.34 2 0
github.com/bzdvdn/draftrag/internal/infrastructure/llm/mock_streaming.go:45.34,46.11 1 0
github.com/bzdvdn/draftrag/internal/infrastructure/llm/mock_streaming.go:47.22,48.11 1 0
github.com/bzdvdn/draftrag/internal/infrastructure/llm/mock_streaming.go:49.12,49.12 0 0
github.com/bzdvdn/draftrag/internal/infrastructure/llm/mock_streaming.go:52.4,52.19 1 0
github.com/bzdvdn/draftrag/internal/infrastructure/llm/mock_streaming.go:52.19,53.12 1 0
github.com/bzdvdn/draftrag/internal/infrastructure/llm/mock_streaming.go:54.32,54.32 0 0
github.com/bzdvdn/draftrag/internal/infrastructure/llm/mock_streaming.go:55.23,56.12 1 0
github.com/bzdvdn/draftrag/internal/infrastructure/llm/mock_streaming.go:60.4,60.11 1 0
github.com/bzdvdn/draftrag/internal/infrastructure/llm/mock_streaming.go:61.21,61.21 0 0
github.com/bzdvdn/draftrag/internal/infrastructure/llm/mock_streaming.go:62.22,63.11 1 0
github.com/bzdvdn/draftrag/internal/infrastructure/llm/mock_streaming.go:68.2,68.16 1 0
github.com/bzdvdn/draftrag/internal/infrastructure/llm/mock_streaming.go:79.118,81.2 1 0
github.com/bzdvdn/draftrag/internal/infrastructure/llm/mock_streaming.go:84.131,87.12 2 0
github.com/bzdvdn/draftrag/internal/infrastructure/llm/mock_streaming.go:87.12,90.34 2 0
github.com/bzdvdn/draftrag/internal/infrastructure/llm/mock_streaming.go:90.34,91.11 1 0
github.com/bzdvdn/draftrag/internal/infrastructure/llm/mock_streaming.go:92.22,93.11 1 0
github.com/bzdvdn/draftrag/internal/infrastructure/llm/mock_streaming.go:94.21,94.21 0 0
github.com/bzdvdn/draftrag/internal/infrastructure/llm/mock_streaming.go:97.4,97.19 1 0
github.com/bzdvdn/draftrag/internal/infrastructure/llm/mock_streaming.go:97.19,98.12 1 0
github.com/bzdvdn/draftrag/internal/infrastructure/llm/mock_streaming.go:99.32,99.32 0 0
github.com/bzdvdn/draftrag/internal/infrastructure/llm/mock_streaming.go:100.23,101.12 1 0
github.com/bzdvdn/draftrag/internal/infrastructure/llm/mock_streaming.go:107.3,107.15 1 0
github.com/bzdvdn/draftrag/internal/infrastructure/llm/mock_streaming.go:110.2,110.16 1 0
github.com/bzdvdn/draftrag/internal/infrastructure/llm/mock_streaming.go:121.107,122.18 1 0
github.com/bzdvdn/draftrag/internal/infrastructure/llm/mock_streaming.go:122.18,124.3 1 0
github.com/bzdvdn/draftrag/internal/infrastructure/llm/mock_streaming.go:125.2,125.22 1 0
github.com/bzdvdn/draftrag/internal/infrastructure/llm/ollama.go:61.14,62.23 1 1
github.com/bzdvdn/draftrag/internal/infrastructure/llm/ollama.go:62.23,64.3 1 1
github.com/bzdvdn/draftrag/internal/infrastructure/llm/ollama.go:65.2,65.19 1 1
github.com/bzdvdn/draftrag/internal/infrastructure/llm/ollama.go:65.19,67.3 1 1
github.com/bzdvdn/draftrag/internal/infrastructure/llm/ollama.go:68.2,75.3 1 1
github.com/bzdvdn/draftrag/internal/infrastructure/llm/ollama.go:80.101,81.16 1 1
github.com/bzdvdn/draftrag/internal/infrastructure/llm/ollama.go:81.16,82.23 1 1
github.com/bzdvdn/draftrag/internal/infrastructure/llm/ollama.go:84.2,84.34 1 1
github.com/bzdvdn/draftrag/internal/infrastructure/llm/ollama.go:84.34,86.3 1 1
github.com/bzdvdn/draftrag/internal/infrastructure/llm/ollama.go:87.2,87.42 1 1
github.com/bzdvdn/draftrag/internal/infrastructure/llm/ollama.go:87.42,89.3 1 1
github.com/bzdvdn/draftrag/internal/infrastructure/llm/ollama.go:91.2,92.16 2 1
github.com/bzdvdn/draftrag/internal/infrastructure/llm/ollama.go:92.16,94.3 1 0
github.com/bzdvdn/draftrag/internal/infrastructure/llm/ollama.go:96.2,97.43 2 1
github.com/bzdvdn/draftrag/internal/infrastructure/llm/ollama.go:97.43,99.3 1 1
github.com/bzdvdn/draftrag/internal/infrastructure/llm/ollama.go:100.2,109.16 3 1
github.com/bzdvdn/draftrag/internal/infrastructure/llm/ollama.go:109.16,111.3 1 0
github.com/bzdvdn/draftrag/internal/infrastructure/llm/ollama.go:113.2,114.16 2 1
github.com/bzdvdn/draftrag/internal/infrastructure/llm/ollama.go:114.16,116.3 1 0
github.com/bzdvdn/draftrag/internal/infrastructure/llm/ollama.go:117.2,120.16 3 1
github.com/bzdvdn/draftrag/internal/infrastructure/llm/ollama.go:120.16,121.41 1 0
github.com/bzdvdn/draftrag/internal/infrastructure/llm/ollama.go:121.41,123.4 1 0
github.com/bzdvdn/draftrag/internal/infrastructure/llm/ollama.go:124.3,124.17 1 0
github.com/bzdvdn/draftrag/internal/infrastructure/llm/ollama.go:126.2,128.53 2 1
github.com/bzdvdn/draftrag/internal/infrastructure/llm/ollama.go:128.53,131.3 2 1
github.com/bzdvdn/draftrag/internal/infrastructure/llm/ollama.go:133.2,134.68 2 1
github.com/bzdvdn/draftrag/internal/infrastructure/llm/ollama.go:134.68,136.3 1 0
github.com/bzdvdn/draftrag/internal/infrastructure/llm/ollama.go:138.2,139.19 2 1
github.com/bzdvdn/draftrag/internal/infrastructure/llm/ollama.go:139.19,141.3 1 1
github.com/bzdvdn/draftrag/internal/infrastructure/llm/ollama.go:143.2,143.21 1 1
github.com/bzdvdn/draftrag/internal/infrastructure/llm/ollama.go:146.54,148.16 2 1
github.com/bzdvdn/draftrag/internal/infrastructure/llm/ollama.go:148.16,150.3 1 0
github.com/bzdvdn/draftrag/internal/infrastructure/llm/ollama.go:151.2,151.46 1 1
github.com/bzdvdn/draftrag/internal/infrastructure/llm/ollama.go:151.46,153.3 1 0
github.com/bzdvdn/draftrag/internal/infrastructure/llm/ollama.go:154.2,156.31 3 1
github.com/bzdvdn/draftrag/internal/infrastructure/llm/openai_compatible_responses.go:95.33,96.23 1 1
github.com/bzdvdn/draftrag/internal/infrastructure/llm/openai_compatible_responses.go:96.23,98.3 1 0
github.com/bzdvdn/draftrag/internal/infrastructure/llm/openai_compatible_responses.go:99.2,106.3 1 1
github.com/bzdvdn/draftrag/internal/infrastructure/llm/openai_compatible_responses.go:110.120,111.16 1 1
github.com/bzdvdn/draftrag/internal/infrastructure/llm/openai_compatible_responses.go:111.16,112.23 1 0
github.com/bzdvdn/draftrag/internal/infrastructure/llm/openai_compatible_responses.go:114.2,114.34 1 1
github.com/bzdvdn/draftrag/internal/infrastructure/llm/openai_compatible_responses.go:114.34,116.3 1 1
github.com/bzdvdn/draftrag/internal/infrastructure/llm/openai_compatible_responses.go:117.2,117.42 1 1
github.com/bzdvdn/draftrag/internal/infrastructure/llm/openai_compatible_responses.go:117.42,119.3 1 0
github.com/bzdvdn/draftrag/internal/infrastructure/llm/openai_compatible_responses.go:121.2,122.16 2 1
github.com/bzdvdn/draftrag/internal/infrastructure/llm/openai_compatible_responses.go:122.16,124.3 1 0
github.com/bzdvdn/draftrag/internal/infrastructure/llm/openai_compatible_responses.go:126.2,145.16 2 1
github.com/bzdvdn/draftrag/internal/infrastructure/llm/openai_compatible_responses.go:145.16,147.3 1 0
github.com/bzdvdn/draftrag/internal/infrastructure/llm/openai_compatible_responses.go:149.2,150.16 2 1
github.com/bzdvdn/draftrag/internal/infrastructure/llm/openai_compatible_responses.go:150.16,152.3 1 0
github.com/bzdvdn/draftrag/internal/infrastructure/llm/openai_compatible_responses.go:153.2,157.16 4 1
github.com/bzdvdn/draftrag/internal/infrastructure/llm/openai_compatible_responses.go:157.16,158.41 1 1
github.com/bzdvdn/draftrag/internal/infrastructure/llm/openai_compatible_responses.go:158.41,160.4 1 1
github.com/bzdvdn/draftrag/internal/infrastructure/llm/openai_compatible_responses.go:161.3,161.17 1 0
github.com/bzdvdn/draftrag/internal/infrastructure/llm/openai_compatible_responses.go:163.2,165.53 2 1
github.com/bzdvdn/draftrag/internal/infrastructure/llm/openai_compatible_responses.go:165.53,169.3 3 1
github.com/bzdvdn/draftrag/internal/infrastructure/llm/openai_compatible_responses.go:171.2,172.68 2 1
github.com/bzdvdn/draftrag/internal/infrastructure/llm/openai_compatible_responses.go:172.68,174.3 1 1
github.com/bzdvdn/draftrag/internal/infrastructure/llm/openai_compatible_responses.go:176.2,176.63 1 1
github.com/bzdvdn/draftrag/internal/infrastructure/llm/openai_compatible_responses.go:176.63,178.3 1 1
github.com/bzdvdn/draftrag/internal/infrastructure/llm/openai_compatible_responses.go:180.2,180.37 1 1
github.com/bzdvdn/draftrag/internal/infrastructure/llm/openai_compatible_responses.go:180.37,181.28 1 1
github.com/bzdvdn/draftrag/internal/infrastructure/llm/openai_compatible_responses.go:181.28,182.12 1 0
github.com/bzdvdn/draftrag/internal/infrastructure/llm/openai_compatible_responses.go:184.3,184.33 1 1
github.com/bzdvdn/draftrag/internal/infrastructure/llm/openai_compatible_responses.go:184.33,185.66 1 1
github.com/bzdvdn/draftrag/internal/infrastructure/llm/openai_compatible_responses.go:185.66,187.5 1 1
github.com/bzdvdn/draftrag/internal/infrastructure/llm/openai_compatible_responses.go:191.2,191.74 1 1
github.com/bzdvdn/draftrag/internal/infrastructure/llm/openai_compatible_responses.go:194.53,196.16 2 1
github.com/bzdvdn/draftrag/internal/infrastructure/llm/openai_compatible_responses.go:196.16,198.3 1 0
github.com/bzdvdn/draftrag/internal/infrastructure/llm/openai_compatible_responses.go:199.2,199.46 1 1
github.com/bzdvdn/draftrag/internal/infrastructure/llm/openai_compatible_responses.go:199.46,201.3 1 0
github.com/bzdvdn/draftrag/internal/infrastructure/llm/openai_compatible_responses.go:202.2,204.31 3 1
github.com/bzdvdn/draftrag/internal/infrastructure/llm/openai_compatible_responses.go:207.64,209.16 2 1
github.com/bzdvdn/draftrag/internal/infrastructure/llm/openai_compatible_responses.go:209.16,211.3 1 0
github.com/bzdvdn/draftrag/internal/infrastructure/llm/openai_compatible_responses.go:212.2,212.26 1 1
github.com/bzdvdn/draftrag/internal/infrastructure/llm/openai_compatible_responses.go:220.133,221.16 1 1
github.com/bzdvdn/draftrag/internal/infrastructure/llm/openai_compatible_responses.go:221.16,222.23 1 0
github.com/bzdvdn/draftrag/internal/infrastructure/llm/openai_compatible_responses.go:224.2,224.34 1 1
github.com/bzdvdn/draftrag/internal/infrastructure/llm/openai_compatible_responses.go:224.34,226.3 1 0
github.com/bzdvdn/draftrag/internal/infrastructure/llm/openai_compatible_responses.go:227.2,227.42 1 1
github.com/bzdvdn/draftrag/internal/infrastructure/llm/openai_compatible_responses.go:227.42,229.3 1 0
github.com/bzdvdn/draftrag/internal/infrastructure/llm/openai_compatible_responses.go:231.2,232.16 2 1
github.com/bzdvdn/draftrag/internal/infrastructure/llm/openai_compatible_responses.go:232.16,234.3 1 0
github.com/bzdvdn/draftrag/internal/infrastructure/llm/openai_compatible_responses.go:236.2,256.16 2 1
github.com/bzdvdn/draftrag/internal/infrastructure/llm/openai_compatible_responses.go:256.16,258.3 1 0
github.com/bzdvdn/draftrag/internal/infrastructure/llm/openai_compatible_responses.go:260.2,261.16 2 1
github.com/bzdvdn/draftrag/internal/infrastructure/llm/openai_compatible_responses.go:261.16,263.3 1 0
github.com/bzdvdn/draftrag/internal/infrastructure/llm/openai_compatible_responses.go:264.2,269.16 5 1
github.com/bzdvdn/draftrag/internal/infrastructure/llm/openai_compatible_responses.go:269.16,270.41 1 0
github.com/bzdvdn/draftrag/internal/infrastructure/llm/openai_compatible_responses.go:270.41,272.4 1 0
github.com/bzdvdn/draftrag/internal/infrastructure/llm/openai_compatible_responses.go:273.3,273.18 1 0
github.com/bzdvdn/draftrag/internal/infrastructure/llm/openai_compatible_responses.go:276.2,276.53 1 1
github.com/bzdvdn/draftrag/internal/infrastructure/llm/openai_compatible_responses.go:276.53,281.3 4 1
github.com/bzdvdn/draftrag/internal/infrastructure/llm/openai_compatible_responses.go:284.2,287.12 2 1
github.com/bzdvdn/draftrag/internal/infrastructure/llm/openai_compatible_responses.go:287.12,295.22 6 1
github.com/bzdvdn/draftrag/internal/infrastructure/llm/openai_compatible_responses.go:295.22,296.11 1 1
github.com/bzdvdn/draftrag/internal/infrastructure/llm/openai_compatible_responses.go:297.22,299.11 1 0
github.com/bzdvdn/draftrag/internal/infrastructure/llm/openai_compatible_responses.go:300.12,300.12 0 1
github.com/bzdvdn/draftrag/internal/infrastructure/llm/openai_compatible_responses.go:303.4,306.50 2 1
github.com/bzdvdn/draftrag/internal/infrastructure/llm/openai_compatible_responses.go:306.50,307.13 1 1
github.com/bzdvdn/draftrag/internal/infrastructure/llm/openai_compatible_responses.go:311.4,311.42 1 1
github.com/bzdvdn/draftrag/internal/infrastructure/llm/openai_compatible_responses.go:311.42,312.13 1 0
github.com/bzdvdn/draftrag/internal/infrastructure/llm/openai_compatible_responses.go:315.4,318.24 2 1
github.com/bzdvdn/draftrag/internal/infrastructure/llm/openai_compatible_responses.go:318.24,320.5 1 1
github.com/bzdvdn/draftrag/internal/infrastructure/llm/openai_compatible_responses.go:322.4,323.63 2 1
github.com/bzdvdn/draftrag/internal/infrastructure/llm/openai_compatible_responses.go:323.63,325.13 1 0
github.com/bzdvdn/draftrag/internal/infrastructure/llm/openai_compatible_responses.go:329.4,330.30 2 1
github.com/bzdvdn/draftrag/internal/infrastructure/llm/openai_compatible_responses.go:330.30,332.5 1 1
github.com/bzdvdn/draftrag/internal/infrastructure/llm/openai_compatible_responses.go:332.10,332.36 1 0
github.com/bzdvdn/draftrag/internal/infrastructure/llm/openai_compatible_responses.go:332.36,333.38 1 0
github.com/bzdvdn/draftrag/internal/infrastructure/llm/openai_compatible_responses.go:333.38,334.31 1 0
github.com/bzdvdn/draftrag/internal/infrastructure/llm/openai_compatible_responses.go:334.31,335.37 1 0
github.com/bzdvdn/draftrag/internal/infrastructure/llm/openai_compatible_responses.go:335.37,336.35 1 0
github.com/bzdvdn/draftrag/internal/infrastructure/llm/openai_compatible_responses.go:336.35,338.9 1 0
github.com/bzdvdn/draftrag/internal/infrastructure/llm/openai_compatible_responses.go:344.4,344.18 1 1
github.com/bzdvdn/draftrag/internal/infrastructure/llm/openai_compatible_responses.go:344.18,345.12 1 1
github.com/bzdvdn/draftrag/internal/infrastructure/llm/openai_compatible_responses.go:346.28,346.28 0 1
github.com/bzdvdn/draftrag/internal/infrastructure/llm/openai_compatible_responses.go:347.23,348.12 1 0
github.com/bzdvdn/draftrag/internal/infrastructure/llm/openai_compatible_responses.go:354.2,354.23 1 1
github.com/bzdvdn/draftrag/internal/infrastructure/resilience/circuitbreaker.go:26.39,27.11 1 1
github.com/bzdvdn/draftrag/internal/infrastructure/resilience/circuitbreaker.go:28.21,29.18 1 1
github.com/bzdvdn/draftrag/internal/infrastructure/resilience/circuitbreaker.go:30.19,31.16 1 1
github.com/bzdvdn/draftrag/internal/infrastructure/resilience/circuitbreaker.go:32.23,33.21 1 1
github.com/bzdvdn/draftrag/internal/infrastructure/resilience/circuitbreaker.go:34.10,35.19 1 1
github.com/bzdvdn/draftrag/internal/infrastructure/resilience/circuitbreaker.go:75.58,80.2 1 1
github.com/bzdvdn/draftrag/internal/infrastructure/resilience/circuitbreaker.go:83.70,84.19 1 1
github.com/bzdvdn/draftrag/internal/infrastructure/resilience/circuitbreaker.go:84.19,86.3 1 1
github.com/bzdvdn/draftrag/internal/infrastructure/resilience/circuitbreaker.go:88.2,92.3 1 1
github.com/bzdvdn/draftrag/internal/infrastructure/resilience/circuitbreaker.go:101.46,105.18 3 1
github.com/bzdvdn/draftrag/internal/infrastructure/resilience/circuitbreaker.go:106.21,107.13 1 1
github.com/bzdvdn/draftrag/internal/infrastructure/resilience/circuitbreaker.go:109.19,111.51 1 1
github.com/bzdvdn/draftrag/internal/infrastructure/resilience/circuitbreaker.go:111.51,115.4 3 1
github.com/bzdvdn/draftrag/internal/infrastructure/resilience/circuitbreaker.go:116.3,116.24 1 1
github.com/bzdvdn/draftrag/internal/infrastructure/resilience/circuitbreaker.go:118.23,120.19 1 1
github.com/bzdvdn/draftrag/internal/infrastructure/resilience/circuitbreaker.go:120.19,122.4 1 1
github.com/bzdvdn/draftrag/internal/infrastructure/resilience/circuitbreaker.go:123.3,124.13 2 0
github.com/bzdvdn/draftrag/internal/infrastructure/resilience/circuitbreaker.go:126.10,127.24 1 0
github.com/bzdvdn/draftrag/internal/infrastructure/resilience/circuitbreaker.go:133.43,137.18 3 1
github.com/bzdvdn/draftrag/internal/infrastructure/resilience/circuitbreaker.go:138.23,142.23 3 1
github.com/bzdvdn/draftrag/internal/infrastructure/resilience/circuitbreaker.go:144.21,146.22 1 1
github.com/bzdvdn/draftrag/internal/infrastructure/resilience/circuitbreaker.go:153.43,159.18 4 1
github.com/bzdvdn/draftrag/internal/infrastructure/resilience/circuitbreaker.go:160.23,163.23 2 1
github.com/bzdvdn/draftrag/internal/infrastructure/resilience/circuitbreaker.go:165.21,167.38 2 1
github.com/bzdvdn/draftrag/internal/infrastructure/resilience/circuitbreaker.go:167.38,169.4 1 1
github.com/bzdvdn/draftrag/internal/infrastructure/resilience/circuitbreaker.go:174.48,178.2 3 1
github.com/bzdvdn/draftrag/internal/infrastructure/resilience/circuitbreaker.go:187.44,195.2 3 1
github.com/bzdvdn/draftrag/internal/infrastructure/resilience/embedder.go:43.18,44.24 1 1
github.com/bzdvdn/draftrag/internal/infrastructure/resilience/embedder.go:44.24,46.3 1 1
github.com/bzdvdn/draftrag/internal/infrastructure/resilience/embedder.go:48.2,54.3 1 1
github.com/bzdvdn/draftrag/internal/infrastructure/resilience/embedder.go:59.84,61.54 1 1
github.com/bzdvdn/draftrag/internal/infrastructure/resilience/embedder.go:61.54,70.3 3 1
github.com/bzdvdn/draftrag/internal/infrastructure/resilience/embedder.go:72.2,76.53 4 1
github.com/bzdvdn/draftrag/internal/infrastructure/resilience/embedder.go:76.53,78.35 1 1
github.com/bzdvdn/draftrag/internal/infrastructure/resilience/embedder.go:78.35,82.4 3 0
github.com/bzdvdn/draftrag/internal/infrastructure/resilience/embedder.go:85.3,86.17 2 1
github.com/bzdvdn/draftrag/internal/infrastructure/resilience/embedder.go:86.17,91.4 3 1
github.com/bzdvdn/draftrag/internal/infrastructure/resilience/embedder.go:93.3,96.24 2 1
github.com/bzdvdn/draftrag/internal/infrastructure/resilience/embedder.go:96.24,107.4 4 1
github.com/bzdvdn/draftrag/internal/infrastructure/resilience/embedder.go:110.3,110.27 1 1
github.com/bzdvdn/draftrag/internal/infrastructure/resilience/embedder.go:110.27,120.4 3 1
github.com/bzdvdn/draftrag/internal/infrastructure/resilience/embedder.go:123.3,123.27 1 1
github.com/bzdvdn/draftrag/internal/infrastructure/resilience/embedder.go:123.27,126.11 3 1
github.com/bzdvdn/draftrag/internal/infrastructure/resilience/embedder.go:127.22,130.26 3 1
github.com/bzdvdn/draftrag/internal/infrastructure/resilience/embedder.go:131.19,131.19 0 1
github.com/bzdvdn/draftrag/internal/infrastructure/resilience/embedder.go:138.2,139.21 2 1
github.com/bzdvdn/draftrag/internal/infrastructure/resilience/embedder.go:143.115,144.20 1 1
github.com/bzdvdn/draftrag/internal/infrastructure/resilience/embedder.go:144.20,146.3 1 1
github.com/bzdvdn/draftrag/internal/infrastructure/resilience/embedder.go:148.2,154.14 3 1
github.com/bzdvdn/draftrag/internal/infrastructure/resilience/embedder.go:154.14,156.3 1 1
github.com/bzdvdn/draftrag/internal/infrastructure/resilience/embedder.go:158.2,166.4 2 1
github.com/bzdvdn/draftrag/internal/infrastructure/resilience/embedder.go:170.60,172.2 1 1
github.com/bzdvdn/draftrag/internal/infrastructure/resilience/embedder.go:175.53,177.2 1 1
github.com/bzdvdn/draftrag/internal/infrastructure/resilience/errors.go:24.34,25.15 1 1
github.com/bzdvdn/draftrag/internal/infrastructure/resilience/errors.go:25.15,27.2 1 0
github.com/bzdvdn/draftrag/internal/infrastructure/resilience/errors.go:30.2,30.82 1 1
github.com/bzdvdn/draftrag/internal/infrastructure/resilience/errors.go:30.82,32.3 1 0
github.com/bzdvdn/draftrag/internal/infrastructure/resilience/errors.go:35.2,36.32 2 1
github.com/bzdvdn/draftrag/internal/infrastructure/resilience/errors.go:36.32,38.3 1 1
github.com/bzdvdn/draftrag/internal/infrastructure/resilience/errors.go:41.2,41.13 1 1
github.com/bzdvdn/draftrag/internal/infrastructure/resilience/errors.go:52.48,54.2 1 0
github.com/bzdvdn/draftrag/internal/infrastructure/resilience/errors.go:57.48,59.2 1 1
github.com/bzdvdn/draftrag/internal/infrastructure/resilience/errors.go:62.52,64.2 1 1
github.com/bzdvdn/draftrag/internal/infrastructure/resilience/errors.go:67.37,68.16 1 0
github.com/bzdvdn/draftrag/internal/infrastructure/resilience/errors.go:68.16,70.3 1 0
github.com/bzdvdn/draftrag/internal/infrastructure/resilience/errors.go:71.2,71.58 1 0
github.com/bzdvdn/draftrag/internal/infrastructure/resilience/errors.go:75.40,76.16 1 1
github.com/bzdvdn/draftrag/internal/infrastructure/resilience/errors.go:76.16,78.3 1 0
github.com/bzdvdn/draftrag/internal/infrastructure/resilience/errors.go:79.2,79.59 1 1
github.com/bzdvdn/draftrag/internal/infrastructure/resilience/llm.go:43.21,44.24 1 1
github.com/bzdvdn/draftrag/internal/infrastructure/resilience/llm.go:44.24,46.3 1 1
github.com/bzdvdn/draftrag/internal/infrastructure/resilience/llm.go:48.2,54.3 1 1
github.com/bzdvdn/draftrag/internal/infrastructure/resilience/llm.go:59.108,61.54 1 1
github.com/bzdvdn/draftrag/internal/infrastructure/resilience/llm.go:61.54,70.3 3 1
github.com/bzdvdn/draftrag/internal/infrastructure/resilience/llm.go:72.2,76.53 4 1
github.com/bzdvdn/draftrag/internal/infrastructure/resilience/llm.go:76.53,78.35 1 1
github.com/bzdvdn/draftrag/internal/infrastructure/resilience/llm.go:78.35,82.4 3 0
github.com/bzdvdn/draftrag/internal/infrastructure/resilience/llm.go:85.3,86.17 2 1
github.com/bzdvdn/draftrag/internal/infrastructure/resilience/llm.go:86.17,91.4 3 1
github.com/bzdvdn/draftrag/internal/infrastructure/resilience/llm.go:93.3,96.24 2 1
github.com/bzdvdn/draftrag/internal/infrastructure/resilience/llm.go:96.24,107.4 4 1
github.com/bzdvdn/draftrag/internal/infrastructure/resilience/llm.go:110.3,110.27 1 1
github.com/bzdvdn/draftrag/internal/infrastructure/resilience/llm.go:110.27,120.4 3 1
github.com/bzdvdn/draftrag/internal/infrastructure/resilience/llm.go:123.3,123.27 1 1
github.com/bzdvdn/draftrag/internal/infrastructure/resilience/llm.go:123.27,126.11 3 1
github.com/bzdvdn/draftrag/internal/infrastructure/resilience/llm.go:127.22,130.25 3 1
github.com/bzdvdn/draftrag/internal/infrastructure/resilience/llm.go:131.19,131.19 0 1
github.com/bzdvdn/draftrag/internal/infrastructure/resilience/llm.go:138.2,139.20 2 1
github.com/bzdvdn/draftrag/internal/infrastructure/resilience/llm.go:143.118,144.20 1 1
github.com/bzdvdn/draftrag/internal/infrastructure/resilience/llm.go:144.20,146.3 1 1
github.com/bzdvdn/draftrag/internal/infrastructure/resilience/llm.go:148.2,154.14 3 1
github.com/bzdvdn/draftrag/internal/infrastructure/resilience/llm.go:154.14,156.3 1 1
github.com/bzdvdn/draftrag/internal/infrastructure/resilience/llm.go:158.2,166.4 2 1
github.com/bzdvdn/draftrag/internal/infrastructure/resilience/llm.go:170.63,172.2 1 1
github.com/bzdvdn/draftrag/internal/infrastructure/resilience/llm.go:175.56,177.2 1 1
github.com/bzdvdn/draftrag/internal/infrastructure/resilience/retry.go:30.32,37.2 1 1
github.com/bzdvdn/draftrag/internal/infrastructure/resilience/retry.go:43.61,44.17 1 1
github.com/bzdvdn/draftrag/internal/infrastructure/resilience/retry.go:44.17,46.3 1 1
github.com/bzdvdn/draftrag/internal/infrastructure/resilience/retry.go:49.2,53.33 3 1
github.com/bzdvdn/draftrag/internal/infrastructure/resilience/retry.go:53.33,55.3 1 1
github.com/bzdvdn/draftrag/internal/infrastructure/resilience/retry.go:58.2,58.24 1 1
github.com/bzdvdn/draftrag/internal/infrastructure/resilience/retry.go:58.24,61.3 2 1
github.com/bzdvdn/draftrag/internal/infrastructure/resilience/retry.go:63.2,63.29 1 1
github.com/bzdvdn/draftrag/internal/infrastructure/resilience/retry.go:79.40,84.2 1 1
github.com/bzdvdn/draftrag/internal/infrastructure/resilience/retry.go:87.45,88.22 1 1
github.com/bzdvdn/draftrag/internal/infrastructure/resilience/retry.go:88.22,90.3 1 1
github.com/bzdvdn/draftrag/internal/infrastructure/resilience/retry.go:91.2,91.18 1 1
github.com/bzdvdn/draftrag/pkg/draftrag/otel/hooks.go:29.45,31.15 2 1
github.com/bzdvdn/draftrag/pkg/draftrag/otel/hooks.go:31.15,33.3 1 0
github.com/bzdvdn/draftrag/pkg/draftrag/otel/hooks.go:34.2,35.16 2 1
github.com/bzdvdn/draftrag/pkg/draftrag/otel/hooks.go:35.16,37.3 1 1
github.com/bzdvdn/draftrag/pkg/draftrag/otel/hooks.go:38.2,38.24 1 1
github.com/bzdvdn/draftrag/pkg/draftrag/otel/hooks.go:41.44,43.15 2 1
github.com/bzdvdn/draftrag/pkg/draftrag/otel/hooks.go:43.15,45.3 1 0
github.com/bzdvdn/draftrag/pkg/draftrag/otel/hooks.go:46.2,47.16 2 1
github.com/bzdvdn/draftrag/pkg/draftrag/otel/hooks.go:47.16,49.3 1 1
github.com/bzdvdn/draftrag/pkg/draftrag/otel/hooks.go:50.2,50.23 1 1
github.com/bzdvdn/draftrag/pkg/draftrag/otel/hooks.go:73.50,81.16 3 1
github.com/bzdvdn/draftrag/pkg/draftrag/otel/hooks.go:81.16,83.3 1 0
github.com/bzdvdn/draftrag/pkg/draftrag/otel/hooks.go:85.2,90.16 2 1
github.com/bzdvdn/draftrag/pkg/draftrag/otel/hooks.go:90.16,92.3 1 0
github.com/bzdvdn/draftrag/pkg/draftrag/otel/hooks.go:94.2,98.8 1 1
github.com/bzdvdn/draftrag/pkg/draftrag/otel/hooks.go:105.76,108.2 2 0
github.com/bzdvdn/draftrag/pkg/draftrag/otel/hooks.go:111.72,112.16 1 1
github.com/bzdvdn/draftrag/pkg/draftrag/otel/hooks.go:112.16,114.3 1 0
github.com/bzdvdn/draftrag/pkg/draftrag/otel/hooks.go:116.2,131.19 6 1
github.com/bzdvdn/draftrag/pkg/draftrag/otel/hooks.go:131.19,133.3 1 1
github.com/bzdvdn/draftrag/pkg/draftrag/otel/hooks.go:136.2,144.19 3 1
github.com/bzdvdn/draftrag/pkg/draftrag/otel/hooks.go:144.19,147.3 2 1
github.com/bzdvdn/draftrag/pkg/draftrag/otel/hooks.go:148.2,149.13 2 1
github.com/bzdvdn/draftrag/pkg/draftrag/eval/harness.go:30.99,31.16 1 1
github.com/bzdvdn/draftrag/pkg/draftrag/eval/harness.go:31.16,32.23 1 0
github.com/bzdvdn/draftrag/pkg/draftrag/eval/harness.go:34.2,34.19 1 1
github.com/bzdvdn/draftrag/pkg/draftrag/eval/harness.go:34.19,36.3 1 0
github.com/bzdvdn/draftrag/pkg/draftrag/eval/harness.go:37.2,37.34 1 1
github.com/bzdvdn/draftrag/pkg/draftrag/eval/harness.go:37.34,39.3 1 0
github.com/bzdvdn/draftrag/pkg/draftrag/eval/harness.go:41.2,42.26 2 1
github.com/bzdvdn/draftrag/pkg/draftrag/eval/harness.go:42.26,44.3 1 0
github.com/bzdvdn/draftrag/pkg/draftrag/eval/harness.go:45.2,45.26 1 1
github.com/bzdvdn/draftrag/pkg/draftrag/eval/harness.go:45.26,47.3 1 1
github.com/bzdvdn/draftrag/pkg/draftrag/eval/harness.go:49.2,51.26 2 1
github.com/bzdvdn/draftrag/pkg/draftrag/eval/harness.go:51.26,52.35 1 1
github.com/bzdvdn/draftrag/pkg/draftrag/eval/harness.go:52.35,54.4 1 0
github.com/bzdvdn/draftrag/pkg/draftrag/eval/harness.go:55.3,55.23 1 1
github.com/bzdvdn/draftrag/pkg/draftrag/eval/harness.go:55.23,57.4 1 0
github.com/bzdvdn/draftrag/pkg/draftrag/eval/harness.go:60.3,60.42 1 1
github.com/bzdvdn/draftrag/pkg/draftrag/eval/harness.go:60.42,61.29 1 1
github.com/bzdvdn/draftrag/pkg/draftrag/eval/harness.go:61.29,63.5 1 1
github.com/bzdvdn/draftrag/pkg/draftrag/eval/harness.go:66.3,67.17 2 1
github.com/bzdvdn/draftrag/pkg/draftrag/eval/harness.go:67.17,69.4 1 0
github.com/bzdvdn/draftrag/pkg/draftrag/eval/harness.go:70.3,70.17 1 1
github.com/bzdvdn/draftrag/pkg/draftrag/eval/harness.go:70.17,72.4 1 0
github.com/bzdvdn/draftrag/pkg/draftrag/eval/harness.go:74.3,75.17 2 1
github.com/bzdvdn/draftrag/pkg/draftrag/eval/harness.go:75.17,77.4 1 0
github.com/bzdvdn/draftrag/pkg/draftrag/eval/harness.go:79.3,80.39 2 1
github.com/bzdvdn/draftrag/pkg/draftrag/eval/harness.go:80.39,82.4 1 1
github.com/bzdvdn/draftrag/pkg/draftrag/eval/harness.go:84.3,88.19 4 1
github.com/bzdvdn/draftrag/pkg/draftrag/eval/harness.go:88.19,90.4 1 0
github.com/bzdvdn/draftrag/pkg/draftrag/eval/harness.go:92.3,97.5 1 1
github.com/bzdvdn/draftrag/pkg/draftrag/eval/harness.go:101.2,102.54 2 1
github.com/bzdvdn/draftrag/pkg/draftrag/eval/harness.go:105.25,108.12 1 0
github.com/bzdvdn/draftrag/pkg/draftrag/eval/harness.go:108.12,110.3 1 0
github.com/bzdvdn/draftrag/pkg/draftrag/eval/harness.go:112.2,114.12 3 0
github.com/bzdvdn/draftrag/pkg/draftrag/eval/harness.go:114.12,118.3 3 0
github.com/bzdvdn/draftrag/pkg/draftrag/eval/harness.go:119.2,119.24 1 0
github.com/bzdvdn/draftrag/pkg/draftrag/eval/metrics.go:8.35,10.2 1 1
github.com/bzdvdn/draftrag/pkg/draftrag/eval/metrics.go:12.62,14.30 2 1
github.com/bzdvdn/draftrag/pkg/draftrag/eval/metrics.go:14.30,16.15 2 1
github.com/bzdvdn/draftrag/pkg/draftrag/eval/metrics.go:16.15,17.12 1 0
github.com/bzdvdn/draftrag/pkg/draftrag/eval/metrics.go:19.3,19.23 1 1
github.com/bzdvdn/draftrag/pkg/draftrag/eval/metrics.go:21.2,21.12 1 1
github.com/bzdvdn/draftrag/pkg/draftrag/eval/metrics.go:26.73,28.27 2 1
github.com/bzdvdn/draftrag/pkg/draftrag/eval/metrics.go:28.27,30.3 1 0
github.com/bzdvdn/draftrag/pkg/draftrag/eval/metrics.go:32.2,32.40 1 1
github.com/bzdvdn/draftrag/pkg/draftrag/eval/metrics.go:32.40,34.15 2 1
github.com/bzdvdn/draftrag/pkg/draftrag/eval/metrics.go:34.15,35.12 1 0
github.com/bzdvdn/draftrag/pkg/draftrag/eval/metrics.go:37.3,37.35 1 1
github.com/bzdvdn/draftrag/pkg/draftrag/eval/metrics.go:37.35,39.4 1 1
github.com/bzdvdn/draftrag/pkg/draftrag/eval/metrics.go:41.2,41.10 1 1
github.com/bzdvdn/draftrag/pkg/draftrag/eval/metrics.go:45.74,47.27 2 1
github.com/bzdvdn/draftrag/pkg/draftrag/eval/metrics.go:47.27,49.3 1 1
github.com/bzdvdn/draftrag/pkg/draftrag/eval/metrics.go:52.2,53.40 2 1
github.com/bzdvdn/draftrag/pkg/draftrag/eval/metrics.go:53.40,55.15 2 1
github.com/bzdvdn/draftrag/pkg/draftrag/eval/metrics.go:55.15,56.12 1 0
github.com/bzdvdn/draftrag/pkg/draftrag/eval/metrics.go:58.3,58.35 1 1
github.com/bzdvdn/draftrag/pkg/draftrag/eval/metrics.go:58.35,62.4 2 1
github.com/bzdvdn/draftrag/pkg/draftrag/eval/metrics.go:66.2,68.24 3 1
github.com/bzdvdn/draftrag/pkg/draftrag/eval/metrics.go:68.24,71.3 2 1
github.com/bzdvdn/draftrag/pkg/draftrag/eval/metrics.go:73.2,73.15 1 1
github.com/bzdvdn/draftrag/pkg/draftrag/eval/metrics.go:73.15,75.3 1 0
github.com/bzdvdn/draftrag/pkg/draftrag/eval/metrics.go:77.2,77.19 1 1
github.com/bzdvdn/draftrag/pkg/draftrag/eval/metrics.go:81.86,83.37 2 1
github.com/bzdvdn/draftrag/pkg/draftrag/eval/metrics.go:83.37,85.3 1 0
github.com/bzdvdn/draftrag/pkg/draftrag/eval/metrics.go:87.2,88.56 2 1
github.com/bzdvdn/draftrag/pkg/draftrag/eval/metrics.go:88.56,90.15 2 1
github.com/bzdvdn/draftrag/pkg/draftrag/eval/metrics.go:90.15,91.12 1 0
github.com/bzdvdn/draftrag/pkg/draftrag/eval/metrics.go:93.3,93.35 1 1
github.com/bzdvdn/draftrag/pkg/draftrag/eval/metrics.go:93.35,95.4 1 1
github.com/bzdvdn/draftrag/pkg/draftrag/eval/metrics.go:98.2,98.44 1 1
github.com/bzdvdn/draftrag/pkg/draftrag/eval/metrics.go:102.83,104.27 2 1
github.com/bzdvdn/draftrag/pkg/draftrag/eval/metrics.go:104.27,106.3 1 0
github.com/bzdvdn/draftrag/pkg/draftrag/eval/metrics.go:108.2,109.56 2 1
github.com/bzdvdn/draftrag/pkg/draftrag/eval/metrics.go:109.56,111.15 2 1
github.com/bzdvdn/draftrag/pkg/draftrag/eval/metrics.go:111.15,112.12 1 0
github.com/bzdvdn/draftrag/pkg/draftrag/eval/metrics.go:114.3,114.35 1 1
github.com/bzdvdn/draftrag/pkg/draftrag/eval/metrics.go:114.35,116.4 1 1
github.com/bzdvdn/draftrag/pkg/draftrag/eval/metrics.go:119.2,119.59 1 1
github.com/bzdvdn/draftrag/pkg/draftrag/eval/metrics.go:123.83,125.16 2 1
github.com/bzdvdn/draftrag/pkg/draftrag/eval/metrics.go:125.16,127.3 1 0
github.com/bzdvdn/draftrag/pkg/draftrag/eval/metrics.go:129.2,135.33 6 1
github.com/bzdvdn/draftrag/pkg/draftrag/eval/metrics.go:135.33,136.15 1 1
github.com/bzdvdn/draftrag/pkg/draftrag/eval/metrics.go:136.15,138.4 1 1
github.com/bzdvdn/draftrag/pkg/draftrag/eval/metrics.go:139.3,139.18 1 1
github.com/bzdvdn/draftrag/pkg/draftrag/eval/metrics.go:139.18,141.4 1 1
github.com/bzdvdn/draftrag/pkg/draftrag/eval/metrics.go:144.3,144.21 1 1
github.com/bzdvdn/draftrag/pkg/draftrag/eval/metrics.go:144.21,146.23 2 1
github.com/bzdvdn/draftrag/pkg/draftrag/eval/metrics.go:146.23,149.5 2 1
github.com/bzdvdn/draftrag/pkg/draftrag/eval/metrics.go:150.4,150.28 1 1
github.com/bzdvdn/draftrag/pkg/draftrag/eval/metrics.go:150.28,152.15 2 1
github.com/bzdvdn/draftrag/pkg/draftrag/eval/metrics.go:152.15,154.6 1 0
github.com/bzdvdn/draftrag/pkg/draftrag/eval/metrics.go:155.5,156.33 2 1
github.com/bzdvdn/draftrag/pkg/draftrag/eval/metrics.go:158.4,158.25 1 1
github.com/bzdvdn/draftrag/pkg/draftrag/eval/metrics.go:158.25,160.15 2 1
github.com/bzdvdn/draftrag/pkg/draftrag/eval/metrics.go:160.15,162.6 1 0
github.com/bzdvdn/draftrag/pkg/draftrag/eval/metrics.go:163.5,164.27 2 1
github.com/bzdvdn/draftrag/pkg/draftrag/eval/metrics.go:167.4,167.23 1 1
github.com/bzdvdn/draftrag/pkg/draftrag/eval/metrics.go:171.2,177.21 2 1
github.com/bzdvdn/draftrag/pkg/draftrag/eval/metrics.go:177.21,179.3 1 1
github.com/bzdvdn/draftrag/pkg/draftrag/eval/metrics.go:180.2,180.26 1 1
github.com/bzdvdn/draftrag/pkg/draftrag/eval/metrics.go:180.26,182.3 1 1
github.com/bzdvdn/draftrag/pkg/draftrag/eval/metrics.go:183.2,183.23 1 1
github.com/bzdvdn/draftrag/pkg/draftrag/eval/metrics.go:183.23,185.3 1 1
github.com/bzdvdn/draftrag/pkg/draftrag/eval/metrics.go:187.2,187.16 1 1
github.com/bzdvdn/draftrag/pkg/draftrag/eval/models.go:59.47,66.2 2 1
github.com/bzdvdn/draftrag/internal/infrastructure/vectorstore/chromadb.go:45.77,46.19 1 1
github.com/bzdvdn/draftrag/internal/infrastructure/vectorstore/chromadb.go:46.19,48.3 1 1
github.com/bzdvdn/draftrag/internal/infrastructure/vectorstore/chromadb.go:49.2,56.3 1 1
github.com/bzdvdn/draftrag/internal/infrastructure/vectorstore/chromadb.go:63.77,64.16 1 1
github.com/bzdvdn/draftrag/internal/infrastructure/vectorstore/chromadb.go:64.16,65.23 1 1
github.com/bzdvdn/draftrag/internal/infrastructure/vectorstore/chromadb.go:67.2,67.34 1 1
github.com/bzdvdn/draftrag/internal/infrastructure/vectorstore/chromadb.go:67.34,69.3 1 1
github.com/bzdvdn/draftrag/internal/infrastructure/vectorstore/chromadb.go:72.2,72.41 1 1
github.com/bzdvdn/draftrag/internal/infrastructure/vectorstore/chromadb.go:72.41,74.3 1 1
github.com/bzdvdn/draftrag/internal/infrastructure/vectorstore/chromadb.go:77.2,77.41 1 1
github.com/bzdvdn/draftrag/internal/infrastructure/vectorstore/chromadb.go:77.41,79.3 1 1
github.com/bzdvdn/draftrag/internal/infrastructure/vectorstore/chromadb.go:82.2,86.35 5 1
github.com/bzdvdn/draftrag/internal/infrastructure/vectorstore/chromadb.go:86.35,88.3 1 1
github.com/bzdvdn/draftrag/internal/infrastructure/vectorstore/chromadb.go:91.2,99.16 3 1
github.com/bzdvdn/draftrag/internal/infrastructure/vectorstore/chromadb.go:99.16,101.3 1 0
github.com/bzdvdn/draftrag/internal/infrastructure/vectorstore/chromadb.go:103.2,105.16 3 1
github.com/bzdvdn/draftrag/internal/infrastructure/vectorstore/chromadb.go:105.16,107.3 1 0
github.com/bzdvdn/draftrag/internal/infrastructure/vectorstore/chromadb.go:108.2,111.16 3 1
github.com/bzdvdn/draftrag/internal/infrastructure/vectorstore/chromadb.go:111.16,113.3 1 0
github.com/bzdvdn/draftrag/internal/infrastructure/vectorstore/chromadb.go:114.2,116.79 2 1
github.com/bzdvdn/draftrag/internal/infrastructure/vectorstore/chromadb.go:116.79,119.3 2 1
github.com/bzdvdn/draftrag/internal/infrastructure/vectorstore/chromadb.go:121.2,121.12 1 1
github.com/bzdvdn/draftrag/internal/infrastructure/vectorstore/chromadb.go:127.68,128.16 1 1
github.com/bzdvdn/draftrag/internal/infrastructure/vectorstore/chromadb.go:128.16,129.23 1 1
github.com/bzdvdn/draftrag/internal/infrastructure/vectorstore/chromadb.go:131.2,131.34 1 1
github.com/bzdvdn/draftrag/internal/infrastructure/vectorstore/chromadb.go:131.34,133.3 1 0
github.com/bzdvdn/draftrag/internal/infrastructure/vectorstore/chromadb.go:135.2,135.14 1 1
github.com/bzdvdn/draftrag/internal/infrastructure/vectorstore/chromadb.go:135.14,137.3 1 1
github.com/bzdvdn/draftrag/internal/infrastructure/vectorstore/chromadb.go:139.2,144.16 3 1
github.com/bzdvdn/draftrag/internal/infrastructure/vectorstore/chromadb.go:144.16,146.3 1 0
github.com/bzdvdn/draftrag/internal/infrastructure/vectorstore/chromadb.go:148.2,150.16 3 1
github.com/bzdvdn/draftrag/internal/infrastructure/vectorstore/chromadb.go:150.16,152.3 1 0
github.com/bzdvdn/draftrag/internal/infrastructure/vectorstore/chromadb.go:153.2,156.16 3 1
github.com/bzdvdn/draftrag/internal/infrastructure/vectorstore/chromadb.go:156.16,158.3 1 0
github.com/bzdvdn/draftrag/internal/infrastructure/vectorstore/chromadb.go:159.2,162.38 2 1
github.com/bzdvdn/draftrag/internal/infrastructure/vectorstore/chromadb.go:162.38,165.3 2 0
github.com/bzdvdn/draftrag/internal/infrastructure/vectorstore/chromadb.go:167.2,167.12 1 1
github.com/bzdvdn/draftrag/internal/infrastructure/vectorstore/chromadb.go:171.84,172.16 1 1
github.com/bzdvdn/draftrag/internal/infrastructure/vectorstore/chromadb.go:172.16,173.23 1 1
github.com/bzdvdn/draftrag/internal/infrastructure/vectorstore/chromadb.go:175.2,175.34 1 1
github.com/bzdvdn/draftrag/internal/infrastructure/vectorstore/chromadb.go:175.34,177.3 1 1
github.com/bzdvdn/draftrag/internal/infrastructure/vectorstore/chromadb.go:179.2,186.16 3 1
github.com/bzdvdn/draftrag/internal/infrastructure/vectorstore/chromadb.go:186.16,188.3 1 0
github.com/bzdvdn/draftrag/internal/infrastructure/vectorstore/chromadb.go:190.2,192.16 3 1
github.com/bzdvdn/draftrag/internal/infrastructure/vectorstore/chromadb.go:192.16,194.3 1 0
github.com/bzdvdn/draftrag/internal/infrastructure/vectorstore/chromadb.go:195.2,198.16 3 1
github.com/bzdvdn/draftrag/internal/infrastructure/vectorstore/chromadb.go:198.16,200.3 1 0
github.com/bzdvdn/draftrag/internal/infrastructure/vectorstore/chromadb.go:201.2,204.38 2 1
github.com/bzdvdn/draftrag/internal/infrastructure/vectorstore/chromadb.go:204.38,207.3 2 1
github.com/bzdvdn/draftrag/internal/infrastructure/vectorstore/chromadb.go:209.2,209.12 1 1
github.com/bzdvdn/draftrag/internal/infrastructure/vectorstore/chromadb.go:215.114,216.16 1 1
github.com/bzdvdn/draftrag/internal/infrastructure/vectorstore/chromadb.go:216.16,217.23 1 1
github.com/bzdvdn/draftrag/internal/infrastructure/vectorstore/chromadb.go:219.2,219.34 1 1
github.com/bzdvdn/draftrag/internal/infrastructure/vectorstore/chromadb.go:219.34,221.3 1 0
github.com/bzdvdn/draftrag/internal/infrastructure/vectorstore/chromadb.go:222.2,222.15 1 1
github.com/bzdvdn/draftrag/internal/infrastructure/vectorstore/chromadb.go:222.15,224.3 1 1
github.com/bzdvdn/draftrag/internal/infrastructure/vectorstore/chromadb.go:227.2,227.35 1 1
github.com/bzdvdn/draftrag/internal/infrastructure/vectorstore/chromadb.go:227.35,229.3 1 1
github.com/bzdvdn/draftrag/internal/infrastructure/vectorstore/chromadb.go:231.2,238.16 3 1
github.com/bzdvdn/draftrag/internal/infrastructure/vectorstore/chromadb.go:238.16,240.3 1 0
github.com/bzdvdn/draftrag/internal/infrastructure/vectorstore/chromadb.go:242.2,244.16 3 1
github.com/bzdvdn/draftrag/internal/infrastructure/vectorstore/chromadb.go:244.16,246.3 1 0
github.com/bzdvdn/draftrag/internal/infrastructure/vectorstore/chromadb.go:247.2,250.16 3 1
github.com/bzdvdn/draftrag/internal/infrastructure/vectorstore/chromadb.go:250.16,252.3 1 0
github.com/bzdvdn/draftrag/internal/infrastructure/vectorstore/chromadb.go:253.2,255.38 2 1
github.com/bzdvdn/draftrag/internal/infrastructure/vectorstore/chromadb.go:255.38,258.3 2 0
github.com/bzdvdn/draftrag/internal/infrastructure/vectorstore/chromadb.go:260.2,267.67 2 1
github.com/bzdvdn/draftrag/internal/infrastructure/vectorstore/chromadb.go:267.67,269.3 1 0
github.com/bzdvdn/draftrag/internal/infrastructure/vectorstore/chromadb.go:273.2,273.53 1 1
github.com/bzdvdn/draftrag/internal/infrastructure/vectorstore/chromadb.go:273.53,278.3 1 1
github.com/bzdvdn/draftrag/internal/infrastructure/vectorstore/chromadb.go:280.2,281.35 2 1
github.com/bzdvdn/draftrag/internal/infrastructure/vectorstore/chromadb.go:281.35,287.64 2 1
github.com/bzdvdn/draftrag/internal/infrastructure/vectorstore/chromadb.go:287.64,289.45 2 1
github.com/bzdvdn/draftrag/internal/infrastructure/vectorstore/chromadb.go:289.45,291.5 1 1
github.com/bzdvdn/draftrag/internal/infrastructure/vectorstore/chromadb.go:292.4,292.42 1 1
github.com/bzdvdn/draftrag/internal/infrastructure/vectorstore/chromadb.go:292.42,294.5 1 1
github.com/bzdvdn/draftrag/internal/infrastructure/vectorstore/chromadb.go:295.4,295.42 1 1
github.com/bzdvdn/draftrag/internal/infrastructure/vectorstore/chromadb.go:295.42,297.5 1 0
github.com/bzdvdn/draftrag/internal/infrastructure/vectorstore/chromadb.go:299.4,300.27 2 1
github.com/bzdvdn/draftrag/internal/infrastructure/vectorstore/chromadb.go:300.27,301.62 1 1
github.com/bzdvdn/draftrag/internal/infrastructure/vectorstore/chromadb.go:301.62,303.6 1 0
github.com/bzdvdn/draftrag/internal/infrastructure/vectorstore/chromadb.go:308.3,308.87 1 1
github.com/bzdvdn/draftrag/internal/infrastructure/vectorstore/chromadb.go:308.87,310.4 1 1
github.com/bzdvdn/draftrag/internal/infrastructure/vectorstore/chromadb.go:313.3,314.64 2 1
github.com/bzdvdn/draftrag/internal/infrastructure/vectorstore/chromadb.go:314.64,317.4 1 1
github.com/bzdvdn/draftrag/internal/infrastructure/vectorstore/chromadb.go:319.3,322.5 1 1
github.com/bzdvdn/draftrag/internal/infrastructure/vectorstore/chromadb.go:325.2,328.8 1 1
github.com/bzdvdn/draftrag/internal/infrastructure/vectorstore/chromadb.go:339.35,340.32 1 1
github.com/bzdvdn/draftrag/internal/infrastructure/vectorstore/chromadb.go:340.32,342.3 1 1
github.com/bzdvdn/draftrag/internal/infrastructure/vectorstore/chromadb.go:344.2,344.16 1 1
github.com/bzdvdn/draftrag/internal/infrastructure/vectorstore/chromadb.go:344.16,345.23 1 0
github.com/bzdvdn/draftrag/internal/infrastructure/vectorstore/chromadb.go:347.2,347.34 1 1
github.com/bzdvdn/draftrag/internal/infrastructure/vectorstore/chromadb.go:347.34,349.3 1 0
github.com/bzdvdn/draftrag/internal/infrastructure/vectorstore/chromadb.go:350.2,350.15 1 1
github.com/bzdvdn/draftrag/internal/infrastructure/vectorstore/chromadb.go:350.15,352.3 1 0
github.com/bzdvdn/draftrag/internal/infrastructure/vectorstore/chromadb.go:354.2,354.35 1 1
github.com/bzdvdn/draftrag/internal/infrastructure/vectorstore/chromadb.go:354.35,356.3 1 0
github.com/bzdvdn/draftrag/internal/infrastructure/vectorstore/chromadb.go:359.2,360.44 2 1
github.com/bzdvdn/draftrag/internal/infrastructure/vectorstore/chromadb.go:360.44,364.3 1 1
github.com/bzdvdn/draftrag/internal/infrastructure/vectorstore/chromadb.go:366.2,372.31 2 1
github.com/bzdvdn/draftrag/internal/infrastructure/vectorstore/chromadb.go:372.31,375.3 1 0
github.com/bzdvdn/draftrag/internal/infrastructure/vectorstore/chromadb.go:375.8,380.3 1 1
github.com/bzdvdn/draftrag/internal/infrastructure/vectorstore/chromadb.go:382.2,383.16 2 1
github.com/bzdvdn/draftrag/internal/infrastructure/vectorstore/chromadb.go:383.16,385.3 1 0
github.com/bzdvdn/draftrag/internal/infrastructure/vectorstore/chromadb.go:387.2,389.16 3 1
github.com/bzdvdn/draftrag/internal/infrastructure/vectorstore/chromadb.go:389.16,391.3 1 0
github.com/bzdvdn/draftrag/internal/infrastructure/vectorstore/chromadb.go:392.2,395.16 3 1
github.com/bzdvdn/draftrag/internal/infrastructure/vectorstore/chromadb.go:395.16,397.3 1 0
github.com/bzdvdn/draftrag/internal/infrastructure/vectorstore/chromadb.go:398.2,400.38 2 1
github.com/bzdvdn/draftrag/internal/infrastructure/vectorstore/chromadb.go:400.38,403.3 2 0
github.com/bzdvdn/draftrag/internal/infrastructure/vectorstore/chromadb.go:405.2,412.67 2 1
github.com/bzdvdn/draftrag/internal/infrastructure/vectorstore/chromadb.go:412.67,414.3 1 0
github.com/bzdvdn/draftrag/internal/infrastructure/vectorstore/chromadb.go:416.2,416.53 1 1
github.com/bzdvdn/draftrag/internal/infrastructure/vectorstore/chromadb.go:416.53,421.3 1 0
github.com/bzdvdn/draftrag/internal/infrastructure/vectorstore/chromadb.go:423.2,424.35 2 1
github.com/bzdvdn/draftrag/internal/infrastructure/vectorstore/chromadb.go:424.35,427.64 2 1
github.com/bzdvdn/draftrag/internal/infrastructure/vectorstore/chromadb.go:427.64,429.45 2 1
github.com/bzdvdn/draftrag/internal/infrastructure/vectorstore/chromadb.go:429.45,431.5 1 1
github.com/bzdvdn/draftrag/internal/infrastructure/vectorstore/chromadb.go:432.4,432.42 1 1
github.com/bzdvdn/draftrag/internal/infrastructure/vectorstore/chromadb.go:432.42,434.5 1 0
github.com/bzdvdn/draftrag/internal/infrastructure/vectorstore/chromadb.go:435.4,435.42 1 1
github.com/bzdvdn/draftrag/internal/infrastructure/vectorstore/chromadb.go:435.42,437.5 1 0
github.com/bzdvdn/draftrag/internal/infrastructure/vectorstore/chromadb.go:438.4,439.27 2 1
github.com/bzdvdn/draftrag/internal/infrastructure/vectorstore/chromadb.go:439.27,440.62 1 1
github.com/bzdvdn/draftrag/internal/infrastructure/vectorstore/chromadb.go:440.62,442.6 1 0
github.com/bzdvdn/draftrag/internal/infrastructure/vectorstore/chromadb.go:446.3,446.87 1 1
github.com/bzdvdn/draftrag/internal/infrastructure/vectorstore/chromadb.go:446.87,448.4 1 1
github.com/bzdvdn/draftrag/internal/infrastructure/vectorstore/chromadb.go:450.3,451.64 2 1
github.com/bzdvdn/draftrag/internal/infrastructure/vectorstore/chromadb.go:451.64,453.4 1 1
github.com/bzdvdn/draftrag/internal/infrastructure/vectorstore/chromadb.go:455.3,458.5 1 1
github.com/bzdvdn/draftrag/internal/infrastructure/vectorstore/chromadb.go:461.2,464.8 1 1
github.com/bzdvdn/draftrag/internal/infrastructure/vectorstore/chromadb.go:476.35,477.29 1 1
github.com/bzdvdn/draftrag/internal/infrastructure/vectorstore/chromadb.go:477.29,479.3 1 1
github.com/bzdvdn/draftrag/internal/infrastructure/vectorstore/chromadb.go:481.2,481.16 1 1
github.com/bzdvdn/draftrag/internal/infrastructure/vectorstore/chromadb.go:481.16,482.23 1 0
github.com/bzdvdn/draftrag/internal/infrastructure/vectorstore/chromadb.go:484.2,484.34 1 1
github.com/bzdvdn/draftrag/internal/infrastructure/vectorstore/chromadb.go:484.34,486.3 1 0
github.com/bzdvdn/draftrag/internal/infrastructure/vectorstore/chromadb.go:487.2,487.15 1 1
github.com/bzdvdn/draftrag/internal/infrastructure/vectorstore/chromadb.go:487.15,489.3 1 0
github.com/bzdvdn/draftrag/internal/infrastructure/vectorstore/chromadb.go:491.2,491.35 1 1
github.com/bzdvdn/draftrag/internal/infrastructure/vectorstore/chromadb.go:491.35,493.3 1 0
github.com/bzdvdn/draftrag/internal/infrastructure/vectorstore/chromadb.go:496.2,497.34 2 1
github.com/bzdvdn/draftrag/internal/infrastructure/vectorstore/chromadb.go:497.34,499.3 1 1
github.com/bzdvdn/draftrag/internal/infrastructure/vectorstore/chromadb.go:501.2,509.16 3 1
github.com/bzdvdn/draftrag/internal/infrastructure/vectorstore/chromadb.go:509.16,511.3 1 0
github.com/bzdvdn/draftrag/internal/infrastructure/vectorstore/chromadb.go:513.2,515.16 3 1
github.com/bzdvdn/draftrag/internal/infrastructure/vectorstore/chromadb.go:515.16,517.3 1 0
[...]
github.com/bzdvdn/draftrag/pkg/draftrag/qdrant.go:162.2,163.15 2 1
github.com/bzdvdn/draftrag/pkg/draftrag/qdrant.go:163.15,165.3 1 0
github.com/bzdvdn/draftrag/pkg/draftrag/qdrant.go:167.2,168.18 2 1
github.com/bzdvdn/draftrag/pkg/draftrag/qdrant.go:168.18,170.3 1 1
github.com/bzdvdn/draftrag/pkg/draftrag/qdrant.go:172.2,176.16 4 1
github.com/bzdvdn/draftrag/pkg/draftrag/qdrant.go:176.16,178.3 1 0
github.com/bzdvdn/draftrag/pkg/draftrag/qdrant.go:180.2,181.16 2 1
github.com/bzdvdn/draftrag/pkg/draftrag/qdrant.go:181.16,183.3 1 0
github.com/bzdvdn/draftrag/pkg/draftrag/qdrant.go:184.2,186.38 2 1
github.com/bzdvdn/draftrag/pkg/draftrag/qdrant.go:186.38,189.3 2 0
github.com/bzdvdn/draftrag/pkg/draftrag/qdrant.go:191.2,195.67 2 1
github.com/bzdvdn/draftrag/pkg/draftrag/qdrant.go:195.67,197.3 1 0
github.com/bzdvdn/draftrag/pkg/draftrag/qdrant.go:199.2,199.27 1 1
github.com/bzdvdn/draftrag/pkg/draftrag/resilience.go:56.96,58.22 2 1
github.com/bzdvdn/draftrag/pkg/draftrag/resilience.go:58.22,60.3 1 1
github.com/bzdvdn/draftrag/pkg/draftrag/resilience.go:62.2,63.21 2 1
github.com/bzdvdn/draftrag/pkg/draftrag/resilience.go:63.21,65.3 1 0
github.com/bzdvdn/draftrag/pkg/draftrag/resilience.go:66.2,66.20 1 1
github.com/bzdvdn/draftrag/pkg/draftrag/resilience.go:66.20,68.3 1 0
github.com/bzdvdn/draftrag/pkg/draftrag/resilience.go:69.2,69.22 1 1
github.com/bzdvdn/draftrag/pkg/draftrag/resilience.go:69.22,71.3 1 0
github.com/bzdvdn/draftrag/pkg/draftrag/resilience.go:72.2,72.24 1 1
github.com/bzdvdn/draftrag/pkg/draftrag/resilience.go:72.24,74.3 1 0
github.com/bzdvdn/draftrag/pkg/draftrag/resilience.go:75.2,78.23 3 1
github.com/bzdvdn/draftrag/pkg/draftrag/resilience.go:78.23,80.3 1 0
github.com/bzdvdn/draftrag/pkg/draftrag/resilience.go:81.2,81.21 1 1
github.com/bzdvdn/draftrag/pkg/draftrag/resilience.go:81.21,83.3 1 0
github.com/bzdvdn/draftrag/pkg/draftrag/resilience.go:85.2,85.16 1 1
github.com/bzdvdn/draftrag/pkg/draftrag/resilience.go:107.69,112.2 2 0
github.com/bzdvdn/draftrag/pkg/draftrag/resilience.go:127.78,132.2 2 1
github.com/bzdvdn/draftrag/pkg/draftrag/search.go:40.59,46.2 1 1
github.com/bzdvdn/draftrag/pkg/draftrag/search.go:49.52,52.2 2 1
github.com/bzdvdn/draftrag/pkg/draftrag/search.go:56.65,59.2 2 1
github.com/bzdvdn/draftrag/pkg/draftrag/search.go:62.65,65.2 2 1
github.com/bzdvdn/draftrag/pkg/draftrag/search.go:69.65,72.2 2 0
github.com/bzdvdn/draftrag/pkg/draftrag/search.go:77.47,80.2 2 1
github.com/bzdvdn/draftrag/pkg/draftrag/search.go:85.58,87.23 2 1
github.com/bzdvdn/draftrag/pkg/draftrag/search.go:87.23,89.3 1 0
github.com/bzdvdn/draftrag/pkg/draftrag/search.go:90.2,90.10 1 1
github.com/bzdvdn/draftrag/pkg/draftrag/search.go:93.52,95.13 2 1
github.com/bzdvdn/draftrag/pkg/draftrag/search.go:95.13,97.3 1 1
github.com/bzdvdn/draftrag/pkg/draftrag/search.go:98.2,98.17 1 1
github.com/bzdvdn/draftrag/pkg/draftrag/search.go:98.17,100.3 1 1
github.com/bzdvdn/draftrag/pkg/draftrag/search.go:101.2,101.15 1 1
github.com/bzdvdn/draftrag/pkg/draftrag/search.go:105.80,106.16 1 1
github.com/bzdvdn/draftrag/pkg/draftrag/search.go:106.16,107.23 1 1
github.com/bzdvdn/draftrag/pkg/draftrag/search.go:109.2,109.34 1 1
github.com/bzdvdn/draftrag/pkg/draftrag/search.go:109.34,111.3 1 0
github.com/bzdvdn/draftrag/pkg/draftrag/search.go:112.2,113.16 2 1
github.com/bzdvdn/draftrag/pkg/draftrag/search.go:113.16,115.3 1 1
github.com/bzdvdn/draftrag/pkg/draftrag/search.go:117.2,117.12 1 1
github.com/bzdvdn/draftrag/pkg/draftrag/search.go:117.12,119.3 1 1
github.com/bzdvdn/draftrag/pkg/draftrag/search.go:120.2,120.22 1 1
github.com/bzdvdn/draftrag/pkg/draftrag/search.go:120.22,122.3 1 1
github.com/bzdvdn/draftrag/pkg/draftrag/search.go:123.2,123.21 1 1
github.com/bzdvdn/draftrag/pkg/draftrag/search.go:123.21,125.56 2 0
github.com/bzdvdn/draftrag/pkg/draftrag/search.go:125.56,127.4 1 0
github.com/bzdvdn/draftrag/pkg/draftrag/search.go:128.3,128.18 1 0
github.com/bzdvdn/draftrag/pkg/draftrag/search.go:130.2,130.26 1 1
github.com/bzdvdn/draftrag/pkg/draftrag/search.go:130.26,132.57 2 1
github.com/bzdvdn/draftrag/pkg/draftrag/search.go:132.57,134.4 1 0
github.com/bzdvdn/draftrag/pkg/draftrag/search.go:135.3,135.18 1 1
github.com/bzdvdn/draftrag/pkg/draftrag/search.go:137.2,137.30 1 1
github.com/bzdvdn/draftrag/pkg/draftrag/search.go:137.30,139.57 2 1
github.com/bzdvdn/draftrag/pkg/draftrag/search.go:139.57,141.4 1 0
github.com/bzdvdn/draftrag/pkg/draftrag/search.go:142.3,142.18 1 1
github.com/bzdvdn/draftrag/pkg/draftrag/search.go:144.2,144.46 1 1
github.com/bzdvdn/draftrag/pkg/draftrag/search.go:148.69,149.16 1 1
github.com/bzdvdn/draftrag/pkg/draftrag/search.go:149.16,150.23 1 0
github.com/bzdvdn/draftrag/pkg/draftrag/search.go:152.2,152.34 1 1
github.com/bzdvdn/draftrag/pkg/draftrag/search.go:152.34,154.3 1 1
github.com/bzdvdn/draftrag/pkg/draftrag/search.go:155.2,156.16 2 1
github.com/bzdvdn/draftrag/pkg/draftrag/search.go:156.16,158.3 1 1
github.com/bzdvdn/draftrag/pkg/draftrag/search.go:160.2,160.12 1 1
github.com/bzdvdn/draftrag/pkg/draftrag/search.go:160.12,162.3 1 1
github.com/bzdvdn/draftrag/pkg/draftrag/search.go:163.2,163.22 1 1
github.com/bzdvdn/draftrag/pkg/draftrag/search.go:163.22,165.3 1 1
github.com/bzdvdn/draftrag/pkg/draftrag/search.go:166.2,166.21 1 1
github.com/bzdvdn/draftrag/pkg/draftrag/search.go:166.21,168.56 2 0
github.com/bzdvdn/draftrag/pkg/draftrag/search.go:168.56,170.4 1 0
github.com/bzdvdn/draftrag/pkg/draftrag/search.go:171.3,171.21 1 0
github.com/bzdvdn/draftrag/pkg/draftrag/search.go:173.2,173.26 1 1
github.com/bzdvdn/draftrag/pkg/draftrag/search.go:173.26,175.57 2 0
github.com/bzdvdn/draftrag/pkg/draftrag/search.go:175.57,177.4 1 0
github.com/bzdvdn/draftrag/pkg/draftrag/search.go:178.3,178.21 1 0
github.com/bzdvdn/draftrag/pkg/draftrag/search.go:180.2,180.30 1 1
github.com/bzdvdn/draftrag/pkg/draftrag/search.go:180.30,182.57 2 0
github.com/bzdvdn/draftrag/pkg/draftrag/search.go:182.57,184.4 1 0
github.com/bzdvdn/draftrag/pkg/draftrag/search.go:185.3,185.21 1 0
github.com/bzdvdn/draftrag/pkg/draftrag/search.go:187.2,187.47 1 1
github.com/bzdvdn/draftrag/pkg/draftrag/search.go:192.84,193.16 1 1
github.com/bzdvdn/draftrag/pkg/draftrag/search.go:193.16,194.23 1 0
github.com/bzdvdn/draftrag/pkg/draftrag/search.go:196.2,196.34 1 1
github.com/bzdvdn/draftrag/pkg/draftrag/search.go:196.34,198.3 1 0
github.com/bzdvdn/draftrag/pkg/draftrag/search.go:199.2,200.16 2 1
github.com/bzdvdn/draftrag/pkg/draftrag/search.go:200.16,202.3 1 1
github.com/bzdvdn/draftrag/pkg/draftrag/search.go:204.2,204.12 1 1
github.com/bzdvdn/draftrag/pkg/draftrag/search.go:204.12,206.3 1 0
github.com/bzdvdn/draftrag/pkg/draftrag/search.go:207.2,207.22 1 1
github.com/bzdvdn/draftrag/pkg/draftrag/search.go:207.22,209.3 1 0
github.com/bzdvdn/draftrag/pkg/draftrag/search.go:210.2,210.21 1 1
github.com/bzdvdn/draftrag/pkg/draftrag/search.go:210.21,212.56 2 0
github.com/bzdvdn/draftrag/pkg/draftrag/search.go:212.56,214.4 1 0
github.com/bzdvdn/draftrag/pkg/draftrag/search.go:215.3,215.30 1 0
github.com/bzdvdn/draftrag/pkg/draftrag/search.go:217.2,217.26 1 1
github.com/bzdvdn/draftrag/pkg/draftrag/search.go:217.26,219.57 2 0
github.com/bzdvdn/draftrag/pkg/draftrag/search.go:219.57,221.4 1 0
github.com/bzdvdn/draftrag/pkg/draftrag/search.go:222.3,222.30 1 0
github.com/bzdvdn/draftrag/pkg/draftrag/search.go:224.2,224.30 1 1
github.com/bzdvdn/draftrag/pkg/draftrag/search.go:224.30,226.57 2 0
github.com/bzdvdn/draftrag/pkg/draftrag/search.go:226.57,228.4 1 0
github.com/bzdvdn/draftrag/pkg/draftrag/search.go:229.3,229.30 1 0
github.com/bzdvdn/draftrag/pkg/draftrag/search.go:231.2,231.60 1 1
github.com/bzdvdn/draftrag/pkg/draftrag/search.go:237.108,238.16 1 1
github.com/bzdvdn/draftrag/pkg/draftrag/search.go:238.16,239.23 1 0
github.com/bzdvdn/draftrag/pkg/draftrag/search.go:241.2,241.34 1 1
github.com/bzdvdn/draftrag/pkg/draftrag/search.go:241.34,243.3 1 0
github.com/bzdvdn/draftrag/pkg/draftrag/search.go:244.2,245.16 2 1
github.com/bzdvdn/draftrag/pkg/draftrag/search.go:245.16,247.3 1 1
github.com/bzdvdn/draftrag/pkg/draftrag/search.go:249.2,249.12 1 1
github.com/bzdvdn/draftrag/pkg/draftrag/search.go:249.12,251.3 1 0
github.com/bzdvdn/draftrag/pkg/draftrag/search.go:252.2,252.22 1 1
github.com/bzdvdn/draftrag/pkg/draftrag/search.go:252.22,254.3 1 0
github.com/bzdvdn/draftrag/pkg/draftrag/search.go:255.2,255.21 1 1
github.com/bzdvdn/draftrag/pkg/draftrag/search.go:255.21,257.56 2 0
github.com/bzdvdn/draftrag/pkg/draftrag/search.go:257.56,259.4 1 0
github.com/bzdvdn/draftrag/pkg/draftrag/search.go:260.3,260.41 1 0
github.com/bzdvdn/draftrag/pkg/draftrag/search.go:262.2,262.26 1 1
github.com/bzdvdn/draftrag/pkg/draftrag/search.go:262.26,264.57 2 0
github.com/bzdvdn/draftrag/pkg/draftrag/search.go:264.57,266.4 1 0
github.com/bzdvdn/draftrag/pkg/draftrag/search.go:267.3,267.41 1 0
github.com/bzdvdn/draftrag/pkg/draftrag/search.go:269.2,269.30 1 1
github.com/bzdvdn/draftrag/pkg/draftrag/search.go:269.30,272.57 2 1
github.com/bzdvdn/draftrag/pkg/draftrag/search.go:272.57,274.4 1 1
github.com/bzdvdn/draftrag/pkg/draftrag/search.go:275.3,275.41 1 0
github.com/bzdvdn/draftrag/pkg/draftrag/search.go:277.2,277.66 1 0
github.com/bzdvdn/draftrag/pkg/draftrag/search.go:283.76,284.16 1 1
github.com/bzdvdn/draftrag/pkg/draftrag/search.go:284.16,285.23 1 0
github.com/bzdvdn/draftrag/pkg/draftrag/search.go:287.2,287.34 1 1
github.com/bzdvdn/draftrag/pkg/draftrag/search.go:287.34,289.3 1 1
github.com/bzdvdn/draftrag/pkg/draftrag/search.go:290.2,291.16 2 1
github.com/bzdvdn/draftrag/pkg/draftrag/search.go:291.16,293.3 1 1
github.com/bzdvdn/draftrag/pkg/draftrag/search.go:295.2,295.12 1 1
github.com/bzdvdn/draftrag/pkg/draftrag/search.go:295.12,297.59 2 0
github.com/bzdvdn/draftrag/pkg/draftrag/search.go:297.59,299.4 1 0
github.com/bzdvdn/draftrag/pkg/draftrag/search.go:300.3,300.24 1 0
github.com/bzdvdn/draftrag/pkg/draftrag/search.go:302.2,302.22 1 1
github.com/bzdvdn/draftrag/pkg/draftrag/search.go:302.22,304.59 2 0
github.com/bzdvdn/draftrag/pkg/draftrag/search.go:304.59,306.4 1 0
github.com/bzdvdn/draftrag/pkg/draftrag/search.go:307.3,307.24 1 0
github.com/bzdvdn/draftrag/pkg/draftrag/search.go:309.2,309.21 1 1
github.com/bzdvdn/draftrag/pkg/draftrag/search.go:309.21,311.56 2 0
github.com/bzdvdn/draftrag/pkg/draftrag/search.go:311.56,313.4 1 0
github.com/bzdvdn/draftrag/pkg/draftrag/search.go:314.3,314.59 1 0
github.com/bzdvdn/draftrag/pkg/draftrag/search.go:314.59,316.4 1 0
github.com/bzdvdn/draftrag/pkg/draftrag/search.go:317.3,317.24 1 0
github.com/bzdvdn/draftrag/pkg/draftrag/search.go:319.2,319.26 1 1
github.com/bzdvdn/draftrag/pkg/draftrag/search.go:319.26,321.57 2 0
github.com/bzdvdn/draftrag/pkg/draftrag/search.go:321.57,323.4 1 0
github.com/bzdvdn/draftrag/pkg/draftrag/search.go:324.3,324.59 1 0
github.com/bzdvdn/draftrag/pkg/draftrag/search.go:324.59,326.4 1 0
github.com/bzdvdn/draftrag/pkg/draftrag/search.go:327.3,327.24 1 0
github.com/bzdvdn/draftrag/pkg/draftrag/search.go:329.2,329.30 1 1
github.com/bzdvdn/draftrag/pkg/draftrag/search.go:329.30,331.57 2 0
github.com/bzdvdn/draftrag/pkg/draftrag/search.go:331.57,333.4 1 0
github.com/bzdvdn/draftrag/pkg/draftrag/search.go:334.3,334.59 1 0
github.com/bzdvdn/draftrag/pkg/draftrag/search.go:334.59,336.4 1 0
github.com/bzdvdn/draftrag/pkg/draftrag/search.go:337.3,337.24 1 0
github.com/bzdvdn/draftrag/pkg/draftrag/search.go:339.2,340.58 2 1
github.com/bzdvdn/draftrag/pkg/draftrag/search.go:340.58,342.3 1 1
github.com/bzdvdn/draftrag/pkg/draftrag/search.go:343.2,343.23 1 1
github.com/bzdvdn/draftrag/pkg/draftrag/search.go:352.100,353.16 1 1
github.com/bzdvdn/draftrag/pkg/draftrag/search.go:353.16,354.23 1 0
github.com/bzdvdn/draftrag/pkg/draftrag/search.go:356.2,356.34 1 1
github.com/bzdvdn/draftrag/pkg/draftrag/search.go:356.34,358.3 1 0
github.com/bzdvdn/draftrag/pkg/draftrag/search.go:359.2,360.16 2 1
github.com/bzdvdn/draftrag/pkg/draftrag/search.go:360.16,362.3 1 0
github.com/bzdvdn/draftrag/pkg/draftrag/search.go:364.2,364.12 1 1
github.com/bzdvdn/draftrag/pkg/draftrag/search.go:364.12,366.59 2 0
github.com/bzdvdn/draftrag/pkg/draftrag/search.go:366.59,368.4 1 0
github.com/bzdvdn/draftrag/pkg/draftrag/search.go:369.3,369.33 1 0
github.com/bzdvdn/draftrag/pkg/draftrag/search.go:371.2,371.22 1 1
github.com/bzdvdn/draftrag/pkg/draftrag/search.go:371.22,373.59 2 0
github.com/bzdvdn/draftrag/pkg/draftrag/search.go:373.59,375.4 1 0
github.com/bzdvdn/draftrag/pkg/draftrag/search.go:376.3,376.33 1 0
github.com/bzdvdn/draftrag/pkg/draftrag/search.go:378.2,378.21 1 1
github.com/bzdvdn/draftrag/pkg/draftrag/search.go:378.21,380.56 2 0
github.com/bzdvdn/draftrag/pkg/draftrag/search.go:380.56,382.4 1 0
github.com/bzdvdn/draftrag/pkg/draftrag/search.go:383.3,383.59 1 0
github.com/bzdvdn/draftrag/pkg/draftrag/search.go:383.59,385.4 1 0
github.com/bzdvdn/draftrag/pkg/draftrag/search.go:386.3,386.33 1 0
github.com/bzdvdn/draftrag/pkg/draftrag/search.go:388.2,388.26 1 1
github.com/bzdvdn/draftrag/pkg/draftrag/search.go:388.26,390.57 2 0
github.com/bzdvdn/draftrag/pkg/draftrag/search.go:390.57,392.4 1 0
github.com/bzdvdn/draftrag/pkg/draftrag/search.go:393.3,393.59 1 0
github.com/bzdvdn/draftrag/pkg/draftrag/search.go:393.59,395.4 1 0
github.com/bzdvdn/draftrag/pkg/draftrag/search.go:396.3,396.33 1 0
github.com/bzdvdn/draftrag/pkg/draftrag/search.go:398.2,398.30 1 1
github.com/bzdvdn/draftrag/pkg/draftrag/search.go:398.30,400.57 2 0
github.com/bzdvdn/draftrag/pkg/draftrag/search.go:400.57,402.4 1 0
github.com/bzdvdn/draftrag/pkg/draftrag/search.go:403.3,403.59 1 0
github.com/bzdvdn/draftrag/pkg/draftrag/search.go:403.59,405.4 1 0
github.com/bzdvdn/draftrag/pkg/draftrag/search.go:406.3,406.33 1 0
github.com/bzdvdn/draftrag/pkg/draftrag/search.go:408.2,409.58 2 1
github.com/bzdvdn/draftrag/pkg/draftrag/search.go:409.58,411.3 1 1
github.com/bzdvdn/draftrag/pkg/draftrag/search.go:412.2,412.32 1 0
github.com/bzdvdn/draftrag/pkg/draftrag/search.go:419.115,420.16 1 1
github.com/bzdvdn/draftrag/pkg/draftrag/search.go:420.16,421.23 1 0
github.com/bzdvdn/draftrag/pkg/draftrag/search.go:423.2,423.34 1 1
github.com/bzdvdn/draftrag/pkg/draftrag/search.go:423.34,425.3 1 0
github.com/bzdvdn/draftrag/pkg/draftrag/search.go:426.2,427.16 2 1
github.com/bzdvdn/draftrag/pkg/draftrag/search.go:427.16,429.3 1 1
github.com/bzdvdn/draftrag/pkg/draftrag/search.go:431.2,431.12 1 1
github.com/bzdvdn/draftrag/pkg/draftrag/search.go:431.12,433.59 2 0
github.com/bzdvdn/draftrag/pkg/draftrag/search.go:433.59,435.4 1 0
github.com/bzdvdn/draftrag/pkg/draftrag/search.go:436.3,436.44 1 0
github.com/bzdvdn/draftrag/pkg/draftrag/search.go:438.2,438.22 1 1
github.com/bzdvdn/draftrag/pkg/draftrag/search.go:438.22,440.59 2 0
github.com/bzdvdn/draftrag/pkg/draftrag/search.go:440.59,442.4 1 0
github.com/bzdvdn/draftrag/pkg/draftrag/search.go:443.3,443.44 1 0
github.com/bzdvdn/draftrag/pkg/draftrag/search.go:445.2,445.21 1 1
github.com/bzdvdn/draftrag/pkg/draftrag/search.go:445.21,447.56 2 0
github.com/bzdvdn/draftrag/pkg/draftrag/search.go:447.56,449.4 1 0
github.com/bzdvdn/draftrag/pkg/draftrag/search.go:450.3,450.59 1 0
github.com/bzdvdn/draftrag/pkg/draftrag/search.go:450.59,452.4 1 0
github.com/bzdvdn/draftrag/pkg/draftrag/search.go:453.3,453.44 1 0
github.com/bzdvdn/draftrag/pkg/draftrag/search.go:455.2,455.26 1 1
github.com/bzdvdn/draftrag/pkg/draftrag/search.go:455.26,457.57 2 0
github.com/bzdvdn/draftrag/pkg/draftrag/search.go:457.57,459.4 1 0
github.com/bzdvdn/draftrag/pkg/draftrag/search.go:460.3,460.59 1 0
github.com/bzdvdn/draftrag/pkg/draftrag/search.go:460.59,462.4 1 0
github.com/bzdvdn/draftrag/pkg/draftrag/search.go:463.3,463.44 1 0
github.com/bzdvdn/draftrag/pkg/draftrag/search.go:465.2,465.30 1 1
github.com/bzdvdn/draftrag/pkg/draftrag/search.go:465.30,467.57 2 0
github.com/bzdvdn/draftrag/pkg/draftrag/search.go:467.57,469.4 1 0
github.com/bzdvdn/draftrag/pkg/draftrag/search.go:470.3,470.59 1 0
github.com/bzdvdn/draftrag/pkg/draftrag/search.go:470.59,472.4 1 0
github.com/bzdvdn/draftrag/pkg/draftrag/search.go:473.3,473.44 1 0
github.com/bzdvdn/draftrag/pkg/draftrag/search.go:475.2,476.58 2 1
github.com/bzdvdn/draftrag/pkg/draftrag/search.go:476.58,478.3 1 1
github.com/bzdvdn/draftrag/pkg/draftrag/search.go:479.2,479.43 1 1
github.com/bzdvdn/draftrag/pkg/draftrag/weaviate.go:33.43,34.18 1 1
github.com/bzdvdn/draftrag/pkg/draftrag/weaviate.go:34.18,36.3 1 1
github.com/bzdvdn/draftrag/pkg/draftrag/weaviate.go:37.2,37.24 1 1
github.com/bzdvdn/draftrag/pkg/draftrag/weaviate.go:37.24,39.3 1 1
github.com/bzdvdn/draftrag/pkg/draftrag/weaviate.go:40.2,40.12 1 1
github.com/bzdvdn/draftrag/pkg/draftrag/weaviate.go:44.42,45.20 1 1
github.com/bzdvdn/draftrag/pkg/draftrag/weaviate.go:45.20,47.3 1 1
github.com/bzdvdn/draftrag/pkg/draftrag/weaviate.go:48.2,48.17 1 1
github.com/bzdvdn/draftrag/pkg/draftrag/weaviate.go:52.43,54.2 1 1
github.com/bzdvdn/draftrag/pkg/draftrag/weaviate.go:60.66,61.40 1 1
github.com/bzdvdn/draftrag/pkg/draftrag/weaviate.go:61.40,63.3 1 1
github.com/bzdvdn/draftrag/pkg/draftrag/weaviate.go:64.2,64.98 1 1
github.com/bzdvdn/draftrag/pkg/draftrag/weaviate.go:71.80,72.40 1 1
github.com/bzdvdn/draftrag/pkg/draftrag/weaviate.go:72.40,74.3 1 0
github.com/bzdvdn/draftrag/pkg/draftrag/weaviate.go:76.2,77.18 2 1
github.com/bzdvdn/draftrag/pkg/draftrag/weaviate.go:77.18,79.3 1 1
github.com/bzdvdn/draftrag/pkg/draftrag/weaviate.go:80.2,95.16 4 1
github.com/bzdvdn/draftrag/pkg/draftrag/weaviate.go:95.16,97.3 1 0
github.com/bzdvdn/draftrag/pkg/draftrag/weaviate.go:99.2,101.16 3 1
github.com/bzdvdn/draftrag/pkg/draftrag/weaviate.go:101.16,103.3 1 0
github.com/bzdvdn/draftrag/pkg/draftrag/weaviate.go:104.2,105.23 2 1
github.com/bzdvdn/draftrag/pkg/draftrag/weaviate.go:105.23,107.3 1 1
github.com/bzdvdn/draftrag/pkg/draftrag/weaviate.go:109.2,110.16 2 1
github.com/bzdvdn/draftrag/pkg/draftrag/weaviate.go:110.16,112.3 1 1
github.com/bzdvdn/draftrag/pkg/draftrag/weaviate.go:113.2,116.91 2 1
github.com/bzdvdn/draftrag/pkg/draftrag/weaviate.go:116.91,118.3 1 1
github.com/bzdvdn/draftrag/pkg/draftrag/weaviate.go:120.2,122.88 3 1
github.com/bzdvdn/draftrag/pkg/draftrag/weaviate.go:129.80,130.27 1 1
github.com/bzdvdn/draftrag/pkg/draftrag/weaviate.go:130.27,132.3 1 0
github.com/bzdvdn/draftrag/pkg/draftrag/weaviate.go:134.2,135.18 2 1
github.com/bzdvdn/draftrag/pkg/draftrag/weaviate.go:135.18,137.3 1 1
github.com/bzdvdn/draftrag/pkg/draftrag/weaviate.go:138.2,142.16 4 1
github.com/bzdvdn/draftrag/pkg/draftrag/weaviate.go:142.16,144.3 1 0
github.com/bzdvdn/draftrag/pkg/draftrag/weaviate.go:145.2,145.23 1 1
github.com/bzdvdn/draftrag/pkg/draftrag/weaviate.go:145.23,147.3 1 0
github.com/bzdvdn/draftrag/pkg/draftrag/weaviate.go:149.2,150.16 2 1
github.com/bzdvdn/draftrag/pkg/draftrag/weaviate.go:150.16,152.3 1 1
github.com/bzdvdn/draftrag/pkg/draftrag/weaviate.go:153.2,155.80 2 1
github.com/bzdvdn/draftrag/pkg/draftrag/weaviate.go:155.80,157.3 1 1
github.com/bzdvdn/draftrag/pkg/draftrag/weaviate.go:159.2,161.88 3 1
github.com/bzdvdn/draftrag/pkg/draftrag/weaviate.go:168.88,169.27 1 1
github.com/bzdvdn/draftrag/pkg/draftrag/weaviate.go:169.27,171.3 1 0
github.com/bzdvdn/draftrag/pkg/draftrag/weaviate.go:173.2,174.18 2 1
github.com/bzdvdn/draftrag/pkg/draftrag/weaviate.go:174.18,176.3 1 1
github.com/bzdvdn/draftrag/pkg/draftrag/weaviate.go:177.2,181.16 4 1
github.com/bzdvdn/draftrag/pkg/draftrag/weaviate.go:181.16,183.3 1 0
github.com/bzdvdn/draftrag/pkg/draftrag/weaviate.go:184.2,184.23 1 1
github.com/bzdvdn/draftrag/pkg/draftrag/weaviate.go:184.23,186.3 1 0
github.com/bzdvdn/draftrag/pkg/draftrag/weaviate.go:188.2,189.16 2 1
github.com/bzdvdn/draftrag/pkg/draftrag/weaviate.go:189.16,191.3 1 1
github.com/bzdvdn/draftrag/pkg/draftrag/weaviate.go:192.2,194.38 2 1
github.com/bzdvdn/draftrag/pkg/draftrag/weaviate.go:194.38,196.3 1 1
github.com/bzdvdn/draftrag/pkg/draftrag/weaviate.go:197.2,197.44 1 1
github.com/bzdvdn/draftrag/pkg/draftrag/weaviate.go:197.44,199.3 1 1
github.com/bzdvdn/draftrag/pkg/draftrag/weaviate.go:201.2,203.95 3 1
