mode: set
github.com/bzdvdn/draftrag/pkg/draftrag/anthropic_llm.go:46.60,48.19 2 0
github.com/bzdvdn/draftrag/pkg/draftrag/anthropic_llm.go:48.19,50.3 1 0
github.com/bzdvdn/draftrag/pkg/draftrag/anthropic_llm.go:51.2,62.3 1 0
github.com/bzdvdn/draftrag/pkg/draftrag/anthropic_llm.go:65.104,66.16 1 0
github.com/bzdvdn/draftrag/pkg/draftrag/anthropic_llm.go:66.16,67.23 1 0
github.com/bzdvdn/draftrag/pkg/draftrag/anthropic_llm.go:69.2,69.34 1 0
github.com/bzdvdn/draftrag/pkg/draftrag/anthropic_llm.go:69.34,71.3 1 0
github.com/bzdvdn/draftrag/pkg/draftrag/anthropic_llm.go:72.2,72.42 1 0
github.com/bzdvdn/draftrag/pkg/draftrag/anthropic_llm.go:72.42,74.3 1 0
github.com/bzdvdn/draftrag/pkg/draftrag/anthropic_llm.go:75.2,75.60 1 0
github.com/bzdvdn/draftrag/pkg/draftrag/anthropic_llm.go:75.60,77.3 1 0
github.com/bzdvdn/draftrag/pkg/draftrag/anthropic_llm.go:78.2,78.24 1 0
github.com/bzdvdn/draftrag/pkg/draftrag/anthropic_llm.go:78.24,82.3 3 0
github.com/bzdvdn/draftrag/pkg/draftrag/anthropic_llm.go:83.2,83.56 1 0
github.com/bzdvdn/draftrag/pkg/draftrag/anthropic_llm.go:87.117,88.16 1 0
github.com/bzdvdn/draftrag/pkg/draftrag/anthropic_llm.go:88.16,89.23 1 0
github.com/bzdvdn/draftrag/pkg/draftrag/anthropic_llm.go:91.2,91.34 1 0
github.com/bzdvdn/draftrag/pkg/draftrag/anthropic_llm.go:91.34,93.3 1 0
github.com/bzdvdn/draftrag/pkg/draftrag/anthropic_llm.go:94.2,94.42 1 0
github.com/bzdvdn/draftrag/pkg/draftrag/anthropic_llm.go:94.42,96.3 1 0
github.com/bzdvdn/draftrag/pkg/draftrag/anthropic_llm.go:97.2,97.60 1 0
github.com/bzdvdn/draftrag/pkg/draftrag/anthropic_llm.go:97.60,99.3 1 0
github.com/bzdvdn/draftrag/pkg/draftrag/anthropic_llm.go:101.2,101.62 1 0
github.com/bzdvdn/draftrag/pkg/draftrag/anthropic_llm.go:104.66,105.43 1 0
github.com/bzdvdn/draftrag/pkg/draftrag/anthropic_llm.go:105.43,107.3 1 0
github.com/bzdvdn/draftrag/pkg/draftrag/anthropic_llm.go:108.2,108.42 1 0
github.com/bzdvdn/draftrag/pkg/draftrag/anthropic_llm.go:108.42,110.3 1 0
github.com/bzdvdn/draftrag/pkg/draftrag/anthropic_llm.go:111.2,111.22 1 0
github.com/bzdvdn/draftrag/pkg/draftrag/anthropic_llm.go:111.22,113.3 1 0
github.com/bzdvdn/draftrag/pkg/draftrag/anthropic_llm.go:114.2,115.50 2 0
github.com/bzdvdn/draftrag/pkg/draftrag/anthropic_llm.go:115.50,117.3 1 0
github.com/bzdvdn/draftrag/pkg/draftrag/anthropic_llm.go:118.2,118.54 1 0
github.com/bzdvdn/draftrag/pkg/draftrag/anthropic_llm.go:118.54,120.3 1 0
github.com/bzdvdn/draftrag/pkg/draftrag/anthropic_llm.go:121.2,121.51 1 0
github.com/bzdvdn/draftrag/pkg/draftrag/anthropic_llm.go:121.51,123.3 1 0
github.com/bzdvdn/draftrag/pkg/draftrag/anthropic_llm.go:124.2,124.12 1 0
github.com/bzdvdn/draftrag/pkg/draftrag/basic_chunker.go:33.56,35.2 1 1
github.com/bzdvdn/draftrag/pkg/draftrag/basic_chunker.go:37.96,38.16 1 0
github.com/bzdvdn/draftrag/pkg/draftrag/basic_chunker.go:38.16,39.23 1 0
github.com/bzdvdn/draftrag/pkg/draftrag/basic_chunker.go:41.2,41.34 1 0
github.com/bzdvdn/draftrag/pkg/draftrag/basic_chunker.go:41.34,43.3 1 0
github.com/bzdvdn/draftrag/pkg/draftrag/basic_chunker.go:45.2,45.39 1 0
github.com/bzdvdn/draftrag/pkg/draftrag/basic_chunker.go:45.39,47.3 1 0
github.com/bzdvdn/draftrag/pkg/draftrag/basic_chunker.go:48.2,48.60 1 0
github.com/bzdvdn/draftrag/pkg/draftrag/basic_chunker.go:48.60,50.3 1 0
github.com/bzdvdn/draftrag/pkg/draftrag/basic_chunker.go:52.2,53.29 2 0
github.com/bzdvdn/draftrag/pkg/draftrag/basic_chunker.go:56.66,57.25 1 0
github.com/bzdvdn/draftrag/pkg/draftrag/basic_chunker.go:57.25,59.3 1 0
github.com/bzdvdn/draftrag/pkg/draftrag/basic_chunker.go:60.2,60.22 1 0
github.com/bzdvdn/draftrag/pkg/draftrag/basic_chunker.go:60.22,62.3 1 0
github.com/bzdvdn/draftrag/pkg/draftrag/basic_chunker.go:63.2,63.36 1 0
github.com/bzdvdn/draftrag/pkg/draftrag/basic_chunker.go:63.36,65.3 1 0
github.com/bzdvdn/draftrag/pkg/draftrag/basic_chunker.go:66.2,66.24 1 0
github.com/bzdvdn/draftrag/pkg/draftrag/basic_chunker.go:66.24,68.3 1 0
github.com/bzdvdn/draftrag/pkg/draftrag/basic_chunker.go:70.2,70.12 1 0
github.com/bzdvdn/draftrag/pkg/draftrag/cached_embedder.go:60.88,62.2 1 0
github.com/bzdvdn/draftrag/pkg/draftrag/cached_embedder.go:64.111,66.2 1 0
github.com/bzdvdn/draftrag/pkg/draftrag/cached_embedder.go:75.80,77.22 2 0
github.com/bzdvdn/draftrag/pkg/draftrag/cached_embedder.go:77.22,79.3 1 0
github.com/bzdvdn/draftrag/pkg/draftrag/cached_embedder.go:80.2,80.24 1 0
github.com/bzdvdn/draftrag/pkg/draftrag/cached_embedder.go:80.24,82.3 1 0
github.com/bzdvdn/draftrag/pkg/draftrag/cached_embedder.go:83.2,83.30 1 0
github.com/bzdvdn/draftrag/pkg/draftrag/cached_embedder.go:83.30,89.3 1 0
github.com/bzdvdn/draftrag/pkg/draftrag/cached_embedder.go:90.2,91.16 2 0
github.com/bzdvdn/draftrag/pkg/draftrag/cached_embedder.go:91.16,93.3 1 0
github.com/bzdvdn/draftrag/pkg/draftrag/cached_embedder.go:94.2,94.41 1 0
github.com/bzdvdn/draftrag/pkg/draftrag/cached_embedder.go:98.85,100.2 1 0
github.com/bzdvdn/draftrag/pkg/draftrag/cached_embedder.go:103.50,105.2 1 0
github.com/bzdvdn/draftrag/pkg/draftrag/chromadb.go:28.43,29.24 1 0
github.com/bzdvdn/draftrag/pkg/draftrag/chromadb.go:29.24,31.3 1 0
github.com/bzdvdn/draftrag/pkg/draftrag/chromadb.go:32.2,32.22 1 0
github.com/bzdvdn/draftrag/pkg/draftrag/chromadb.go:32.22,34.3 1 0
github.com/bzdvdn/draftrag/pkg/draftrag/chromadb.go:35.2,35.12 1 0
github.com/bzdvdn/draftrag/pkg/draftrag/chromadb.go:41.66,42.40 1 0
github.com/bzdvdn/draftrag/pkg/draftrag/chromadb.go:42.40,44.3 1 0
github.com/bzdvdn/draftrag/pkg/draftrag/chromadb.go:45.2,45.87 1 0
github.com/bzdvdn/draftrag/pkg/draftrag/chromadb.go:51.78,52.40 1 0
github.com/bzdvdn/draftrag/pkg/draftrag/chromadb.go:52.40,54.3 1 0
github.com/bzdvdn/draftrag/pkg/draftrag/chromadb.go:56.2,57.19 2 0
github.com/bzdvdn/draftrag/pkg/draftrag/chromadb.go:57.19,59.3 1 0
github.com/bzdvdn/draftrag/pkg/draftrag/chromadb.go:61.2,62.18 2 0
github.com/bzdvdn/draftrag/pkg/draftrag/chromadb.go:62.18,64.3 1 0
github.com/bzdvdn/draftrag/pkg/draftrag/chromadb.go:66.2,77.16 4 0
github.com/bzdvdn/draftrag/pkg/draftrag/chromadb.go:77.16,79.3 1 0
github.com/bzdvdn/draftrag/pkg/draftrag/chromadb.go:81.2,83.16 3 0
github.com/bzdvdn/draftrag/pkg/draftrag/chromadb.go:83.16,85.3 1 0
github.com/bzdvdn/draftrag/pkg/draftrag/chromadb.go:86.2,89.16 3 0
github.com/bzdvdn/draftrag/pkg/draftrag/chromadb.go:89.16,91.3 1 0
github.com/bzdvdn/draftrag/pkg/draftrag/chromadb.go:92.2,94.38 2 0
github.com/bzdvdn/draftrag/pkg/draftrag/chromadb.go:94.38,97.3 2 0
github.com/bzdvdn/draftrag/pkg/draftrag/chromadb.go:99.2,99.12 1 0
github.com/bzdvdn/draftrag/pkg/draftrag/chromadb.go:105.78,106.27 1 0
github.com/bzdvdn/draftrag/pkg/draftrag/chromadb.go:106.27,108.3 1 0
github.com/bzdvdn/draftrag/pkg/draftrag/chromadb.go:110.2,111.19 2 0
github.com/bzdvdn/draftrag/pkg/draftrag/chromadb.go:111.19,113.3 1 0
github.com/bzdvdn/draftrag/pkg/draftrag/chromadb.go:115.2,116.18 2 0
github.com/bzdvdn/draftrag/pkg/draftrag/chromadb.go:116.18,118.3 1 0
github.com/bzdvdn/draftrag/pkg/draftrag/chromadb.go:120.2,124.16 4 0
github.com/bzdvdn/draftrag/pkg/draftrag/chromadb.go:124.16,126.3 1 0
github.com/bzdvdn/draftrag/pkg/draftrag/chromadb.go:128.2,129.16 2 0
github.com/bzdvdn/draftrag/pkg/draftrag/chromadb.go:129.16,131.3 1 0
github.com/bzdvdn/draftrag/pkg/draftrag/chromadb.go:132.2,134.38 2 0
github.com/bzdvdn/draftrag/pkg/draftrag/chromadb.go:134.38,136.45 1 0
github.com/bzdvdn/draftrag/pkg/draftrag/chromadb.go:136.45,138.4 1 0
github.com/bzdvdn/draftrag/pkg/draftrag/chromadb.go:139.3,140.89 2 0
github.com/bzdvdn/draftrag/pkg/draftrag/chromadb.go:143.2,143.12 1 0
github.com/bzdvdn/draftrag/pkg/draftrag/chromadb.go:149.86,150.27 1 0
github.com/bzdvdn/draftrag/pkg/draftrag/chromadb.go:150.27,152.3 1 0
github.com/bzdvdn/draftrag/pkg/draftrag/chromadb.go:154.2,155.19 2 0
github.com/bzdvdn/draftrag/pkg/draftrag/chromadb.go:155.19,157.3 1 0
github.com/bzdvdn/draftrag/pkg/draftrag/chromadb.go:159.2,160.18 2 0
github.com/bzdvdn/draftrag/pkg/draftrag/chromadb.go:160.18,162.3 1 0
github.com/bzdvdn/draftrag/pkg/draftrag/chromadb.go:164.2,168.16 4 0
github.com/bzdvdn/draftrag/pkg/draftrag/chromadb.go:168.16,170.3 1 0
github.com/bzdvdn/draftrag/pkg/draftrag/chromadb.go:172.2,173.16 2 0
github.com/bzdvdn/draftrag/pkg/draftrag/chromadb.go:173.16,175.3 1 0
github.com/bzdvdn/draftrag/pkg/draftrag/chromadb.go:176.2,178.38 2 0
github.com/bzdvdn/draftrag/pkg/draftrag/chromadb.go:178.38,180.3 1 0
github.com/bzdvdn/draftrag/pkg/draftrag/chromadb.go:181.2,181.44 1 0
github.com/bzdvdn/draftrag/pkg/draftrag/chromadb.go:181.44,183.3 1 0
github.com/bzdvdn/draftrag/pkg/draftrag/chromadb.go:185.2,186.95 2 0
github.com/bzdvdn/draftrag/pkg/draftrag/draftrag.go:148.83,153.2 1 0
github.com/bzdvdn/draftrag/pkg/draftrag/draftrag.go:158.111,163.2 1 0
github.com/bzdvdn/draftrag/pkg/draftrag/draftrag.go:175.116,177.26 2 0
github.com/bzdvdn/draftrag/pkg/draftrag/draftrag.go:177.26,178.36 1 0
github.com/bzdvdn/draftrag/pkg/draftrag/draftrag.go:180.2,180.26 1 0
github.com/bzdvdn/draftrag/pkg/draftrag/draftrag.go:180.26,182.3 1 0
github.com/bzdvdn/draftrag/pkg/draftrag/draftrag.go:183.2,183.30 1 0
github.com/bzdvdn/draftrag/pkg/draftrag/draftrag.go:183.30,184.40 1 0
github.com/bzdvdn/draftrag/pkg/draftrag/draftrag.go:186.2,186.31 1 0
github.com/bzdvdn/draftrag/pkg/draftrag/draftrag.go:186.31,187.41 1 0
github.com/bzdvdn/draftrag/pkg/draftrag/draftrag.go:189.2,189.31 1 0
github.com/bzdvdn/draftrag/pkg/draftrag/draftrag.go:189.31,190.41 1 0
github.com/bzdvdn/draftrag/pkg/draftrag/draftrag.go:192.2,192.46 1 0
github.com/bzdvdn/draftrag/pkg/draftrag/draftrag.go:192.46,193.39 1 0
github.com/bzdvdn/draftrag/pkg/draftrag/draftrag.go:196.2,212.3 1 0
github.com/bzdvdn/draftrag/pkg/draftrag/draftrag.go:216.70,217.16 1 0
github.com/bzdvdn/draftrag/pkg/draftrag/draftrag.go:217.16,218.23 1 0
github.com/bzdvdn/draftrag/pkg/draftrag/draftrag.go:220.2,220.34 1 0
github.com/bzdvdn/draftrag/pkg/draftrag/draftrag.go:220.34,222.3 1 0
github.com/bzdvdn/draftrag/pkg/draftrag/draftrag.go:224.2,224.27 1 0
github.com/bzdvdn/draftrag/pkg/draftrag/draftrag.go:224.27,225.43 1 0
github.com/bzdvdn/draftrag/pkg/draftrag/draftrag.go:225.43,227.4 1 0
github.com/bzdvdn/draftrag/pkg/draftrag/draftrag.go:230.2,231.30 2 0
github.com/bzdvdn/draftrag/pkg/draftrag/draftrag.go:236.89,237.16 1 0
github.com/bzdvdn/draftrag/pkg/draftrag/draftrag.go:237.16,238.23 1 0
github.com/bzdvdn/draftrag/pkg/draftrag/draftrag.go:240.2,240.34 1 0
github.com/bzdvdn/draftrag/pkg/draftrag/draftrag.go:240.34,242.3 1 0
github.com/bzdvdn/draftrag/pkg/draftrag/draftrag.go:243.2,244.20 2 0
github.com/bzdvdn/draftrag/pkg/draftrag/draftrag.go:244.20,246.3 1 0
github.com/bzdvdn/draftrag/pkg/draftrag/draftrag.go:247.2,248.38 2 0
github.com/bzdvdn/draftrag/pkg/draftrag/draftrag.go:253.81,254.16 1 0
github.com/bzdvdn/draftrag/pkg/draftrag/draftrag.go:254.16,255.23 1 0
github.com/bzdvdn/draftrag/pkg/draftrag/draftrag.go:257.2,257.34 1 0
github.com/bzdvdn/draftrag/pkg/draftrag/draftrag.go:257.34,259.3 1 0
github.com/bzdvdn/draftrag/pkg/draftrag/draftrag.go:260.2,261.20 2 0
github.com/bzdvdn/draftrag/pkg/draftrag/draftrag.go:261.20,263.3 1 0
github.com/bzdvdn/draftrag/pkg/draftrag/draftrag.go:264.2,264.51 1 0
github.com/bzdvdn/draftrag/pkg/draftrag/draftrag.go:270.76,271.16 1 0
github.com/bzdvdn/draftrag/pkg/draftrag/draftrag.go:271.16,272.23 1 0
github.com/bzdvdn/draftrag/pkg/draftrag/draftrag.go:274.2,274.34 1 0
github.com/bzdvdn/draftrag/pkg/draftrag/draftrag.go:274.34,276.3 1 0
github.com/bzdvdn/draftrag/pkg/draftrag/draftrag.go:277.2,277.42 1 0
github.com/bzdvdn/draftrag/pkg/draftrag/draftrag.go:277.42,279.3 1 0
github.com/bzdvdn/draftrag/pkg/draftrag/draftrag.go:280.2,281.55 2 0
github.com/bzdvdn/draftrag/pkg/draftrag/draftrag.go:281.55,283.3 1 0
github.com/bzdvdn/draftrag/pkg/draftrag/draftrag.go:284.2,284.12 1 0
github.com/bzdvdn/draftrag/pkg/draftrag/draftrag.go:290.102,292.2 1 0
github.com/bzdvdn/draftrag/pkg/draftrag/draftrag.go:297.76,298.16 1 0
github.com/bzdvdn/draftrag/pkg/draftrag/draftrag.go:298.16,299.23 1 0
github.com/bzdvdn/draftrag/pkg/draftrag/draftrag.go:301.2,301.34 1 0
github.com/bzdvdn/draftrag/pkg/draftrag/draftrag.go:301.34,303.3 1 0
github.com/bzdvdn/draftrag/pkg/draftrag/draftrag.go:304.2,304.36 1 0
github.com/bzdvdn/draftrag/pkg/draftrag/draftrag.go:304.36,306.3 1 0
github.com/bzdvdn/draftrag/pkg/draftrag/draftrag.go:307.2,308.55 2 0
github.com/bzdvdn/draftrag/pkg/draftrag/draftrag.go:308.55,310.3 1 0
github.com/bzdvdn/draftrag/pkg/draftrag/draftrag.go:311.2,311.12 1 0
github.com/bzdvdn/draftrag/pkg/draftrag/draftrag.go:338.111,339.16 1 0
github.com/bzdvdn/draftrag/pkg/draftrag/draftrag.go:339.16,340.23 1 0
github.com/bzdvdn/draftrag/pkg/draftrag/draftrag.go:342.2,342.34 1 0
github.com/bzdvdn/draftrag/pkg/draftrag/draftrag.go:342.34,344.3 1 0
github.com/bzdvdn/draftrag/pkg/draftrag/draftrag.go:346.2,346.27 1 0
github.com/bzdvdn/draftrag/pkg/draftrag/draftrag.go:346.27,347.43 1 0
github.com/bzdvdn/draftrag/pkg/draftrag/draftrag.go:347.43,349.4 1 0
github.com/bzdvdn/draftrag/pkg/draftrag/draftrag.go:352.2,353.38 2 0
github.com/bzdvdn/draftrag/pkg/draftrag/draftrag.go:356.40,357.16 1 0
github.com/bzdvdn/draftrag/pkg/draftrag/draftrag.go:357.16,359.3 1 0
github.com/bzdvdn/draftrag/pkg/draftrag/draftrag.go:360.2,360.52 1 0
github.com/bzdvdn/draftrag/pkg/draftrag/draftrag.go:360.52,362.3 1 0
github.com/bzdvdn/draftrag/pkg/draftrag/draftrag.go:363.2,363.46 1 0
github.com/bzdvdn/draftrag/pkg/draftrag/draftrag.go:363.46,365.3 1 0
github.com/bzdvdn/draftrag/pkg/draftrag/draftrag.go:366.2,366.48 1 0
github.com/bzdvdn/draftrag/pkg/draftrag/draftrag.go:366.48,368.3 1 0
github.com/bzdvdn/draftrag/pkg/draftrag/draftrag.go:369.2,369.58 1 0
github.com/bzdvdn/draftrag/pkg/draftrag/draftrag.go:369.58,371.3 1 0
github.com/bzdvdn/draftrag/pkg/draftrag/draftrag.go:372.2,372.12 1 0
github.com/bzdvdn/draftrag/pkg/draftrag/memory.go:9.37,11.2 1 0
github.com/bzdvdn/draftrag/pkg/draftrag/ollama_embedder.go:37.61,39.19 2 0
github.com/bzdvdn/draftrag/pkg/draftrag/ollama_embedder.go:39.19,41.3 1 0
github.com/bzdvdn/draftrag/pkg/draftrag/ollama_embedder.go:42.2,45.3 1 0
github.com/bzdvdn/draftrag/pkg/draftrag/ollama_embedder.go:48.85,49.16 1 0
github.com/bzdvdn/draftrag/pkg/draftrag/ollama_embedder.go:49.16,50.23 1 0
github.com/bzdvdn/draftrag/pkg/draftrag/ollama_embedder.go:52.2,52.34 1 0
github.com/bzdvdn/draftrag/pkg/draftrag/ollama_embedder.go:52.34,54.3 1 0
github.com/bzdvdn/draftrag/pkg/draftrag/ollama_embedder.go:55.2,55.35 1 0
github.com/bzdvdn/draftrag/pkg/draftrag/ollama_embedder.go:55.35,57.3 1 0
github.com/bzdvdn/draftrag/pkg/draftrag/ollama_embedder.go:58.2,58.62 1 0
github.com/bzdvdn/draftrag/pkg/draftrag/ollama_embedder.go:58.62,60.3 1 0
github.com/bzdvdn/draftrag/pkg/draftrag/ollama_embedder.go:61.2,61.24 1 0
github.com/bzdvdn/draftrag/pkg/draftrag/ollama_embedder.go:61.24,65.3 3 0
github.com/bzdvdn/draftrag/pkg/draftrag/ollama_embedder.go:66.2,66.32 1 0
github.com/bzdvdn/draftrag/pkg/draftrag/ollama_embedder.go:69.70,70.41 1 0
github.com/bzdvdn/draftrag/pkg/draftrag/ollama_embedder.go:70.41,72.3 1 0
github.com/bzdvdn/draftrag/pkg/draftrag/ollama_embedder.go:73.2,73.22 1 0
github.com/bzdvdn/draftrag/pkg/draftrag/ollama_embedder.go:73.22,75.3 1 0
github.com/bzdvdn/draftrag/pkg/draftrag/ollama_embedder.go:76.2,76.12 1 0
github.com/bzdvdn/draftrag/pkg/draftrag/ollama_llm.go:42.54,44.19 2 0
github.com/bzdvdn/draftrag/pkg/draftrag/ollama_llm.go:44.19,46.3 1 0
github.com/bzdvdn/draftrag/pkg/draftrag/ollama_llm.go:47.2,57.3 1 0
github.com/bzdvdn/draftrag/pkg/draftrag/ollama_llm.go:60.101,61.16 1 0
github.com/bzdvdn/draftrag/pkg/draftrag/ollama_llm.go:61.16,62.23 1 0
github.com/bzdvdn/draftrag/pkg/draftrag/ollama_llm.go:64.2,64.34 1 0
github.com/bzdvdn/draftrag/pkg/draftrag/ollama_llm.go:64.34,66.3 1 0
github.com/bzdvdn/draftrag/pkg/draftrag/ollama_llm.go:67.2,67.42 1 0
github.com/bzdvdn/draftrag/pkg/draftrag/ollama_llm.go:67.42,69.3 1 0
github.com/bzdvdn/draftrag/pkg/draftrag/ollama_llm.go:70.2,70.57 1 0
github.com/bzdvdn/draftrag/pkg/draftrag/ollama_llm.go:70.57,72.3 1 0
github.com/bzdvdn/draftrag/pkg/draftrag/ollama_llm.go:73.2,73.24 1 0
github.com/bzdvdn/draftrag/pkg/draftrag/ollama_llm.go:73.24,77.3 3 0
github.com/bzdvdn/draftrag/pkg/draftrag/ollama_llm.go:78.2,78.56 1 0
github.com/bzdvdn/draftrag/pkg/draftrag/ollama_llm.go:81.60,82.41 1 0
github.com/bzdvdn/draftrag/pkg/draftrag/ollama_llm.go:82.41,84.3 1 0
github.com/bzdvdn/draftrag/pkg/draftrag/ollama_llm.go:85.2,85.22 1 0
github.com/bzdvdn/draftrag/pkg/draftrag/ollama_llm.go:85.22,87.3 1 0
github.com/bzdvdn/draftrag/pkg/draftrag/ollama_llm.go:88.2,88.54 1 0
github.com/bzdvdn/draftrag/pkg/draftrag/ollama_llm.go:88.54,90.3 1 0
github.com/bzdvdn/draftrag/pkg/draftrag/ollama_llm.go:91.2,91.51 1 0
github.com/bzdvdn/draftrag/pkg/draftrag/ollama_llm.go:91.51,93.3 1 0
github.com/bzdvdn/draftrag/pkg/draftrag/ollama_llm.go:94.2,94.12 1 0
github.com/bzdvdn/draftrag/pkg/draftrag/openai_compatible_embedder.go:38.81,40.19 2 1
github.com/bzdvdn/draftrag/pkg/draftrag/openai_compatible_embedder.go:40.19,42.3 1 1
github.com/bzdvdn/draftrag/pkg/draftrag/openai_compatible_embedder.go:43.2,46.3 1 1
github.com/bzdvdn/draftrag/pkg/draftrag/openai_compatible_embedder.go:49.95,50.16 1 0
github.com/bzdvdn/draftrag/pkg/draftrag/openai_compatible_embedder.go:50.16,51.23 1 0
github.com/bzdvdn/draftrag/pkg/draftrag/openai_compatible_embedder.go:53.2,53.34 1 0
github.com/bzdvdn/draftrag/pkg/draftrag/openai_compatible_embedder.go:53.34,55.3 1 0
github.com/bzdvdn/draftrag/pkg/draftrag/openai_compatible_embedder.go:57.2,57.35 1 0
github.com/bzdvdn/draftrag/pkg/draftrag/openai_compatible_embedder.go:57.35,59.3 1 0
github.com/bzdvdn/draftrag/pkg/draftrag/openai_compatible_embedder.go:61.2,61.72 1 0
github.com/bzdvdn/draftrag/pkg/draftrag/openai_compatible_embedder.go:61.72,63.3 1 0
github.com/bzdvdn/draftrag/pkg/draftrag/openai_compatible_embedder.go:65.2,65.24 1 0
github.com/bzdvdn/draftrag/pkg/draftrag/openai_compatible_embedder.go:65.24,69.3 3 0
github.com/bzdvdn/draftrag/pkg/draftrag/openai_compatible_embedder.go:71.2,71.32 1 0
github.com/bzdvdn/draftrag/pkg/draftrag/openai_compatible_embedder.go:74.90,75.43 1 0
github.com/bzdvdn/draftrag/pkg/draftrag/openai_compatible_embedder.go:75.43,77.3 1 0
github.com/bzdvdn/draftrag/pkg/draftrag/openai_compatible_embedder.go:78.2,78.42 1 0
github.com/bzdvdn/draftrag/pkg/draftrag/openai_compatible_embedder.go:78.42,80.3 1 0
github.com/bzdvdn/draftrag/pkg/draftrag/openai_compatible_embedder.go:81.2,81.41 1 0
github.com/bzdvdn/draftrag/pkg/draftrag/openai_compatible_embedder.go:81.41,83.3 1 0
github.com/bzdvdn/draftrag/pkg/draftrag/openai_compatible_embedder.go:84.2,84.22 1 0
github.com/bzdvdn/draftrag/pkg/draftrag/openai_compatible_embedder.go:84.22,86.3 1 0
github.com/bzdvdn/draftrag/pkg/draftrag/openai_compatible_embedder.go:88.2,89.50 2 0
github.com/bzdvdn/draftrag/pkg/draftrag/openai_compatible_embedder.go:89.50,91.3 1 0
github.com/bzdvdn/draftrag/pkg/draftrag/openai_compatible_embedder.go:93.2,93.12 1 0
github.com/bzdvdn/draftrag/pkg/draftrag/openai_compatible_llm.go:44.74,46.19 2 1
github.com/bzdvdn/draftrag/pkg/draftrag/openai_compatible_llm.go:46.19,48.3 1 1
github.com/bzdvdn/draftrag/pkg/draftrag/openai_compatible_llm.go:49.2,59.3 1 1
github.com/bzdvdn/draftrag/pkg/draftrag/openai_compatible_llm.go:62.111,63.16 1 0
github.com/bzdvdn/draftrag/pkg/draftrag/openai_compatible_llm.go:63.16,64.23 1 0
github.com/bzdvdn/draftrag/pkg/draftrag/openai_compatible_llm.go:66.2,66.34 1 0
github.com/bzdvdn/draftrag/pkg/draftrag/openai_compatible_llm.go:66.34,68.3 1 0
github.com/bzdvdn/draftrag/pkg/draftrag/openai_compatible_llm.go:70.2,70.42 1 0
github.com/bzdvdn/draftrag/pkg/draftrag/openai_compatible_llm.go:70.42,72.3 1 0
github.com/bzdvdn/draftrag/pkg/draftrag/openai_compatible_llm.go:74.2,74.67 1 0
github.com/bzdvdn/draftrag/pkg/draftrag/openai_compatible_llm.go:74.67,76.3 1 0
github.com/bzdvdn/draftrag/pkg/draftrag/openai_compatible_llm.go:78.2,78.24 1 0
github.com/bzdvdn/draftrag/pkg/draftrag/openai_compatible_llm.go:78.24,82.3 3 0
github.com/bzdvdn/draftrag/pkg/draftrag/openai_compatible_llm.go:84.2,84.56 1 0
github.com/bzdvdn/draftrag/pkg/draftrag/openai_compatible_llm.go:88.124,89.16 1 0
github.com/bzdvdn/draftrag/pkg/draftrag/openai_compatible_llm.go:89.16,90.23 1 0
github.com/bzdvdn/draftrag/pkg/draftrag/openai_compatible_llm.go:92.2,92.34 1 0
github.com/bzdvdn/draftrag/pkg/draftrag/openai_compatible_llm.go:92.34,94.3 1 0
github.com/bzdvdn/draftrag/pkg/draftrag/openai_compatible_llm.go:96.2,96.42 1 0
github.com/bzdvdn/draftrag/pkg/draftrag/openai_compatible_llm.go:96.42,98.3 1 0
github.com/bzdvdn/draftrag/pkg/draftrag/openai_compatible_llm.go:100.2,100.67 1 0
github.com/bzdvdn/draftrag/pkg/draftrag/openai_compatible_llm.go:100.67,102.3 1 0
github.com/bzdvdn/draftrag/pkg/draftrag/openai_compatible_llm.go:105.2,105.62 1 0
github.com/bzdvdn/draftrag/pkg/draftrag/openai_compatible_llm.go:108.80,109.43 1 0
github.com/bzdvdn/draftrag/pkg/draftrag/openai_compatible_llm.go:109.43,111.3 1 0
github.com/bzdvdn/draftrag/pkg/draftrag/openai_compatible_llm.go:112.2,112.42 1 0
github.com/bzdvdn/draftrag/pkg/draftrag/openai_compatible_llm.go:112.42,114.3 1 0
github.com/bzdvdn/draftrag/pkg/draftrag/openai_compatible_llm.go:115.2,115.41 1 0
github.com/bzdvdn/draftrag/pkg/draftrag/openai_compatible_llm.go:115.41,117.3 1 0
github.com/bzdvdn/draftrag/pkg/draftrag/openai_compatible_llm.go:118.2,118.22 1 0
github.com/bzdvdn/draftrag/pkg/draftrag/openai_compatible_llm.go:118.22,120.3 1 0
github.com/bzdvdn/draftrag/pkg/draftrag/openai_compatible_llm.go:122.2,123.50 2 0
github.com/bzdvdn/draftrag/pkg/draftrag/openai_compatible_llm.go:123.50,125.3 1 0
github.com/bzdvdn/draftrag/pkg/draftrag/openai_compatible_llm.go:127.2,127.54 1 0
github.com/bzdvdn/draftrag/pkg/draftrag/openai_compatible_llm.go:127.54,129.3 1 0
github.com/bzdvdn/draftrag/pkg/draftrag/openai_compatible_llm.go:130.2,130.63 1 0
github.com/bzdvdn/draftrag/pkg/draftrag/openai_compatible_llm.go:130.63,132.3 1 0
github.com/bzdvdn/draftrag/pkg/draftrag/openai_compatible_llm.go:134.2,134.12 1 0
github.com/bzdvdn/draftrag/pkg/draftrag/pgvector.go:67.85,68.15 1 0
github.com/bzdvdn/draftrag/pkg/draftrag/pgvector.go:68.15,69.18 1 0
github.com/bzdvdn/draftrag/pkg/draftrag/pgvector.go:71.2,72.16 2 0
github.com/bzdvdn/draftrag/pkg/draftrag/pgvector.go:72.16,73.21 1 0
github.com/bzdvdn/draftrag/pkg/draftrag/pgvector.go:76.2,77.84 2 0
github.com/bzdvdn/draftrag/pkg/draftrag/pgvector.go:77.84,78.42 1 0
github.com/bzdvdn/draftrag/pkg/draftrag/pgvector.go:80.2,93.3 2 0
github.com/bzdvdn/draftrag/pkg/draftrag/pgvector.go:102.69,104.2 1 0
github.com/bzdvdn/draftrag/pkg/draftrag/pgvector.go:109.119,114.2 1 0
github.com/bzdvdn/draftrag/pkg/draftrag/pgvector.go:127.81,130.2 1 0
github.com/bzdvdn/draftrag/pkg/draftrag/pgvector.go:132.78,133.26 1 0
github.com/bzdvdn/draftrag/pkg/draftrag/pgvector.go:133.26,135.3 1 0
github.com/bzdvdn/draftrag/pkg/draftrag/pgvector.go:136.2,136.62 1 0
github.com/bzdvdn/draftrag/pkg/draftrag/pgvector.go:136.62,138.3 1 0
github.com/bzdvdn/draftrag/pkg/draftrag/pgvector.go:139.2,139.34 1 0
github.com/bzdvdn/draftrag/pkg/draftrag/pgvector.go:139.34,141.3 1 0
github.com/bzdvdn/draftrag/pkg/draftrag/pgvector.go:142.2,142.28 1 0
github.com/bzdvdn/draftrag/pkg/draftrag/pgvector.go:142.28,144.3 1 0
github.com/bzdvdn/draftrag/pkg/draftrag/pgvector.go:145.2,146.26 2 0
github.com/bzdvdn/draftrag/pkg/draftrag/pgvector.go:147.25,147.25 0 0
github.com/bzdvdn/draftrag/pkg/draftrag/pgvector.go:148.10,149.87 1 0
github.com/bzdvdn/draftrag/pkg/draftrag/pgvector.go:151.2,151.21 1 0
github.com/bzdvdn/draftrag/pkg/draftrag/pgvector.go:151.21,153.3 1 0
github.com/bzdvdn/draftrag/pkg/draftrag/pgvector.go:154.2,154.20 1 0
github.com/bzdvdn/draftrag/pkg/draftrag/pgvector.go:154.20,156.3 1 0
github.com/bzdvdn/draftrag/pkg/draftrag/pgvector.go:158.2,158.18 1 0
github.com/bzdvdn/draftrag/pkg/draftrag/pgvector.go:161.82,165.26 3 0
github.com/bzdvdn/draftrag/pkg/draftrag/pgvector.go:166.17,167.22 1 0
github.com/bzdvdn/draftrag/pkg/draftrag/pgvector.go:167.22,169.4 1 0
github.com/bzdvdn/draftrag/pkg/draftrag/pgvector.go:170.3,175.9 1 0
github.com/bzdvdn/draftrag/pkg/draftrag/pgvector.go:176.14,181.9 1 0
github.com/bzdvdn/draftrag/pkg/draftrag/pgvector.go:182.10,183.72 1 0
github.com/bzdvdn/draftrag/pkg/draftrag/pgvector.go:187.90,188.29 1 0
github.com/bzdvdn/draftrag/pkg/draftrag/pgvector.go:188.29,190.3 1 0
github.com/bzdvdn/draftrag/pkg/draftrag/pgvector.go:191.2,191.29 1 0
github.com/bzdvdn/draftrag/pkg/draftrag/pgvector.go:191.29,193.3 1 0
github.com/bzdvdn/draftrag/pkg/draftrag/pgvector.go:194.2,194.29 1 0
github.com/bzdvdn/draftrag/pkg/draftrag/pgvector.go:194.29,196.3 1 0
github.com/bzdvdn/draftrag/pkg/draftrag/pgvector.go:197.2,197.23 1 0
github.com/bzdvdn/draftrag/pkg/draftrag/pgvector.go:197.23,199.3 1 0
github.com/bzdvdn/draftrag/pkg/draftrag/pgvector.go:200.2,200.28 1 0
github.com/bzdvdn/draftrag/pkg/draftrag/pgvector.go:200.28,202.3 1 0
github.com/bzdvdn/draftrag/pkg/draftrag/pgvector.go:204.2,204.13 1 0
github.com/bzdvdn/draftrag/pkg/draftrag/pgvector.go:207.47,208.16 1 0
github.com/bzdvdn/draftrag/pkg/draftrag/pgvector.go:208.16,210.3 1 0
github.com/bzdvdn/draftrag/pkg/draftrag/pgvector.go:211.2,211.25 1 0
github.com/bzdvdn/draftrag/pkg/draftrag/pgvector.go:211.25,212.96 1 0
github.com/bzdvdn/draftrag/pkg/draftrag/pgvector.go:212.96,214.4 1 0
github.com/bzdvdn/draftrag/pkg/draftrag/pgvector.go:216.2,216.38 1 0
github.com/bzdvdn/draftrag/pkg/draftrag/pgvector.go:216.38,218.3 1 0
github.com/bzdvdn/draftrag/pkg/draftrag/pgvector.go:219.2,219.12 1 0
github.com/bzdvdn/draftrag/pkg/draftrag/pgvector.go:222.37,224.2 1 0
github.com/bzdvdn/draftrag/pkg/draftrag/pgvector_migrate.go:33.90,34.16 1 0
github.com/bzdvdn/draftrag/pkg/draftrag/pgvector_migrate.go:34.16,35.23 1 0
github.com/bzdvdn/draftrag/pkg/draftrag/pgvector_migrate.go:37.2,37.15 1 0
github.com/bzdvdn/draftrag/pkg/draftrag/pgvector_migrate.go:37.15,38.18 1 0
github.com/bzdvdn/draftrag/pkg/draftrag/pgvector_migrate.go:40.2,40.34 1 0
github.com/bzdvdn/draftrag/pkg/draftrag/pgvector_migrate.go:40.34,42.3 1 0
github.com/bzdvdn/draftrag/pkg/draftrag/pgvector_migrate.go:44.2,45.16 2 0
github.com/bzdvdn/draftrag/pkg/draftrag/pgvector_migrate.go:45.16,47.3 1 0
github.com/bzdvdn/draftrag/pkg/draftrag/pgvector_migrate.go:49.2,50.21 2 0
github.com/bzdvdn/draftrag/pkg/draftrag/pgvector_migrate.go:50.21,52.3 1 0
github.com/bzdvdn/draftrag/pkg/draftrag/pgvector_migrate.go:54.2,58.63 4 0
github.com/bzdvdn/draftrag/pkg/draftrag/pgvector_migrate.go:58.63,60.3 1 0
github.com/bzdvdn/draftrag/pkg/draftrag/pgvector_migrate.go:62.2,62.75 1 0
github.com/bzdvdn/draftrag/pkg/draftrag/pgvector_migrate.go:62.75,64.3 1 0
github.com/bzdvdn/draftrag/pkg/draftrag/pgvector_migrate.go:66.2,67.16 2 0
github.com/bzdvdn/draftrag/pkg/draftrag/pgvector_migrate.go:67.16,69.3 1 0
github.com/bzdvdn/draftrag/pkg/draftrag/pgvector_migrate.go:71.2,72.41 2 0
github.com/bzdvdn/draftrag/pkg/draftrag/pgvector_migrate.go:72.41,73.67 1 0
github.com/bzdvdn/draftrag/pkg/draftrag/pgvector_migrate.go:73.67,75.4 1 0
github.com/bzdvdn/draftrag/pkg/draftrag/pgvector_migrate.go:76.3,76.77 1 0
github.com/bzdvdn/draftrag/pkg/draftrag/pgvector_migrate.go:76.77,78.4 1 0
github.com/bzdvdn/draftrag/pkg/draftrag/pgvector_migrate.go:83.2,83.69 1 0
github.com/bzdvdn/draftrag/pkg/draftrag/pgvector_migrate.go:83.69,85.3 1 0
github.com/bzdvdn/draftrag/pkg/draftrag/pgvector_migrate.go:87.2,87.12 1 0
github.com/bzdvdn/draftrag/pkg/draftrag/pgvector_migrate.go:90.81,98.52 2 0
github.com/bzdvdn/draftrag/pkg/draftrag/pgvector_migrate.go:98.52,100.3 1 0
github.com/bzdvdn/draftrag/pkg/draftrag/pgvector_migrate.go:101.2,101.12 1 0
github.com/bzdvdn/draftrag/pkg/draftrag/pgvector_migrate.go:104.87,107.64 3 0
github.com/bzdvdn/draftrag/pkg/draftrag/pgvector_migrate.go:107.64,109.3 1 0
github.com/bzdvdn/draftrag/pkg/draftrag/pgvector_migrate.go:110.2,110.15 1 0
github.com/bzdvdn/draftrag/pkg/draftrag/pgvector_migrate.go:113.92,115.63 2 0
github.com/bzdvdn/draftrag/pkg/draftrag/pgvector_migrate.go:115.63,117.3 1 0
github.com/bzdvdn/draftrag/pkg/draftrag/pgvector_migrate.go:118.2,118.12 1 0
github.com/bzdvdn/draftrag/pkg/draftrag/pgvector_migrate.go:121.95,123.16 2 0
github.com/bzdvdn/draftrag/pkg/draftrag/pgvector_migrate.go:123.16,125.3 1 0
github.com/bzdvdn/draftrag/pkg/draftrag/pgvector_migrate.go:126.2,126.15 1 0
github.com/bzdvdn/draftrag/pkg/draftrag/pgvector_migrate.go:126.15,126.36 1 0
github.com/bzdvdn/draftrag/pkg/draftrag/pgvector_migrate.go:128.2,128.17 1 0
github.com/bzdvdn/draftrag/pkg/draftrag/pgvector_migrate.go:129.9,130.27 1 0
github.com/bzdvdn/draftrag/pkg/draftrag/pgvector_migrate.go:130.27,131.98 1 0
github.com/bzdvdn/draftrag/pkg/draftrag/pgvector_migrate.go:131.98,133.5 1 0
github.com/bzdvdn/draftrag/pkg/draftrag/pgvector_migrate.go:136.3,136.104 1 0
github.com/bzdvdn/draftrag/pkg/draftrag/pgvector_migrate.go:136.104,138.4 1 0
github.com/bzdvdn/draftrag/pkg/draftrag/pgvector_migrate.go:140.3,144.91 2 0
github.com/bzdvdn/draftrag/pkg/draftrag/pgvector_migrate.go:144.91,146.4 1 0
github.com/bzdvdn/draftrag/pkg/draftrag/pgvector_migrate.go:149.9,155.91 2 0
github.com/bzdvdn/draftrag/pkg/draftrag/pgvector_migrate.go:155.91,157.4 1 0
github.com/bzdvdn/draftrag/pkg/draftrag/pgvector_migrate.go:158.10,159.61 1 0
github.com/bzdvdn/draftrag/pkg/draftrag/pgvector_migrate.go:162.2,162.36 1 0
github.com/bzdvdn/draftrag/pkg/draftrag/pgvector_migrate.go:162.36,164.3 1 0
github.com/bzdvdn/draftrag/pkg/draftrag/pgvector_migrate.go:165.2,165.12 1 0
github.com/bzdvdn/draftrag/pkg/draftrag/pgvector_migrate.go:173.118,175.16 2 0
github.com/bzdvdn/draftrag/pkg/draftrag/pgvector_migrate.go:175.16,177.3 1 0
github.com/bzdvdn/draftrag/pkg/draftrag/pgvector_migrate.go:178.2,179.16 2 0
github.com/bzdvdn/draftrag/pkg/draftrag/pgvector_migrate.go:179.16,181.3 1 0
github.com/bzdvdn/draftrag/pkg/draftrag/pgvector_migrate.go:182.2,182.55 1 0
github.com/bzdvdn/draftrag/pkg/draftrag/pgvector_migrate.go:182.55,184.3 1 0
github.com/bzdvdn/draftrag/pkg/draftrag/pgvector_migrate.go:185.2,185.12 1 0
github.com/bzdvdn/draftrag/pkg/draftrag/pgvector_migrate.go:188.88,190.57 2 0
github.com/bzdvdn/draftrag/pkg/draftrag/pgvector_migrate.go:190.57,192.3 1 0
github.com/bzdvdn/draftrag/pkg/draftrag/pgvector_migrate.go:194.2,204.56 2 0
github.com/bzdvdn/draftrag/pkg/draftrag/pgvector_migrate.go:204.56,206.3 1 0
github.com/bzdvdn/draftrag/pkg/draftrag/pgvector_migrate.go:208.2,212.46 4 0
github.com/bzdvdn/draftrag/pkg/draftrag/pgvector_migrate.go:212.46,214.3 1 0
github.com/bzdvdn/draftrag/pkg/draftrag/pgvector_migrate.go:214.8,216.21 2 0
github.com/bzdvdn/draftrag/pkg/draftrag/pgvector_migrate.go:217.18,218.47 1 0
github.com/bzdvdn/draftrag/pkg/draftrag/pgvector_migrate.go:218.47,220.10 2 0
github.com/bzdvdn/draftrag/pkg/draftrag/pgvector_migrate.go:223.4,223.21 1 0
github.com/bzdvdn/draftrag/pkg/draftrag/pgvector_migrate.go:223.21,225.65 1 0
github.com/bzdvdn/draftrag/pkg/draftrag/pgvector_migrate.go:225.65,227.6 1 0
github.com/bzdvdn/draftrag/pkg/draftrag/pgvector_migrate.go:229.15,230.44 1 0
github.com/bzdvdn/draftrag/pkg/draftrag/pgvector_migrate.go:230.44,232.5 1 0
github.com/bzdvdn/draftrag/pkg/draftrag/pgvector_migrate.go:233.11,234.69 1 0
github.com/bzdvdn/draftrag/pkg/draftrag/pgvector_migrate.go:238.2,238.20 1 0
github.com/bzdvdn/draftrag/pkg/draftrag/pgvector_migrate.go:238.20,240.3 1 0
github.com/bzdvdn/draftrag/pkg/draftrag/pgvector_migrate.go:243.2,244.53 2 0
github.com/bzdvdn/draftrag/pkg/draftrag/pgvector_migrate.go:244.53,246.3 1 0
github.com/bzdvdn/draftrag/pkg/draftrag/pgvector_migrate.go:248.2,249.16 2 0
github.com/bzdvdn/draftrag/pkg/draftrag/pgvector_migrate.go:249.16,251.3 1 0
github.com/bzdvdn/draftrag/pkg/draftrag/pgvector_migrate.go:252.2,252.55 1 0
github.com/bzdvdn/draftrag/pkg/draftrag/pgvector_migrate.go:252.55,254.3 1 0
github.com/bzdvdn/draftrag/pkg/draftrag/pgvector_migrate.go:255.2,255.12 1 0
github.com/bzdvdn/draftrag/pkg/draftrag/pgvector_migrate.go:258.107,260.95 2 0
github.com/bzdvdn/draftrag/pkg/draftrag/pgvector_migrate.go:260.95,262.3 1 0
github.com/bzdvdn/draftrag/pkg/draftrag/pgvector_migrate.go:263.2,263.36 1 0
github.com/bzdvdn/draftrag/pkg/draftrag/pgvector_migrate.go:263.36,265.3 1 0
github.com/bzdvdn/draftrag/pkg/draftrag/pgvector_migrate.go:267.2,276.30 2 0
github.com/bzdvdn/draftrag/pkg/draftrag/pgvector_migrate.go:276.30,278.3 1 0
github.com/bzdvdn/draftrag/pkg/draftrag/pgvector_migrate.go:279.2,279.23 1 0
github.com/bzdvdn/draftrag/pkg/draftrag/pgvector_migrate.go:279.23,281.3 1 0
github.com/bzdvdn/draftrag/pkg/draftrag/pgvector_migrate.go:282.2,282.12 1 0
github.com/bzdvdn/draftrag/pkg/draftrag/pgvector_migrate.go:289.95,290.18 1 0
github.com/bzdvdn/draftrag/pkg/draftrag/pgvector_migrate.go:290.18,291.22 1 0
github.com/bzdvdn/draftrag/pkg/draftrag/pgvector_migrate.go:291.23,291.24 0 0
github.com/bzdvdn/draftrag/pkg/draftrag/pgvector_migrate.go:293.2,293.33 1 0
github.com/bzdvdn/draftrag/pkg/draftrag/pgvector_migrate.go:293.33,294.22 1 0
github.com/bzdvdn/draftrag/pkg/draftrag/pgvector_migrate.go:294.23,294.24 0 0
github.com/bzdvdn/draftrag/pkg/draftrag/pgvector_migrate.go:296.2,297.21 2 0
github.com/bzdvdn/draftrag/pkg/draftrag/pgvector_migrations_assets.go:16.54,18.16 2 0
github.com/bzdvdn/draftrag/pkg/draftrag/pgvector_migrations_assets.go:18.16,20.3 1 0
github.com/bzdvdn/draftrag/pkg/draftrag/pgvector_migrations_assets.go:21.2,22.19 2 0
github.com/bzdvdn/draftrag/pkg/draftrag/pgvector_migrations_assets.go:25.62,27.16 2 0
github.com/bzdvdn/draftrag/pkg/draftrag/pgvector_migrations_assets.go:27.16,29.3 1 0
github.com/bzdvdn/draftrag/pkg/draftrag/pgvector_migrations_assets.go:30.2,30.26 1 0
github.com/bzdvdn/draftrag/pkg/draftrag/pgvector_migrations_assets.go:33.92,34.28 1 0
github.com/bzdvdn/draftrag/pkg/draftrag/pgvector_migrations_assets.go:34.28,36.3 1 0
github.com/bzdvdn/draftrag/pkg/draftrag/pgvector_migrations_assets.go:38.2,39.33 2 0
github.com/bzdvdn/draftrag/pkg/draftrag/pgvector_migrations_assets.go:39.33,41.3 1 0
github.com/bzdvdn/draftrag/pkg/draftrag/pgvector_migrations_assets.go:42.2,43.33 2 0
github.com/bzdvdn/draftrag/pkg/draftrag/pgvector_migrations_assets.go:43.33,45.3 1 0
github.com/bzdvdn/draftrag/pkg/draftrag/pgvector_migrations_assets.go:46.2,46.17 1 0
github.com/bzdvdn/draftrag/pkg/draftrag/qdrant.go:30.41,31.24 1 0
github.com/bzdvdn/draftrag/pkg/draftrag/qdrant.go:31.24,33.3 1 0
github.com/bzdvdn/draftrag/pkg/draftrag/qdrant.go:34.2,34.22 1 0
github.com/bzdvdn/draftrag/pkg/draftrag/qdrant.go:34.22,36.3 1 0
github.com/bzdvdn/draftrag/pkg/draftrag/qdrant.go:37.2,37.12 1 0
github.com/bzdvdn/draftrag/pkg/draftrag/qdrant.go:43.62,44.40 1 0
github.com/bzdvdn/draftrag/pkg/draftrag/qdrant.go:44.40,46.3 1 0
github.com/bzdvdn/draftrag/pkg/draftrag/qdrant.go:48.2,49.15 2 0
github.com/bzdvdn/draftrag/pkg/draftrag/qdrant.go:49.15,51.3 1 0
github.com/bzdvdn/draftrag/pkg/draftrag/qdrant.go:53.2,53.78 1 0
github.com/bzdvdn/draftrag/pkg/draftrag/qdrant.go:59.70,60.40 1 0
github.com/bzdvdn/draftrag/pkg/draftrag/qdrant.go:60.40,62.3 1 0
github.com/bzdvdn/draftrag/pkg/draftrag/qdrant.go:64.2,65.15 2 0
github.com/bzdvdn/draftrag/pkg/draftrag/qdrant.go:65.15,67.3 1 0
github.com/bzdvdn/draftrag/pkg/draftrag/qdrant.go:69.2,70.18 2 0
github.com/bzdvdn/draftrag/pkg/draftrag/qdrant.go:70.18,72.3 1 0
github.com/bzdvdn/draftrag/pkg/draftrag/qdrant.go:74.2,85.16 4 0
github.com/bzdvdn/draftrag/pkg/draftrag/qdrant.go:85.16,87.3 1 0
github.com/bzdvdn/draftrag/pkg/draftrag/qdrant.go:89.2,91.16 3 0
github.com/bzdvdn/draftrag/pkg/draftrag/qdrant.go:91.16,93.3 1 0
github.com/bzdvdn/draftrag/pkg/draftrag/qdrant.go:94.2,97.16 3 0
github.com/bzdvdn/draftrag/pkg/draftrag/qdrant.go:97.16,99.3 1 0
github.com/bzdvdn/draftrag/pkg/draftrag/qdrant.go:100.2,102.38 2 0
github.com/bzdvdn/draftrag/pkg/draftrag/qdrant.go:102.38,105.3 2 0
github.com/bzdvdn/draftrag/pkg/draftrag/qdrant.go:107.2,107.12 1 0
github.com/bzdvdn/draftrag/pkg/draftrag/qdrant.go:113.70,114.27 1 0
github.com/bzdvdn/draftrag/pkg/draftrag/qdrant.go:114.27,116.3 1 0
github.com/bzdvdn/draftrag/pkg/draftrag/qdrant.go:118.2,119.15 2 0
github.com/bzdvdn/draftrag/pkg/draftrag/qdrant.go:119.15,121.3 1 0
github.com/bzdvdn/draftrag/pkg/draftrag/qdrant.go:123.2,124.18 2 0
github.com/bzdvdn/draftrag/pkg/draftrag/qdrant.go:124.18,126.3 1 0
github.com/bzdvdn/draftrag/pkg/draftrag/qdrant.go:128.2,132.16 4 0
github.com/bzdvdn/draftrag/pkg/draftrag/qdrant.go:132.16,134.3 1 0
github.com/bzdvdn/draftrag/pkg/draftrag/qdrant.go:136.2,137.16 2 0
github.com/bzdvdn/draftrag/pkg/draftrag/qdrant.go:137.16,139.3 1 0
github.com/bzdvdn/draftrag/pkg/draftrag/qdrant.go:140.2,142.38 2 0
github.com/bzdvdn/draftrag/pkg/draftrag/qdrant.go:142.38,144.45 1 0
github.com/bzdvdn/draftrag/pkg/draftrag/qdrant.go:144.45,146.4 1 0
github.com/bzdvdn/draftrag/pkg/draftrag/qdrant.go:147.3,148.87 2 0
github.com/bzdvdn/draftrag/pkg/draftrag/qdrant.go:151.2,151.12 1 0
github.com/bzdvdn/draftrag/pkg/draftrag/qdrant.go:157.78,158.27 1 0
github.com/bzdvdn/draftrag/pkg/draftrag/qdrant.go:158.27,160.3 1 0
github.com/bzdvdn/draftrag/pkg/draftrag/qdrant.go:162.2,163.15 2 0
github.com/bzdvdn/draftrag/pkg/draftrag/qdrant.go:163.15,165.3 1 0
github.com/bzdvdn/draftrag/pkg/draftrag/qdrant.go:167.2,168.18 2 0
github.com/bzdvdn/draftrag/pkg/draftrag/qdrant.go:168.18,170.3 1 0
github.com/bzdvdn/draftrag/pkg/draftrag/qdrant.go:172.2,176.16 4 0
github.com/bzdvdn/draftrag/pkg/draftrag/qdrant.go:176.16,178.3 1 0
github.com/bzdvdn/draftrag/pkg/draftrag/qdrant.go:180.2,181.16 2 0
github.com/bzdvdn/draftrag/pkg/draftrag/qdrant.go:181.16,183.3 1 0
github.com/bzdvdn/draftrag/pkg/draftrag/qdrant.go:184.2,186.38 2 0
github.com/bzdvdn/draftrag/pkg/draftrag/qdrant.go:186.38,189.3 2 0
github.com/bzdvdn/draftrag/pkg/draftrag/qdrant.go:191.2,195.67 2 0
github.com/bzdvdn/draftrag/pkg/draftrag/qdrant.go:195.67,197.3 1 0
github.com/bzdvdn/draftrag/pkg/draftrag/qdrant.go:199.2,199.27 1 0
github.com/bzdvdn/draftrag/pkg/draftrag/resilience.go:56.96,58.22 2 0
github.com/bzdvdn/draftrag/pkg/draftrag/resilience.go:58.22,60.3 1 0
github.com/bzdvdn/draftrag/pkg/draftrag/resilience.go:62.2,63.21 2 0
github.com/bzdvdn/draftrag/pkg/draftrag/resilience.go:63.21,65.3 1 0
github.com/bzdvdn/draftrag/pkg/draftrag/resilience.go:66.2,66.20 1 0
github.com/bzdvdn/draftrag/pkg/draftrag/resilience.go:66.20,68.3 1 0
github.com/bzdvdn/draftrag/pkg/draftrag/resilience.go:69.2,69.22 1 0
github.com/bzdvdn/draftrag/pkg/draftrag/resilience.go:69.22,71.3 1 0
github.com/bzdvdn/draftrag/pkg/draftrag/resilience.go:72.2,72.24 1 0
github.com/bzdvdn/draftrag/pkg/draftrag/resilience.go:72.24,74.3 1 0
github.com/bzdvdn/draftrag/pkg/draftrag/resilience.go:75.2,78.23 3 0
github.com/bzdvdn/draftrag/pkg/draftrag/resilience.go:78.23,80.3 1 0
github.com/bzdvdn/draftrag/pkg/draftrag/resilience.go:81.2,81.21 1 0
github.com/bzdvdn/draftrag/pkg/draftrag/resilience.go:81.21,83.3 1 0
github.com/bzdvdn/draftrag/pkg/draftrag/resilience.go:85.2,85.16 1 0
github.com/bzdvdn/draftrag/pkg/draftrag/resilience.go:107.69,112.2 2 0
github.com/bzdvdn/draftrag/pkg/draftrag/resilience.go:127.78,132.2 2 0
github.com/bzdvdn/draftrag/pkg/draftrag/search.go:40.59,46.2 1 0
github.com/bzdvdn/draftrag/pkg/draftrag/search.go:49.52,52.2 2 0
github.com/bzdvdn/draftrag/pkg/draftrag/search.go:56.65,59.2 2 0
github.com/bzdvdn/draftrag/pkg/draftrag/search.go:62.65,65.2 2 0
github.com/bzdvdn/draftrag/pkg/draftrag/search.go:69.65,72.2 2 0
github.com/bzdvdn/draftrag/pkg/draftrag/search.go:77.47,80.2 2 0
github.com/bzdvdn/draftrag/pkg/draftrag/search.go:85.58,87.23 2 0
github.com/bzdvdn/draftrag/pkg/draftrag/search.go:87.23,89.3 1 0
github.com/bzdvdn/draftrag/pkg/draftrag/search.go:90.2,90.10 1 0
github.com/bzdvdn/draftrag/pkg/draftrag/search.go:93.52,95.13 2 0
github.com/bzdvdn/draftrag/pkg/draftrag/search.go:95.13,97.3 1 0
github.com/bzdvdn/draftrag/pkg/draftrag/search.go:98.2,98.17 1 0
github.com/bzdvdn/draftrag/pkg/draftrag/search.go:98.17,100.3 1 0
github.com/bzdvdn/draftrag/pkg/draftrag/search.go:101.2,101.15 1 0
github.com/bzdvdn/draftrag/pkg/draftrag/search.go:105.80,106.16 1 0
github.com/bzdvdn/draftrag/pkg/draftrag/search.go:106.16,107.23 1 0
github.com/bzdvdn/draftrag/pkg/draftrag/search.go:109.2,109.34 1 0
github.com/bzdvdn/draftrag/pkg/draftrag/search.go:109.34,111.3 1 0
github.com/bzdvdn/draftrag/pkg/draftrag/search.go:112.2,113.16 2 0
github.com/bzdvdn/draftrag/pkg/draftrag/search.go:113.16,115.3 1 0
github.com/bzdvdn/draftrag/pkg/draftrag/search.go:117.2,117.12 1 0
github.com/bzdvdn/draftrag/pkg/draftrag/search.go:117.12,119.3 1 0
github.com/bzdvdn/draftrag/pkg/draftrag/search.go:120.2,120.22 1 0
github.com/bzdvdn/draftrag/pkg/draftrag/search.go:120.22,122.3 1 0
github.com/bzdvdn/draftrag/pkg/draftrag/search.go:123.2,123.21 1 0
github.com/bzdvdn/draftrag/pkg/draftrag/search.go:123.21,125.56 2 0
github.com/bzdvdn/draftrag/pkg/draftrag/search.go:125.56,127.4 1 0
github.com/bzdvdn/draftrag/pkg/draftrag/search.go:128.3,128.18 1 0
github.com/bzdvdn/draftrag/pkg/draftrag/search.go:130.2,130.26 1 0
github.com/bzdvdn/draftrag/pkg/draftrag/search.go:130.26,132.57 2 0
github.com/bzdvdn/draftrag/pkg/draftrag/search.go:132.57,134.4 1 0
github.com/bzdvdn/draftrag/pkg/draftrag/search.go:135.3,135.18 1 0
github.com/bzdvdn/draftrag/pkg/draftrag/search.go:137.2,137.30 1 0
github.com/bzdvdn/draftrag/pkg/draftrag/search.go:137.30,139.57 2 0
github.com/bzdvdn/draftrag/pkg/draftrag/search.go:139.57,141.4 1 0
github.com/bzdvdn/draftrag/pkg/draftrag/search.go:142.3,142.18 1 0
github.com/bzdvdn/draftrag/pkg/draftrag/search.go:144.2,144.46 1 0
github.com/bzdvdn/draftrag/pkg/draftrag/search.go:148.69,149.16 1 0
github.com/bzdvdn/draftrag/pkg/draftrag/search.go:149.16,150.23 1 0
github.com/bzdvdn/draftrag/pkg/draftrag/search.go:152.2,152.34 1 0
github.com/bzdvdn/draftrag/pkg/draftrag/search.go:152.34,154.3 1 0
github.com/bzdvdn/draftrag/pkg/draftrag/search.go:155.2,156.16 2 0
github.com/bzdvdn/draftrag/pkg/draftrag/search.go:156.16,158.3 1 0
github.com/bzdvdn/draftrag/pkg/draftrag/search.go:160.2,160.12 1 0
github.com/bzdvdn/draftrag/pkg/draftrag/search.go:160.12,162.3 1 0
github.com/bzdvdn/draftrag/pkg/draftrag/search.go:163.2,163.22 1 0
github.com/bzdvdn/draftrag/pkg/draftrag/search.go:163.22,165.3 1 0
github.com/bzdvdn/draftrag/pkg/draftrag/search.go:166.2,166.21 1 0
github.com/bzdvdn/draftrag/pkg/draftrag/search.go:166.21,168.56 2 0
github.com/bzdvdn/draftrag/pkg/draftrag/search.go:168.56,170.4 1 0
github.com/bzdvdn/draftrag/pkg/draftrag/search.go:171.3,171.21 1 0
github.com/bzdvdn/draftrag/pkg/draftrag/search.go:173.2,173.26 1 0
github.com/bzdvdn/draftrag/pkg/draftrag/search.go:173.26,175.57 2 0
github.com/bzdvdn/draftrag/pkg/draftrag/search.go:175.57,177.4 1 0
github.com/bzdvdn/draftrag/pkg/draftrag/search.go:178.3,178.21 1 0
github.com/bzdvdn/draftrag/pkg/draftrag/search.go:180.2,180.30 1 0
github.com/bzdvdn/draftrag/pkg/draftrag/search.go:180.30,182.57 2 0
github.com/bzdvdn/draftrag/pkg/draftrag/search.go:182.57,184.4 1 0
github.com/bzdvdn/draftrag/pkg/draftrag/search.go:185.3,185.21 1 0
github.com/bzdvdn/draftrag/pkg/draftrag/search.go:187.2,187.47 1 0
github.com/bzdvdn/draftrag/pkg/draftrag/search.go:192.84,193.16 1 0
github.com/bzdvdn/draftrag/pkg/draftrag/search.go:193.16,194.23 1 0
github.com/bzdvdn/draftrag/pkg/draftrag/search.go:196.2,196.34 1 0
github.com/bzdvdn/draftrag/pkg/draftrag/search.go:196.34,198.3 1 0
github.com/bzdvdn/draftrag/pkg/draftrag/search.go:199.2,200.16 2 0
github.com/bzdvdn/draftrag/pkg/draftrag/search.go:200.16,202.3 1 0
github.com/bzdvdn/draftrag/pkg/draftrag/search.go:204.2,204.12 1 0
github.com/bzdvdn/draftrag/pkg/draftrag/search.go:204.12,206.3 1 0
github.com/bzdvdn/draftrag/pkg/draftrag/search.go:207.2,207.22 1 0
github.com/bzdvdn/draftrag/pkg/draftrag/search.go:207.22,209.3 1 0
github.com/bzdvdn/draftrag/pkg/draftrag/search.go:210.2,210.21 1 0
github.com/bzdvdn/draftrag/pkg/draftrag/search.go:210.21,212.56 2 0
github.com/bzdvdn/draftrag/pkg/draftrag/search.go:212.56,214.4 1 0
github.com/bzdvdn/draftrag/pkg/draftrag/search.go:215.3,215.30 1 0
github.com/bzdvdn/draftrag/pkg/draftrag/search.go:217.2,217.26 1 0
github.com/bzdvdn/draftrag/pkg/draftrag/search.go:217.26,219.57 2 0
github.com/bzdvdn/draftrag/pkg/draftrag/search.go:219.57,221.4 1 0
github.com/bzdvdn/draftrag/pkg/draftrag/search.go:222.3,222.30 1 0
github.com/bzdvdn/draftrag/pkg/draftrag/search.go:224.2,224.30 1 0
github.com/bzdvdn/draftrag/pkg/draftrag/search.go:224.30,226.57 2 0
github.com/bzdvdn/draftrag/pkg/draftrag/search.go:226.57,228.4 1 0
github.com/bzdvdn/draftrag/pkg/draftrag/search.go:229.3,229.30 1 0
github.com/bzdvdn/draftrag/pkg/draftrag/search.go:231.2,231.60 1 0
github.com/bzdvdn/draftrag/pkg/draftrag/search.go:237.108,238.16 1 0
github.com/bzdvdn/draftrag/pkg/draftrag/search.go:238.16,239.23 1 0
github.com/bzdvdn/draftrag/pkg/draftrag/search.go:241.2,241.34 1 0
github.com/bzdvdn/draftrag/pkg/draftrag/search.go:241.34,243.3 1 0
github.com/bzdvdn/draftrag/pkg/draftrag/search.go:244.2,245.16 2 0
github.com/bzdvdn/draftrag/pkg/draftrag/search.go:245.16,247.3 1 0
github.com/bzdvdn/draftrag/pkg/draftrag/search.go:249.2,249.12 1 0
github.com/bzdvdn/draftrag/pkg/draftrag/search.go:249.12,251.3 1 0
github.com/bzdvdn/draftrag/pkg/draftrag/search.go:252.2,252.22 1 0
github.com/bzdvdn/draftrag/pkg/draftrag/search.go:252.22,254.3 1 0
github.com/bzdvdn/draftrag/pkg/draftrag/search.go:255.2,255.21 1 0
github.com/bzdvdn/draftrag/pkg/draftrag/search.go:255.21,257.56 2 0
github.com/bzdvdn/draftrag/pkg/draftrag/search.go:257.56,259.4 1 0
github.com/bzdvdn/draftrag/pkg/draftrag/search.go:260.3,260.41 1 0
github.com/bzdvdn/draftrag/pkg/draftrag/search.go:262.2,262.26 1 0
github.com/bzdvdn/draftrag/pkg/draftrag/search.go:262.26,264.57 2 0
github.com/bzdvdn/draftrag/pkg/draftrag/search.go:264.57,266.4 1 0
github.com/bzdvdn/draftrag/pkg/draftrag/search.go:267.3,267.41 1 0
github.com/bzdvdn/draftrag/pkg/draftrag/search.go:269.2,269.30 1 0
github.com/bzdvdn/draftrag/pkg/draftrag/search.go:269.30,272.57 2 0
github.com/bzdvdn/draftrag/pkg/draftrag/search.go:272.57,274.4 1 0
github.com/bzdvdn/draftrag/pkg/draftrag/search.go:275.3,275.41 1 0
github.com/bzdvdn/draftrag/pkg/draftrag/search.go:277.2,277.66 1 0
github.com/bzdvdn/draftrag/pkg/draftrag/search.go:283.76,284.16 1 0
github.com/bzdvdn/draftrag/pkg/draftrag/search.go:284.16,285.23 1 0
github.com/bzdvdn/draftrag/pkg/draftrag/search.go:287.2,287.34 1 0
github.com/bzdvdn/draftrag/pkg/draftrag/search.go:287.34,289.3 1 0
github.com/bzdvdn/draftrag/pkg/draftrag/search.go:290.2,291.16 2 0
github.com/bzdvdn/draftrag/pkg/draftrag/search.go:291.16,293.3 1 0
github.com/bzdvdn/draftrag/pkg/draftrag/search.go:295.2,295.12 1 0
github.com/bzdvdn/draftrag/pkg/draftrag/search.go:295.12,297.59 2 0
github.com/bzdvdn/draftrag/pkg/draftrag/search.go:297.59,299.4 1 0
github.com/bzdvdn/draftrag/pkg/draftrag/search.go:300.3,300.24 1 0
github.com/bzdvdn/draftrag/pkg/draftrag/search.go:302.2,302.22 1 0
github.com/bzdvdn/draftrag/pkg/draftrag/search.go:302.22,304.59 2 0
github.com/bzdvdn/draftrag/pkg/draftrag/search.go:304.59,306.4 1 0
github.com/bzdvdn/draftrag/pkg/draftrag/search.go:307.3,307.24 1 0
github.com/bzdvdn/draftrag/pkg/draftrag/search.go:309.2,309.21 1 0
github.com/bzdvdn/draftrag/pkg/draftrag/search.go:309.21,311.56 2 0
github.com/bzdvdn/draftrag/pkg/draftrag/search.go:311.56,313.4 1 0
github.com/bzdvdn/draftrag/pkg/draftrag/search.go:314.3,314.59 1 0
github.com/bzdvdn/draftrag/pkg/draftrag/search.go:314.59,316.4 1 0
github.com/bzdvdn/draftrag/pkg/draftrag/search.go:317.3,317.24 1 0
github.com/bzdvdn/draftrag/pkg/draftrag/search.go:319.2,319.26 1 0
github.com/bzdvdn/draftrag/pkg/draftrag/search.go:319.26,321.57 2 0
github.com/bzdvdn/draftrag/pkg/draftrag/search.go:321.57,323.4 1 0
github.com/bzdvdn/draftrag/pkg/draftrag/search.go:324.3,324.59 1 0
github.com/bzdvdn/draftrag/pkg/draftrag/search.go:324.59,326.4 1 0
github.com/bzdvdn/draftrag/pkg/draftrag/search.go:327.3,327.24 1 0
github.com/bzdvdn/draftrag/pkg/draftrag/search.go:329.2,329.30 1 0
github.com/bzdvdn/draftrag/pkg/draftrag/search.go:329.30,331.57 2 0
github.com/bzdvdn/draftrag/pkg/draftrag/search.go:331.57,333.4 1 0
github.com/bzdvdn/draftrag/pkg/draftrag/search.go:334.3,334.59 1 0
github.com/bzdvdn/draftrag/pkg/draftrag/search.go:334.59,336.4 1 0
github.com/bzdvdn/draftrag/pkg/draftrag/search.go:337.3,337.24 1 0
github.com/bzdvdn/draftrag/pkg/draftrag/search.go:339.2,340.58 2 0
github.com/bzdvdn/draftrag/pkg/draftrag/search.go:340.58,342.3 1 0
github.com/bzdvdn/draftrag/pkg/draftrag/search.go:343.2,343.23 1 0
github.com/bzdvdn/draftrag/pkg/draftrag/search.go:352.100,353.16 1 0
github.com/bzdvdn/draftrag/pkg/draftrag/search.go:353.16,354.23 1 0
github.com/bzdvdn/draftrag/pkg/draftrag/search.go:356.2,356.34 1 0
github.com/bzdvdn/draftrag/pkg/draftrag/search.go:356.34,358.3 1 0
github.com/bzdvdn/draftrag/pkg/draftrag/search.go:359.2,360.16 2 0
github.com/bzdvdn/draftrag/pkg/draftrag/search.go:360.16,362.3 1 0
github.com/bzdvdn/draftrag/pkg/draftrag/search.go:364.2,364.12 1 0
github.com/bzdvdn/draftrag/pkg/draftrag/search.go:364.12,366.59 2 0
github.com/bzdvdn/draftrag/pkg/draftrag/search.go:366.59,368.4 1 0
github.com/bzdvdn/draftrag/pkg/draftrag/search.go:369.3,369.33 1 0
github.com/bzdvdn/draftrag/pkg/draftrag/search.go:371.2,371.22 1 0
github.com/bzdvdn/draftrag/pkg/draftrag/search.go:371.22,373.59 2 0
github.com/bzdvdn/draftrag/pkg/draftrag/search.go:373.59,375.4 1 0
github.com/bzdvdn/draftrag/pkg/draftrag/search.go:376.3,376.33 1 0
github.com/bzdvdn/draftrag/pkg/draftrag/search.go:378.2,378.21 1 0
github.com/bzdvdn/draftrag/pkg/draftrag/search.go:378.21,380.56 2 0
github.com/bzdvdn/draftrag/pkg/draftrag/search.go:380.56,382.4 1 0
github.com/bzdvdn/draftrag/pkg/draftrag/search.go:383.3,383.59 1 0
github.com/bzdvdn/draftrag/pkg/draftrag/search.go:383.59,385.4 1 0
github.com/bzdvdn/draftrag/pkg/draftrag/search.go:386.3,386.33 1 0
github.com/bzdvdn/draftrag/pkg/draftrag/search.go:388.2,388.26 1 0
github.com/bzdvdn/draftrag/pkg/draftrag/search.go:388.26,390.57 2 0
github.com/bzdvdn/draftrag/pkg/draftrag/search.go:390.57,392.4 1 0
github.com/bzdvdn/draftrag/pkg/draftrag/search.go:393.3,393.59 1 0
github.com/bzdvdn/draftrag/pkg/draftrag/search.go:393.59,395.4 1 0
github.com/bzdvdn/draftrag/pkg/draftrag/search.go:396.3,396.33 1 0
github.com/bzdvdn/draftrag/pkg/draftrag/search.go:398.2,398.30 1 0
github.com/bzdvdn/draftrag/pkg/draftrag/search.go:398.30,400.57 2 0
github.com/bzdvdn/draftrag/pkg/draftrag/search.go:400.57,402.4 1 0
github.com/bzdvdn/draftrag/pkg/draftrag/search.go:403.3,403.59 1 0
github.com/bzdvdn/draftrag/pkg/draftrag/search.go:403.59,405.4 1 0
github.com/bzdvdn/draftrag/pkg/draftrag/search.go:406.3,406.33 1 0
github.com/bzdvdn/draftrag/pkg/draftrag/search.go:408.2,409.58 2 0
github.com/bzdvdn/draftrag/pkg/draftrag/search.go:409.58,411.3 1 0
github.com/bzdvdn/draftrag/pkg/draftrag/search.go:412.2,412.32 1 0
github.com/bzdvdn/draftrag/pkg/draftrag/search.go:419.115,420.16 1 0
github.com/bzdvdn/draftrag/pkg/draftrag/search.go:420.16,421.23 1 0
github.com/bzdvdn/draftrag/pkg/draftrag/search.go:423.2,423.34 1 0
github.com/bzdvdn/draftrag/pkg/draftrag/search.go:423.34,425.3 1 0
github.com/bzdvdn/draftrag/pkg/draftrag/search.go:426.2,427.16 2 0
github.com/bzdvdn/draftrag/pkg/draftrag/search.go:427.16,429.3 1 0
github.com/bzdvdn/draftrag/pkg/draftrag/search.go:431.2,431.12 1 0
github.com/bzdvdn/draftrag/pkg/draftrag/search.go:431.12,433.59 2 0
github.com/bzdvdn/draftrag/pkg/draftrag/search.go:433.59,435.4 1 0
github.com/bzdvdn/draftrag/pkg/draftrag/search.go:436.3,436.44 1 0
github.com/bzdvdn/draftrag/pkg/draftrag/search.go:438.2,438.22 1 0
github.com/bzdvdn/draftrag/pkg/draftrag/search.go:438.22,440.59 2 0
github.com/bzdvdn/draftrag/pkg/draftrag/search.go:440.59,442.4 1 0
github.com/bzdvdn/draftrag/pkg/draftrag/search.go:443.3,443.44 1 0
github.com/bzdvdn/draftrag/pkg/draftrag/search.go:445.2,445.21 1 0
github.com/bzdvdn/draftrag/pkg/draftrag/search.go:445.21,447.56 2 0
github.com/bzdvdn/draftrag/pkg/draftrag/search.go:447.56,449.4 1 0
github.com/bzdvdn/draftrag/pkg/draftrag/search.go:450.3,450.59 1 0
github.com/bzdvdn/draftrag/pkg/draftrag/search.go:450.59,452.4 1 0
github.com/bzdvdn/draftrag/pkg/draftrag/search.go:453.3,453.44 1 0
github.com/bzdvdn/draftrag/pkg/draftrag/search.go:455.2,455.26 1 0
github.com/bzdvdn/draftrag/pkg/draftrag/search.go:455.26,457.57 2 0
github.com/bzdvdn/draftrag/pkg/draftrag/search.go:457.57,459.4 1 0
github.com/bzdvdn/draftrag/pkg/draftrag/search.go:460.3,460.59 1 0
github.com/bzdvdn/draftrag/pkg/draftrag/search.go:460.59,462.4 1 0
github.com/bzdvdn/draftrag/pkg/draftrag/search.go:463.3,463.44 1 0
github.com/bzdvdn/draftrag/pkg/draftrag/search.go:465.2,465.30 1 0
github.com/bzdvdn/draftrag/pkg/draftrag/search.go:465.30,467.57 2 0
github.com/bzdvdn/draftrag/pkg/draftrag/search.go:467.57,469.4 1 0
github.com/bzdvdn/draftrag/pkg/draftrag/search.go:470.3,470.59 1 0
github.com/bzdvdn/draftrag/pkg/draftrag/search.go:470.59,472.4 1 0
github.com/bzdvdn/draftrag/pkg/draftrag/search.go:473.3,473.44 1 0
github.com/bzdvdn/draftrag/pkg/draftrag/search.go:475.2,476.58 2 0
github.com/bzdvdn/draftrag/pkg/draftrag/search.go:476.58,478.3 1 0
github.com/bzdvdn/draftrag/pkg/draftrag/search.go:479.2,479.43 1 0
github.com/bzdvdn/draftrag/pkg/draftrag/weaviate.go:33.43,34.18 1 1
github.com/bzdvdn/draftrag/pkg/draftrag/weaviate.go:34.18,36.3 1 1
github.com/bzdvdn/draftrag/pkg/draftrag/weaviate.go:37.2,37.24 1 1
github.com/bzdvdn/draftrag/pkg/draftrag/weaviate.go:37.24,39.3 1 1
github.com/bzdvdn/draftrag/pkg/draftrag/weaviate.go:40.2,40.12 1 1
github.com/bzdvdn/draftrag/pkg/draftrag/weaviate.go:44.42,45.20 1 1
github.com/bzdvdn/draftrag/pkg/draftrag/weaviate.go:45.20,47.3 1 1
github.com/bzdvdn/draftrag/pkg/draftrag/weaviate.go:48.2,48.17 1 1
github.com/bzdvdn/draftrag/pkg/draftrag/weaviate.go:52.43,54.2 1 1
github.com/bzdvdn/draftrag/pkg/draftrag/weaviate.go:60.66,61.40 1 1
github.com/bzdvdn/draftrag/pkg/draftrag/weaviate.go:61.40,63.3 1 1
github.com/bzdvdn/draftrag/pkg/draftrag/weaviate.go:64.2,64.98 1 1
github.com/bzdvdn/draftrag/pkg/draftrag/weaviate.go:71.80,72.40 1 1
github.com/bzdvdn/draftrag/pkg/draftrag/weaviate.go:72.40,74.3 1 0
github.com/bzdvdn/draftrag/pkg/draftrag/weaviate.go:76.2,77.18 2 1
github.com/bzdvdn/draftrag/pkg/draftrag/weaviate.go:77.18,79.3 1 1
github.com/bzdvdn/draftrag/pkg/draftrag/weaviate.go:80.2,95.16 4 1
github.com/bzdvdn/draftrag/pkg/draftrag/weaviate.go:95.16,97.3 1 0
github.com/bzdvdn/draftrag/pkg/draftrag/weaviate.go:99.2,101.16 3 1
github.com/bzdvdn/draftrag/pkg/draftrag/weaviate.go:101.16,103.3 1 0
github.com/bzdvdn/draftrag/pkg/draftrag/weaviate.go:104.2,105.23 2 1
github.com/bzdvdn/draftrag/pkg/draftrag/weaviate.go:105.23,107.3 1 1
github.com/bzdvdn/draftrag/pkg/draftrag/weaviate.go:109.2,110.16 2 1
github.com/bzdvdn/draftrag/pkg/draftrag/weaviate.go:110.16,112.3 1 1
github.com/bzdvdn/draftrag/pkg/draftrag/weaviate.go:113.2,116.91 2 1
github.com/bzdvdn/draftrag/pkg/draftrag/weaviate.go:116.91,118.3 1 1
github.com/bzdvdn/draftrag/pkg/draftrag/weaviate.go:120.2,122.88 3 1
github.com/bzdvdn/draftrag/pkg/draftrag/weaviate.go:129.80,130.27 1 1
github.com/bzdvdn/draftrag/pkg/draftrag/weaviate.go:130.27,132.3 1 0
github.com/bzdvdn/draftrag/pkg/draftrag/weaviate.go:134.2,135.18 2 1
github.com/bzdvdn/draftrag/pkg/draftrag/weaviate.go:135.18,137.3 1 1
github.com/bzdvdn/draftrag/pkg/draftrag/weaviate.go:138.2,142.16 4 1
github.com/bzdvdn/draftrag/pkg/draftrag/weaviate.go:142.16,144.3 1 0
github.com/bzdvdn/draftrag/pkg/draftrag/weaviate.go:145.2,145.23 1 1
github.com/bzdvdn/draftrag/pkg/draftrag/weaviate.go:145.23,147.3 1 0
github.com/bzdvdn/draftrag/pkg/draftrag/weaviate.go:149.2,150.16 2 1
github.com/bzdvdn/draftrag/pkg/draftrag/weaviate.go:150.16,152.3 1 1
github.com/bzdvdn/draftrag/pkg/draftrag/weaviate.go:153.2,155.80 2 1
github.com/bzdvdn/draftrag/pkg/draftrag/weaviate.go:155.80,157.3 1 1
github.com/bzdvdn/draftrag/pkg/draftrag/weaviate.go:159.2,161.88 3 1
github.com/bzdvdn/draftrag/pkg/draftrag/weaviate.go:168.88,169.27 1 1
github.com/bzdvdn/draftrag/pkg/draftrag/weaviate.go:169.27,171.3 1 0
github.com/bzdvdn/draftrag/pkg/draftrag/weaviate.go:173.2,174.18 2 1
github.com/bzdvdn/draftrag/pkg/draftrag/weaviate.go:174.18,176.3 1 1
github.com/bzdvdn/draftrag/pkg/draftrag/weaviate.go:177.2,181.16 4 1
github.com/bzdvdn/draftrag/pkg/draftrag/weaviate.go:181.16,183.3 1 0
github.com/bzdvdn/draftrag/pkg/draftrag/weaviate.go:184.2,184.23 1 1
github.com/bzdvdn/draftrag/pkg/draftrag/weaviate.go:184.23,186.3 1 0
github.com/bzdvdn/draftrag/pkg/draftrag/weaviate.go:188.2,189.16 2 1
github.com/bzdvdn/draftrag/pkg/draftrag/weaviate.go:189.16,191.3 1 1
github.com/bzdvdn/draftrag/pkg/draftrag/weaviate.go:192.2,194.38 2 1
github.com/bzdvdn/draftrag/pkg/draftrag/weaviate.go:194.38,196.3 1 1
github.com/bzdvdn/draftrag/pkg/draftrag/weaviate.go:197.2,197.44 1 1
github.com/bzdvdn/draftrag/pkg/draftrag/weaviate.go:197.44,199.3 1 1
github.com/bzdvdn/draftrag/pkg/draftrag/weaviate.go:201.2,203.95 3 1
